#
# There is insufficient memory for the Java Runtime Environment to continue.
# Native memory allocation (mmap) failed to map 146800640 bytes for G1 virtual space
# Possible reasons:
#   The system is out of physical RAM or swap space
#   The process is running with CompressedOops enabled, and the Java Heap may be blocking the growth of the native heap
# Possible solutions:
#   Reduce memory load on the system
#   Increase physical memory or swap space
#   Check if swap backing store is full
#   Decrease Java heap size (-Xmx/-Xms)
#   Decrease number of Java threads
#   Decrease Java thread stack sizes (-Xss)
#   Set larger code cache with -XX:ReservedCodeCacheSize=
#   JVM is running with Unscaled Compressed Oops mode in which the Java heap is
#     placed in the first 4GB address space. The Java Heap base address is the
#     maximum limit for the native heap growth. Please use -XX:HeapBaseMinAddress
#     to set the Java Heap base and to place the Java Heap above 4GB virtual address.
# This output file may be truncated or incomplete.
#
#  Out of Memory Error (os_windows.cpp:3825), pid=22476, tid=1980
#
# JRE version: OpenJDK Runtime Environment (17.0.9) (build 17.0.9+0--11185874)
# Java VM: OpenJDK 64-Bit Server VM (17.0.9+0--11185874, mixed mode, tiered, compressed oops, compressed class ptrs, g1 gc, windows-amd64)
# No core dump will be written. Minidumps are not enabled by default on client versions of Windows
#

---------------  S U M M A R Y ------------

Command Line: --add-opens=java.base/java.util=ALL-UNNAMED --add-opens=java.base/java.lang=ALL-UNNAMED --add-opens=java.base/java.lang.invoke=ALL-UNNAMED --add-opens=java.prefs/java.util.prefs=ALL-UNNAMED --add-opens=java.base/java.nio.charset=ALL-UNNAMED --add-opens=java.base/java.net=ALL-UNNAMED --add-opens=java.base/java.util.concurrent.atomic=ALL-UNNAMED -Xmx2048m -Dfile.encoding=UTF-8 -Duser.country=IN -Duser.language=en -Duser.variant -javaagent:C:\Users\Bharath Sai\.gradle\wrapper\dists\gradle-8.4-bin\1w5dpkrfk8irigvoxmyhowfim\gradle-8.4\lib\agents\gradle-instrumentation-agent-8.4.jar org.gradle.launcher.daemon.bootstrap.GradleDaemon 8.4

Host: Intel(R) Core(TM) i7-10870H CPU @ 2.20GHz, 16 cores, 7G,  Windows 11 , 64 bit Build 22621 (10.0.22621.3672)
Time: Sun Jun 30 16:55:10 2024 India Standard Time elapsed time: 10.320105 seconds (0d 0h 0m 10s)

---------------  T H R E A D  ---------------

Current thread (0x000001fca619e870):  VMThread "VM Thread" [stack: 0x000000167ea00000,0x000000167eb00000] [id=1980]

Stack: [0x000000167ea00000,0x000000167eb00000]
Native frames: (J=compiled Java code, j=interpreted, Vv=VM code, C=native code)
V  [jvm.dll+0x6886e9]
V  [jvm.dll+0x841e4a]
V  [jvm.dll+0x843a8e]
V  [jvm.dll+0x8440f3]
V  [jvm.dll+0x24c14f]
V  [jvm.dll+0x685499]
V  [jvm.dll+0x679c2a]
V  [jvm.dll+0x30cf9b]
V  [jvm.dll+0x314446]
V  [jvm.dll+0x36425e]
V  [jvm.dll+0x36448f]
V  [jvm.dll+0x2e2d68]
V  [jvm.dll+0x2e0f44]
V  [jvm.dll+0x2e054c]
V  [jvm.dll+0x3253fb]
V  [jvm.dll+0x8487eb]
V  [jvm.dll+0x849531]
V  [jvm.dll+0x849a4d]
V  [jvm.dll+0x849e24]
V  [jvm.dll+0x849ef0]
V  [jvm.dll+0x7f06aa]
V  [jvm.dll+0x687565]
C  [ucrtbase.dll+0x29333]
C  [KERNEL32.DLL+0x1257d]
C  [ntdll.dll+0x5af28]

VM_Operation (0x00000016006f0920): G1CollectForAllocation, mode: safepoint, requested by thread 0x000001fcac794460


---------------  P R O C E S S  ---------------

Threads class SMR info:
_java_thread_list=0x000001fcb0541cb0, length=70, elements={
0x000001fc8ba8e260, 0x000001fca654e020, 0x000001fca654ecb0, 0x000001fca6554190,
0x000001fca6579030, 0x000001fca6579b00, 0x000001fca657c8e0, 0x000001fca657d680,
0x000001fca657e130, 0x000001fca6580b40, 0x000001fca6686020, 0x000001fca6748190,
0x000001fca6843a80, 0x000001fcab549860, 0x000001fcabdc3950, 0x000001fcad10c0c0,
0x000001fcac26e720, 0x000001fcac6d0dc0, 0x000001fcabebad20, 0x000001fcabebc330,
0x000001fcac793020, 0x000001fcac794460, 0x000001fcac793a40, 0x000001fcac793530,
0x000001fcac793f50, 0x000001fcad57bd20, 0x000001fcad5794a0, 0x000001fcad57e090,
0x000001fcad578a80, 0x000001fcad57eab0, 0x000001fcad57d160, 0x000001fcad57f4d0,
0x000001fcad57d670, 0x000001fcad578570, 0x000001fcad57e5a0, 0x000001fcad57b810,
0x000001fcad578f90, 0x000001fcad5799b0, 0x000001fcad57adf0, 0x000001fcad57b300,
0x000001fcad57a8e0, 0x000001fcad57efc0, 0x000001fcad578060, 0x000001fcad57a3d0,
0x000001fcad579ec0, 0x000001fcad57c740, 0x000001fcad57c230, 0x000001fcad57db80,
0x000001fcad57cc50, 0x000001fcad57f9e0, 0x000001fcaef98ec0, 0x000001fcaef9d090,
0x000001fcaef998e0, 0x000001fcaef9b740, 0x000001fcaef984a0, 0x000001fcaef9a300,
0x000001fcaef989b0, 0x000001fcaef993d0, 0x000001fcaef9c670, 0x000001fcaef9b230,
0x000001fcaef99df0, 0x000001fcaef9dab0, 0x000001fcaef9ad20, 0x000001fcaef9dfc0,
0x000001fcaef9bc50, 0x000001fcaef9cb80, 0x000001fcaef9d5a0, 0x000001fcaef9e4d0,
0x000001fcaef97570, 0x000001fcaef97060
}

Java Threads: ( => current thread )
  0x000001fc8ba8e260 JavaThread "main" [_thread_blocked, id=18324, stack(0x000000167e400000,0x000000167e500000)]
  0x000001fca654e020 JavaThread "Reference Handler" daemon [_thread_blocked, id=2204, stack(0x000000167eb00000,0x000000167ec00000)]
  0x000001fca654ecb0 JavaThread "Finalizer" daemon [_thread_blocked, id=18156, stack(0x000000167ec00000,0x000000167ed00000)]
  0x000001fca6554190 JavaThread "Signal Dispatcher" daemon [_thread_blocked, id=9168, stack(0x000000167ed00000,0x000000167ee00000)]
  0x000001fca6579030 JavaThread "Attach Listener" daemon [_thread_blocked, id=9452, stack(0x000000167ee00000,0x000000167ef00000)]
  0x000001fca6579b00 JavaThread "Service Thread" daemon [_thread_blocked, id=14540, stack(0x000000167ef00000,0x000000167f000000)]
  0x000001fca657c8e0 JavaThread "Monitor Deflation Thread" daemon [_thread_blocked, id=21956, stack(0x000000167f000000,0x000000167f100000)]
  0x000001fca657d680 JavaThread "C2 CompilerThread0" daemon [_thread_blocked, id=3896, stack(0x000000167f100000,0x000000167f200000)]
  0x000001fca657e130 JavaThread "C1 CompilerThread0" daemon [_thread_blocked, id=12684, stack(0x000000167f200000,0x000000167f300000)]
  0x000001fca6580b40 JavaThread "Sweeper thread" daemon [_thread_blocked, id=27520, stack(0x000000167f300000,0x000000167f400000)]
  0x000001fca6686020 JavaThread "Common-Cleaner" daemon [_thread_blocked, id=8448, stack(0x000000167f400000,0x000000167f500000)]
  0x000001fca6748190 JavaThread "C1 CompilerThread1" daemon [_thread_blocked, id=14648, stack(0x000000167f500000,0x000000167f600000)]
  0x000001fca6843a80 JavaThread "Notification Thread" daemon [_thread_blocked, id=20640, stack(0x000000167f600000,0x000000167f700000)]
  0x000001fcab549860 JavaThread "C1 CompilerThread2" daemon [_thread_blocked, id=14472, stack(0x000000167fa00000,0x000000167fb00000)]
  0x000001fcabdc3950 JavaThread "C1 CompilerThread3" daemon [_thread_blocked, id=26952, stack(0x000000167fb00000,0x000000167fc00000)]
  0x000001fcad10c0c0 JavaThread "Daemon health stats" [_thread_blocked, id=9124, stack(0x0000001600000000,0x0000001600100000)]
  0x000001fcac26e720 JavaThread "Incoming local TCP Connector on port 51092" [_thread_in_native, id=25036, stack(0x0000001600100000,0x0000001600200000)]
  0x000001fcac6d0dc0 JavaThread "Daemon periodic checks" [_thread_blocked, id=11484, stack(0x0000001600200000,0x0000001600300000)]
  0x000001fcabebad20 JavaThread "Daemon" [_thread_blocked, id=26108, stack(0x0000001600300000,0x0000001600400000)]
  0x000001fcabebc330 JavaThread "Handler for socket connection from /127.0.0.1:51092 to /127.0.0.1:51093" [_thread_in_native, id=23432, stack(0x0000001600400000,0x0000001600500000)]
  0x000001fcac793020 JavaThread "Cancel handler" [_thread_blocked, id=26640, stack(0x0000001600500000,0x0000001600600000)]
  0x000001fcac794460 JavaThread "Daemon worker" [_thread_blocked, id=25808, stack(0x0000001600600000,0x0000001600700000)]
  0x000001fcac793a40 JavaThread "Asynchronous log dispatcher for DefaultDaemonConnection: socket connection from /127.0.0.1:51092 to /127.0.0.1:51093" [_thread_blocked, id=20728, stack(0x0000001600700000,0x0000001600800000)]
  0x000001fcac793530 JavaThread "Stdin handler" [_thread_blocked, id=25960, stack(0x0000001600800000,0x0000001600900000)]
  0x000001fcac793f50 JavaThread "Daemon client event forwarder" [_thread_blocked, id=7540, stack(0x0000001600900000,0x0000001600a00000)]
  0x000001fcad57bd20 JavaThread "Cache worker for journal cache (C:\Users\Bharath Sai\.gradle\caches\journal-1)" [_thread_blocked, id=26844, stack(0x0000001601400000,0x0000001601500000)]
  0x000001fcad5794a0 JavaThread "File lock request listener" [_thread_in_native, id=25276, stack(0x0000001601500000,0x0000001601600000)]
  0x000001fcad57e090 JavaThread "Cache worker for file hash cache (C:\Users\Bharath Sai\.gradle\caches\8.4\fileHashes)" [_thread_blocked, id=16608, stack(0x0000001601600000,0x0000001601700000)]
  0x000001fcad578a80 JavaThread "File watcher server" daemon [_thread_blocked, id=24388, stack(0x0000001601800000,0x0000001601900000)]
  0x000001fcad57eab0 JavaThread "File watcher consumer" daemon [_thread_blocked, id=21180, stack(0x0000001601900000,0x0000001601a00000)]
  0x000001fcad57d160 JavaThread "jar transforms" [_thread_blocked, id=12432, stack(0x0000001601a00000,0x0000001601b00000)]
  0x000001fcad57f4d0 JavaThread "jar transforms Thread 2" [_thread_blocked, id=25868, stack(0x0000001601b00000,0x0000001601c00000)]
  0x000001fcad57d670 JavaThread "jar transforms Thread 3" [_thread_blocked, id=20528, stack(0x0000001601c00000,0x0000001601d00000)]
  0x000001fcad578570 JavaThread "jar transforms Thread 4" [_thread_blocked, id=12128, stack(0x0000001601d00000,0x0000001601e00000)]
  0x000001fcad57e5a0 JavaThread "jar transforms Thread 5" [_thread_blocked, id=13340, stack(0x0000001601e00000,0x0000001601f00000)]
  0x000001fcad57b810 JavaThread "jar transforms Thread 6" [_thread_blocked, id=4880, stack(0x0000001601f00000,0x0000001602000000)]
  0x000001fcad578f90 JavaThread "jar transforms Thread 7" [_thread_blocked, id=13976, stack(0x0000001602000000,0x0000001602100000)]
  0x000001fcad5799b0 JavaThread "jar transforms Thread 8" [_thread_blocked, id=21784, stack(0x0000001602100000,0x0000001602200000)]
  0x000001fcad57adf0 JavaThread "jar transforms Thread 9" [_thread_blocked, id=19976, stack(0x0000001602200000,0x0000001602300000)]
  0x000001fcad57b300 JavaThread "jar transforms Thread 10" [_thread_blocked, id=22500, stack(0x0000001602300000,0x0000001602400000)]
  0x000001fcad57a8e0 JavaThread "jar transforms Thread 11" [_thread_blocked, id=8556, stack(0x0000001602400000,0x0000001602500000)]
  0x000001fcad57efc0 JavaThread "jar transforms Thread 12" [_thread_blocked, id=8672, stack(0x0000001602500000,0x0000001602600000)]
  0x000001fcad578060 JavaThread "jar transforms Thread 13" [_thread_blocked, id=23776, stack(0x0000001602600000,0x0000001602700000)]
  0x000001fcad57a3d0 JavaThread "jar transforms Thread 14" [_thread_blocked, id=25564, stack(0x0000001602700000,0x0000001602800000)]
  0x000001fcad579ec0 JavaThread "jar transforms Thread 15" [_thread_blocked, id=23056, stack(0x0000001602800000,0x0000001602900000)]
  0x000001fcad57c740 JavaThread "jar transforms Thread 16" [_thread_blocked, id=6704, stack(0x0000001602900000,0x0000001602a00000)]
  0x000001fcad57c230 JavaThread "Cache worker for checksums cache (C:\Users\Bharath Sai\AndroidStudioProjects\JetpackPractice\.gradle\8.4\checksums)" [_thread_blocked, id=21484, stack(0x0000001602a00000,0x0000001602b00000)]
  0x000001fcad57db80 JavaThread "Cache worker for file hash cache (C:\Users\Bharath Sai\AndroidStudioProjects\JetpackPractice\.gradle\8.4\fileHashes)" [_thread_blocked, id=22908, stack(0x0000001602b00000,0x0000001602c00000)]
  0x000001fcad57cc50 JavaThread "Cache worker for cache directory md-supplier (C:\Users\Bharath Sai\.gradle\caches\8.4\md-supplier)" [_thread_blocked, id=20776, stack(0x0000001602d00000,0x0000001602e00000)]
  0x000001fcad57f9e0 JavaThread "Cache worker for file content cache (C:\Users\Bharath Sai\.gradle\caches\8.4\fileContent)" [_thread_blocked, id=7356, stack(0x0000001602e00000,0x0000001602f00000)]
  0x000001fcaef98ec0 JavaThread "Cache worker for cache directory md-rule (C:\Users\Bharath Sai\.gradle\caches\8.4\md-rule)" [_thread_blocked, id=14876, stack(0x0000001602f00000,0x0000001603000000)]
  0x000001fcaef9d090 JavaThread "Cache worker for execution history cache (C:\Users\Bharath Sai\.gradle\caches\8.4\executionHistory)" [_thread_blocked, id=26356, stack(0x0000001603000000,0x0000001603100000)]
  0x000001fcaef998e0 JavaThread "Cache worker for kotlin-dsl (C:\Users\Bharath Sai\.gradle\caches\8.4\kotlin-dsl)" [_thread_blocked, id=11680, stack(0x0000001603100000,0x0000001603200000)]
  0x000001fcaef9b740 JavaThread "Cache worker for dependencies-accessors (C:\Users\Bharath Sai\AndroidStudioProjects\JetpackPractice\.gradle\8.4\dependencies-accessors)" [_thread_blocked, id=24716, stack(0x0000001603200000,0x0000001603300000)]
  0x000001fcaef984a0 JavaThread "Cache worker for Build Output Cleanup Cache (C:\Users\Bharath Sai\AndroidStudioProjects\JetpackPractice\.gradle\buildOutputCleanup)" [_thread_blocked, id=9996, stack(0x0000001603300000,0x0000001603400000)]
  0x000001fcaef9a300 JavaThread "Unconstrained build operations" [_thread_blocked, id=24612, stack(0x0000001603400000,0x0000001603500000)]
  0x000001fcaef989b0 JavaThread "Unconstrained build operations Thread 2" [_thread_blocked, id=16864, stack(0x0000001603500000,0x0000001603600000)]
  0x000001fcaef993d0 JavaThread "Unconstrained build operations Thread 3" [_thread_blocked, id=17940, stack(0x0000001603600000,0x0000001603700000)]
  0x000001fcaef9c670 JavaThread "Unconstrained build operations Thread 4" [_thread_blocked, id=19936, stack(0x0000001603700000,0x0000001603800000)]
  0x000001fcaef9b230 JavaThread "Unconstrained build operations Thread 5" [_thread_blocked, id=21936, stack(0x0000001603800000,0x0000001603900000)]
  0x000001fcaef99df0 JavaThread "Unconstrained build operations Thread 6" [_thread_blocked, id=9120, stack(0x0000001603900000,0x0000001603a00000)]
  0x000001fcaef9dab0 JavaThread "Unconstrained build operations Thread 7" [_thread_blocked, id=15780, stack(0x0000001603a00000,0x0000001603b00000)]
  0x000001fcaef9ad20 JavaThread "Unconstrained build operations Thread 8" [_thread_blocked, id=10840, stack(0x0000001603b00000,0x0000001603c00000)]
  0x000001fcaef9dfc0 JavaThread "Unconstrained build operations Thread 9" [_thread_blocked, id=5932, stack(0x0000001603c00000,0x0000001603d00000)]
  0x000001fcaef9bc50 JavaThread "Unconstrained build operations Thread 10" [_thread_blocked, id=22084, stack(0x0000001603d00000,0x0000001603e00000)]
  0x000001fcaef9cb80 JavaThread "Unconstrained build operations Thread 11" [_thread_blocked, id=7964, stack(0x0000001603e00000,0x0000001603f00000)]
  0x000001fcaef9d5a0 JavaThread "Unconstrained build operations Thread 12" [_thread_blocked, id=13232, stack(0x0000001603f00000,0x0000001604000000)]
  0x000001fcaef9e4d0 JavaThread "Unconstrained build operations Thread 13" [_thread_blocked, id=27404, stack(0x0000001604000000,0x0000001604100000)]
  0x000001fcaef97570 JavaThread "Unconstrained build operations Thread 14" [_thread_blocked, id=25420, stack(0x0000001604100000,0x0000001604200000)]
  0x000001fcaef97060 JavaThread "Unconstrained build operations Thread 15" [_thread_blocked, id=9336, stack(0x0000001604200000,0x0000001604300000)]

Other Threads:
=>0x000001fca619e870 VMThread "VM Thread" [stack: 0x000000167ea00000,0x000000167eb00000] [id=1980]
  0x000001fc8ba8f0e0 WatcherThread [stack: 0x000000167f700000,0x000000167f800000] [id=6104]
  0x000001fc8baebb90 GCTaskThread "GC Thread#0" [stack: 0x000000167e500000,0x000000167e600000] [id=17868]
  0x000001fcab531fd0 GCTaskThread "GC Thread#1" [stack: 0x000000167fc00000,0x000000167fd00000] [id=3232]
  0x000001fcab532290 GCTaskThread "GC Thread#2" [stack: 0x000000167fd00000,0x000000167fe00000] [id=9584]
  0x000001fcabf95050 GCTaskThread "GC Thread#3" [stack: 0x000000167fe00000,0x000000167ff00000] [id=17124]
  0x000001fcab6852b0 GCTaskThread "GC Thread#4" [stack: 0x000000167ff00000,0x0000001680000000] [id=13092]
  0x000001fcacd3e520 GCTaskThread "GC Thread#5" [stack: 0x0000001600a00000,0x0000001600b00000] [id=21300]
  0x000001fcac9c5920 GCTaskThread "GC Thread#6" [stack: 0x0000001600b00000,0x0000001600c00000] [id=12428]
  0x000001fcad7e4040 GCTaskThread "GC Thread#7" [stack: 0x0000001600c00000,0x0000001600d00000] [id=17128]
  0x000001fcac6d1ac0 GCTaskThread "GC Thread#8" [stack: 0x0000001600d00000,0x0000001600e00000] [id=7160]
  0x000001fcac0ffc00 GCTaskThread "GC Thread#9" [stack: 0x0000001600e00000,0x0000001600f00000] [id=7528]
  0x000001fca68b9a40 GCTaskThread "GC Thread#10" [stack: 0x0000001600f00000,0x0000001601000000] [id=27012]
  0x000001fcac71f900 GCTaskThread "GC Thread#11" [stack: 0x0000001601000000,0x0000001601100000] [id=3540]
  0x000001fcac71fbc0 GCTaskThread "GC Thread#12" [stack: 0x0000001601100000,0x0000001601200000] [id=10596]
  0x000001fc8bafcae0 ConcurrentGCThread "G1 Main Marker" [stack: 0x000000167e600000,0x000000167e700000] [id=7828]
  0x000001fc8bafd500 ConcurrentGCThread "G1 Conc#0" [stack: 0x000000167e700000,0x000000167e800000] [id=27100]
  0x000001fcac71f0c0 ConcurrentGCThread "G1 Conc#1" [stack: 0x0000001601200000,0x0000001601300000] [id=25300]
  0x000001fcac71f380 ConcurrentGCThread "G1 Conc#2" [stack: 0x0000001601300000,0x0000001601400000] [id=22940]
  0x000001fca6035e00 ConcurrentGCThread "G1 Refine#0" [stack: 0x000000167e800000,0x000000167e900000] [id=17848]
  0x000001fcadf796a0 ConcurrentGCThread "G1 Refine#1" [stack: 0x0000001602c00000,0x0000001602d00000] [id=3588]
  0x000001fcafaddcb0 ConcurrentGCThread "G1 Refine#2" [stack: 0x0000001604300000,0x0000001604400000] [id=6320]
  0x000001fcafadfa10 ConcurrentGCThread "G1 Refine#3" [stack: 0x0000001604400000,0x0000001604500000] [id=20904]
  0x000001fcafae02e0 ConcurrentGCThread "G1 Refine#4" [stack: 0x0000001604500000,0x0000001604600000] [id=27464]
  0x000001fcafadd9c0 ConcurrentGCThread "G1 Refine#5" [stack: 0x0000001604600000,0x0000001604700000] [id=4768]
  0x000001fcafadc820 ConcurrentGCThread "G1 Refine#6" [stack: 0x0000001604700000,0x0000001604800000] [id=11848]
  0x000001fcafadcb10 ConcurrentGCThread "G1 Refine#7" [stack: 0x0000001604800000,0x0000001604900000] [id=17164]
  0x000001fcafaddfa0 ConcurrentGCThread "G1 Refine#8" [stack: 0x0000001604900000,0x0000001604a00000] [id=14228]
  0x000001fcafadce00 ConcurrentGCThread "G1 Refine#9" [stack: 0x0000001604a00000,0x0000001604b00000] [id=20664]
  0x000001fcafadd0f0 ConcurrentGCThread "G1 Refine#10" [stack: 0x0000001604b00000,0x0000001604c00000] [id=14444]
  0x000001fca6036640 ConcurrentGCThread "G1 Service" [stack: 0x000000167e900000,0x000000167ea00000] [id=23048]

Threads with active compile tasks:
C2 CompilerThread0    10346 8509       4       java.lang.Class::privateGetPublicMethods (224 bytes)

VM state: at safepoint (normal execution)

VM Mutex/Monitor currently owned by a thread:  ([mutex/lock_event])
[0x000001fc8ba89880] Threads_lock - owner thread: 0x000001fca619e870
[0x000001fc8ba89c70] Heap_lock - owner thread: 0x000001fcac794460

Heap address: 0x0000000080000000, size: 2048 MB, Compressed Oops mode: 32-bit

CDS archive(s) not mapped
Compressed class space mapped at: 0x0000000100000000-0x0000000140000000, reserved size: 1073741824
Narrow klass base: 0x0000000000000000, Narrow klass shift: 3, Narrow klass range: 0x140000000

GC Precious Log:
 CPUs: 16 total, 16 available
 Memory: 8027M
 Large Page Support: Disabled
 NUMA Support: Disabled
 Compressed Oops: Enabled (32-bit)
 Heap Region Size: 1M
 Heap Min Capacity: 8M
 Heap Initial Capacity: 126M
 Heap Max Capacity: 2G
 Pre-touch: Disabled
 Parallel Workers: 13
 Concurrent Workers: 3
 Concurrent Refinement Workers: 13
 Periodic GC: Disabled

Heap:
 garbage-first heap   total 184320K, used 119327K [0x0000000080000000, 0x0000000100000000)
  region size 1024K, 3 young (3072K), 3 survivors (3072K)
 Metaspace       used 89333K, committed 89984K, reserved 1179648K
  class space    used 12117K, committed 12416K, reserved 1048576K

Heap Regions: E=young(eden), S=young(survivor), O=old, HS=humongous(starts), HC=humongous(continues), CS=collection set, F=free, OA=open archive, CA=closed archive, TAMS=top-at-mark-start (previous, next)
|   0|0x0000000080000000, 0x0000000080100000, 0x0000000080100000|100%|HS|  |TAMS 0x0000000080100000, 0x0000000080100000| Complete 
|   1|0x0000000080100000, 0x0000000080200000, 0x0000000080200000|100%|HC|  |TAMS 0x0000000080200000, 0x0000000080200000| Complete 
|   2|0x0000000080200000, 0x0000000080300000, 0x0000000080300000|100%|HC|  |TAMS 0x0000000080300000, 0x0000000080300000| Complete 
|   3|0x0000000080300000, 0x0000000080400000, 0x0000000080400000|100%|HC|  |TAMS 0x0000000080400000, 0x0000000080400000| Complete 
|   4|0x0000000080400000, 0x0000000080500000, 0x0000000080500000|100%|HS|  |TAMS 0x0000000080400000, 0x0000000080500000| Complete 
|   5|0x0000000080500000, 0x0000000080600000, 0x0000000080600000|100%| O|  |TAMS 0x0000000080600000, 0x0000000080600000| Untracked 
|   6|0x0000000080600000, 0x0000000080700000, 0x0000000080700000|100%| O|  |TAMS 0x0000000080700000, 0x0000000080700000| Untracked 
|   7|0x0000000080700000, 0x0000000080800000, 0x0000000080800000|100%| O|  |TAMS 0x0000000080800000, 0x0000000080800000| Untracked 
|   8|0x0000000080800000, 0x0000000080900000, 0x0000000080900000|100%| O|  |TAMS 0x0000000080900000, 0x0000000080900000| Untracked 
|   9|0x0000000080900000, 0x0000000080a00000, 0x0000000080a00000|100%| O|  |TAMS 0x0000000080a00000, 0x0000000080a00000| Untracked 
|  10|0x0000000080a00000, 0x0000000080ab9200, 0x0000000080b00000| 72%| O|  |TAMS 0x0000000080ab9200, 0x0000000080ab9200| Untracked 
|  11|0x0000000080b00000, 0x0000000080c00000, 0x0000000080c00000|100%| O|  |TAMS 0x0000000080c00000, 0x0000000080c00000| Untracked 
|  12|0x0000000080c00000, 0x0000000080d00000, 0x0000000080d00000|100%| O|  |TAMS 0x0000000080d00000, 0x0000000080d00000| Untracked 
|  13|0x0000000080d00000, 0x0000000080e00000, 0x0000000080e00000|100%| O|  |TAMS 0x0000000080e00000, 0x0000000080e00000| Untracked 
|  14|0x0000000080e00000, 0x0000000080f00000, 0x0000000080f00000|100%| O|  |TAMS 0x0000000080f00000, 0x0000000080f00000| Untracked 
|  15|0x0000000080f00000, 0x0000000081000000, 0x0000000081000000|100%| O|  |TAMS 0x0000000081000000, 0x0000000081000000| Untracked 
|  16|0x0000000081000000, 0x0000000081100000, 0x0000000081100000|100%| O|  |TAMS 0x0000000081100000, 0x0000000081100000| Untracked 
|  17|0x0000000081100000, 0x0000000081200000, 0x0000000081200000|100%| O|  |TAMS 0x0000000081200000, 0x0000000081200000| Untracked 
|  18|0x0000000081200000, 0x0000000081300000, 0x0000000081300000|100%| O|  |TAMS 0x0000000081300000, 0x0000000081300000| Untracked 
|  19|0x0000000081300000, 0x0000000081400000, 0x0000000081400000|100%|HS|  |TAMS 0x0000000081400000, 0x0000000081400000| Complete 
|  20|0x0000000081400000, 0x0000000081500000, 0x0000000081500000|100%|HC|  |TAMS 0x0000000081500000, 0x0000000081500000| Complete 
|  21|0x0000000081500000, 0x0000000081600000, 0x0000000081600000|100%|HS|  |TAMS 0x0000000081600000, 0x0000000081600000| Complete 
|  22|0x0000000081600000, 0x0000000081700000, 0x0000000081700000|100%|HC|  |TAMS 0x0000000081700000, 0x0000000081700000| Complete 
|  23|0x0000000081700000, 0x0000000081800000, 0x0000000081800000|100%|HC|  |TAMS 0x0000000081800000, 0x0000000081800000| Complete 
|  24|0x0000000081800000, 0x0000000081900000, 0x0000000081900000|100%|HS|  |TAMS 0x0000000081900000, 0x0000000081900000| Complete 
|  25|0x0000000081900000, 0x0000000081a00000, 0x0000000081a00000|100%|HC|  |TAMS 0x0000000081a00000, 0x0000000081a00000| Complete 
|  26|0x0000000081a00000, 0x0000000081b00000, 0x0000000081b00000|100%|HC|  |TAMS 0x0000000081b00000, 0x0000000081b00000| Complete 
|  27|0x0000000081b00000, 0x0000000081c00000, 0x0000000081c00000|100%|HS|  |TAMS 0x0000000081c00000, 0x0000000081c00000| Complete 
|  28|0x0000000081c00000, 0x0000000081d00000, 0x0000000081d00000|100%|HC|  |TAMS 0x0000000081d00000, 0x0000000081d00000| Complete 
|  29|0x0000000081d00000, 0x0000000081e00000, 0x0000000081e00000|100%|HC|  |TAMS 0x0000000081e00000, 0x0000000081e00000| Complete 
|  30|0x0000000081e00000, 0x0000000081f00000, 0x0000000081f00000|100%| O|  |TAMS 0x0000000081f00000, 0x0000000081f00000| Untracked 
|  31|0x0000000081f00000, 0x0000000082000000, 0x0000000082000000|100%| O|  |TAMS 0x0000000082000000, 0x0000000082000000| Untracked 
|  32|0x0000000082000000, 0x0000000082100000, 0x0000000082100000|100%| O|  |TAMS 0x0000000082100000, 0x0000000082100000| Untracked 
|  33|0x0000000082100000, 0x0000000082200000, 0x0000000082200000|100%| O|  |TAMS 0x0000000082200000, 0x0000000082200000| Untracked 
|  34|0x0000000082200000, 0x0000000082300000, 0x0000000082300000|100%| O|  |TAMS 0x0000000082300000, 0x0000000082300000| Untracked 
|  35|0x0000000082300000, 0x0000000082400000, 0x0000000082400000|100%| O|  |TAMS 0x0000000082400000, 0x0000000082400000| Untracked 
|  36|0x0000000082400000, 0x0000000082500000, 0x0000000082500000|100%| O|  |TAMS 0x0000000082500000, 0x0000000082500000| Untracked 
|  37|0x0000000082500000, 0x0000000082600000, 0x0000000082600000|100%| O|  |TAMS 0x0000000082600000, 0x0000000082600000| Untracked 
|  38|0x0000000082600000, 0x0000000082700000, 0x0000000082700000|100%| O|  |TAMS 0x0000000082700000, 0x0000000082700000| Untracked 
|  39|0x0000000082700000, 0x0000000082800000, 0x0000000082800000|100%| O|  |TAMS 0x0000000082800000, 0x0000000082800000| Untracked 
|  40|0x0000000082800000, 0x0000000082900000, 0x0000000082900000|100%| O|  |TAMS 0x0000000082900000, 0x0000000082900000| Untracked 
|  41|0x0000000082900000, 0x0000000082a00000, 0x0000000082a00000|100%| O|  |TAMS 0x0000000082a00000, 0x0000000082a00000| Untracked 
|  42|0x0000000082a00000, 0x0000000082b00000, 0x0000000082b00000|100%| O|  |TAMS 0x0000000082b00000, 0x0000000082b00000| Untracked 
|  43|0x0000000082b00000, 0x0000000082c00000, 0x0000000082c00000|100%| O|  |TAMS 0x0000000082c00000, 0x0000000082c00000| Untracked 
|  44|0x0000000082c00000, 0x0000000082d00000, 0x0000000082d00000|100%| O|  |TAMS 0x0000000082d00000, 0x0000000082d00000| Untracked 
|  45|0x0000000082d00000, 0x0000000082e00000, 0x0000000082e00000|100%|HS|  |TAMS 0x0000000082e00000, 0x0000000082e00000| Complete 
|  46|0x0000000082e00000, 0x0000000082f00000, 0x0000000082f00000|100%|HC|  |TAMS 0x0000000082f00000, 0x0000000082f00000| Complete 
|  47|0x0000000082f00000, 0x0000000083000000, 0x0000000083000000|100%|HC|  |TAMS 0x0000000083000000, 0x0000000083000000| Complete 
|  48|0x0000000083000000, 0x0000000083100000, 0x0000000083100000|100%| O|  |TAMS 0x0000000083100000, 0x0000000083100000| Untracked 
|  49|0x0000000083100000, 0x0000000083200000, 0x0000000083200000|100%| O|  |TAMS 0x0000000083200000, 0x0000000083200000| Untracked 
|  50|0x0000000083200000, 0x0000000083300000, 0x0000000083300000|100%| O|  |TAMS 0x0000000083300000, 0x0000000083300000| Untracked 
|  51|0x0000000083300000, 0x0000000083400000, 0x0000000083400000|100%| O|  |TAMS 0x0000000083400000, 0x0000000083400000| Untracked 
|  52|0x0000000083400000, 0x0000000083500000, 0x0000000083500000|100%| O|  |TAMS 0x0000000083500000, 0x0000000083500000| Untracked 
|  53|0x0000000083500000, 0x0000000083600000, 0x0000000083600000|100%| O|  |TAMS 0x0000000083600000, 0x0000000083600000| Untracked 
|  54|0x0000000083600000, 0x0000000083700000, 0x0000000083700000|100%| O|  |TAMS 0x0000000083700000, 0x0000000083700000| Untracked 
|  55|0x0000000083700000, 0x0000000083800000, 0x0000000083800000|100%| O|  |TAMS 0x0000000083800000, 0x0000000083800000| Untracked 
|  56|0x0000000083800000, 0x0000000083900000, 0x0000000083900000|100%| O|  |TAMS 0x0000000083900000, 0x0000000083900000| Untracked 
|  57|0x0000000083900000, 0x0000000083a00000, 0x0000000083a00000|100%| O|  |TAMS 0x0000000083a00000, 0x0000000083a00000| Untracked 
|  58|0x0000000083a00000, 0x0000000083b00000, 0x0000000083b00000|100%| O|  |TAMS 0x0000000083b00000, 0x0000000083b00000| Untracked 
|  59|0x0000000083b00000, 0x0000000083c00000, 0x0000000083c00000|100%| O|  |TAMS 0x0000000083c00000, 0x0000000083c00000| Untracked 
|  60|0x0000000083c00000, 0x0000000083d00000, 0x0000000083d00000|100%| O|  |TAMS 0x0000000083d00000, 0x0000000083d00000| Untracked 
|  61|0x0000000083d00000, 0x0000000083e00000, 0x0000000083e00000|100%| O|  |TAMS 0x0000000083e00000, 0x0000000083e00000| Untracked 
|  62|0x0000000083e00000, 0x0000000083f00000, 0x0000000083f00000|100%| O|  |TAMS 0x0000000083f00000, 0x0000000083f00000| Untracked 
|  63|0x0000000083f00000, 0x0000000084000000, 0x0000000084000000|100%| O|  |TAMS 0x0000000084000000, 0x0000000084000000| Untracked 
|  64|0x0000000084000000, 0x0000000084100000, 0x0000000084100000|100%| O|  |TAMS 0x0000000084100000, 0x0000000084100000| Untracked 
|  65|0x0000000084100000, 0x0000000084200000, 0x0000000084200000|100%| O|  |TAMS 0x0000000084200000, 0x0000000084200000| Untracked 
|  66|0x0000000084200000, 0x0000000084300000, 0x0000000084300000|100%| O|  |TAMS 0x0000000084300000, 0x0000000084300000| Untracked 
|  67|0x0000000084300000, 0x0000000084400000, 0x0000000084400000|100%| O|  |TAMS 0x0000000084400000, 0x0000000084400000| Untracked 
|  68|0x0000000084400000, 0x0000000084500000, 0x0000000084500000|100%| O|  |TAMS 0x0000000084500000, 0x0000000084500000| Untracked 
|  69|0x0000000084500000, 0x0000000084600000, 0x0000000084600000|100%| O|  |TAMS 0x0000000084600000, 0x0000000084600000| Untracked 
|  70|0x0000000084600000, 0x0000000084700000, 0x0000000084700000|100%| O|  |TAMS 0x0000000084700000, 0x0000000084700000| Untracked 
|  71|0x0000000084700000, 0x0000000084800000, 0x0000000084800000|100%| O|  |TAMS 0x0000000084800000, 0x0000000084800000| Untracked 
|  72|0x0000000084800000, 0x0000000084900000, 0x0000000084900000|100%| O|  |TAMS 0x0000000084900000, 0x0000000084900000| Untracked 
|  73|0x0000000084900000, 0x0000000084a00000, 0x0000000084a00000|100%| O|  |TAMS 0x0000000084a00000, 0x0000000084a00000| Untracked 
|  74|0x0000000084a00000, 0x0000000084b00000, 0x0000000084b00000|100%| O|  |TAMS 0x0000000084b00000, 0x0000000084b00000| Untracked 
|  75|0x0000000084b00000, 0x0000000084c00000, 0x0000000084c00000|100%| O|  |TAMS 0x0000000084c00000, 0x0000000084c00000| Untracked 
|  76|0x0000000084c00000, 0x0000000084d00000, 0x0000000084d00000|100%| O|  |TAMS 0x0000000084d00000, 0x0000000084d00000| Untracked 
|  77|0x0000000084d00000, 0x0000000084e00000, 0x0000000084e00000|100%| O|  |TAMS 0x0000000084e00000, 0x0000000084e00000| Untracked 
|  78|0x0000000084e00000, 0x0000000084f00000, 0x0000000084f00000|100%| O|  |TAMS 0x0000000084f00000, 0x0000000084f00000| Untracked 
|  79|0x0000000084f00000, 0x0000000085000000, 0x0000000085000000|100%| O|  |TAMS 0x0000000085000000, 0x0000000085000000| Untracked 
|  80|0x0000000085000000, 0x0000000085100000, 0x0000000085100000|100%| O|  |TAMS 0x0000000085100000, 0x0000000085100000| Untracked 
|  81|0x0000000085100000, 0x0000000085200000, 0x0000000085200000|100%| O|  |TAMS 0x0000000085200000, 0x0000000085200000| Untracked 
|  82|0x0000000085200000, 0x0000000085300000, 0x0000000085300000|100%| O|  |TAMS 0x0000000085300000, 0x0000000085300000| Untracked 
|  83|0x0000000085300000, 0x0000000085400000, 0x0000000085400000|100%| O|  |TAMS 0x0000000085400000, 0x0000000085400000| Untracked 
|  84|0x0000000085400000, 0x0000000085500000, 0x0000000085500000|100%| O|  |TAMS 0x0000000085500000, 0x0000000085500000| Untracked 
|  85|0x0000000085500000, 0x0000000085600000, 0x0000000085600000|100%| O|  |TAMS 0x0000000085600000, 0x0000000085600000| Untracked 
|  86|0x0000000085600000, 0x0000000085700000, 0x0000000085700000|100%| O|  |TAMS 0x0000000085700000, 0x0000000085700000| Untracked 
|  87|0x0000000085700000, 0x0000000085800000, 0x0000000085800000|100%| O|  |TAMS 0x0000000085800000, 0x0000000085800000| Untracked 
|  88|0x0000000085800000, 0x0000000085900000, 0x0000000085900000|100%| O|  |TAMS 0x0000000085900000, 0x0000000085900000| Untracked 
|  89|0x0000000085900000, 0x0000000085a00000, 0x0000000085a00000|100%| O|  |TAMS 0x0000000085a00000, 0x0000000085a00000| Untracked 
|  90|0x0000000085a00000, 0x0000000085b00000, 0x0000000085b00000|100%| O|  |TAMS 0x0000000085b00000, 0x0000000085b00000| Untracked 
|  91|0x0000000085b00000, 0x0000000085c00000, 0x0000000085c00000|100%| O|  |TAMS 0x0000000085c00000, 0x0000000085c00000| Untracked 
|  92|0x0000000085c00000, 0x0000000085c00000, 0x0000000085d00000|  0%| F|  |TAMS 0x0000000085c00000, 0x0000000085c00000| Untracked 
|  93|0x0000000085d00000, 0x0000000085e00000, 0x0000000085e00000|100%| O|  |TAMS 0x0000000085d1c800, 0x0000000085e00000| Untracked 
|  94|0x0000000085e00000, 0x0000000085f00000, 0x0000000085f00000|100%|HS|  |TAMS 0x0000000085e00000, 0x0000000085f00000| Complete 
|  95|0x0000000085f00000, 0x0000000086000000, 0x0000000086000000|100%|HC|  |TAMS 0x0000000085f00000, 0x0000000086000000| Complete 
|  96|0x0000000086000000, 0x0000000086100000, 0x0000000086100000|100%|HC|  |TAMS 0x0000000086000000, 0x0000000086100000| Complete 
|  97|0x0000000086100000, 0x0000000086200000, 0x0000000086200000|100%|HC|  |TAMS 0x0000000086100000, 0x0000000086200000| Complete 
|  98|0x0000000086200000, 0x0000000086300000, 0x0000000086300000|100%|HC|  |TAMS 0x0000000086200000, 0x0000000086300000| Complete 
|  99|0x0000000086300000, 0x0000000086400000, 0x0000000086400000|100%|HC|  |TAMS 0x0000000086300000, 0x0000000086400000| Complete 
| 100|0x0000000086400000, 0x0000000086500000, 0x0000000086500000|100%|HS|  |TAMS 0x0000000086400000, 0x0000000086500000| Complete 
| 101|0x0000000086500000, 0x0000000086600000, 0x0000000086600000|100%|HS|  |TAMS 0x0000000086500000, 0x0000000086600000| Complete 
| 102|0x0000000086600000, 0x0000000086700000, 0x0000000086700000|100%|HS|  |TAMS 0x0000000086600000, 0x0000000086700000| Complete 
| 103|0x0000000086700000, 0x0000000086800000, 0x0000000086800000|100%|HC|  |TAMS 0x0000000086700000, 0x0000000086800000| Complete 
| 104|0x0000000086800000, 0x0000000086900000, 0x0000000086900000|100%|HS|  |TAMS 0x0000000086800000, 0x0000000086900000| Complete 
| 105|0x0000000086900000, 0x0000000086a00000, 0x0000000086a00000|100%|HS|  |TAMS 0x0000000086900000, 0x0000000086a00000| Complete 
| 106|0x0000000086a00000, 0x0000000086b00000, 0x0000000086b00000|100%|HC|  |TAMS 0x0000000086a00000, 0x0000000086b00000| Complete 
| 107|0x0000000086b00000, 0x0000000086c00000, 0x0000000086c00000|100%|HC|  |TAMS 0x0000000086b00000, 0x0000000086c00000| Complete 
| 108|0x0000000086c00000, 0x0000000086d00000, 0x0000000086d00000|100%|HC|  |TAMS 0x0000000086c00000, 0x0000000086d00000| Complete 
| 109|0x0000000086d00000, 0x0000000086e00000, 0x0000000086e00000|100%| O|  |TAMS 0x0000000086d00000, 0x0000000086e00000| Untracked 
| 110|0x0000000086e00000, 0x0000000086f00000, 0x0000000086f00000|100%| O|  |TAMS 0x0000000086e00000, 0x0000000086f00000| Untracked 
| 111|0x0000000086f00000, 0x0000000087000000, 0x0000000087000000|100%| O|  |TAMS 0x0000000086f00000, 0x0000000087000000| Untracked 
| 112|0x0000000087000000, 0x0000000087100000, 0x0000000087100000|100%| O|  |TAMS 0x0000000087000000, 0x0000000087100000| Untracked 
| 113|0x0000000087100000, 0x0000000087200000, 0x0000000087200000|100%| O|  |TAMS 0x0000000087100000, 0x0000000087200000| Untracked 
| 114|0x0000000087200000, 0x0000000087300000, 0x0000000087300000|100%| O|  |TAMS 0x0000000087200000, 0x0000000087300000| Untracked 
| 115|0x0000000087300000, 0x00000000873c8a00, 0x0000000087400000| 78%| O|  |TAMS 0x0000000087300000, 0x00000000873c8a00| Untracked 
| 116|0x0000000087400000, 0x0000000087400000, 0x0000000087500000|  0%| F|  |TAMS 0x0000000087400000, 0x0000000087400000| Untracked 
| 117|0x0000000087500000, 0x0000000087500000, 0x0000000087600000|  0%| F|  |TAMS 0x0000000087500000, 0x0000000087500000| Untracked 
| 118|0x0000000087600000, 0x0000000087600000, 0x0000000087700000|  0%| F|  |TAMS 0x0000000087600000, 0x0000000087600000| Untracked 
| 119|0x0000000087700000, 0x0000000087700000, 0x0000000087800000|  0%| F|  |TAMS 0x0000000087700000, 0x0000000087700000| Untracked 
| 120|0x0000000087800000, 0x0000000087800000, 0x0000000087900000|  0%| F|  |TAMS 0x0000000087800000, 0x0000000087800000| Untracked 
| 121|0x0000000087900000, 0x0000000087900000, 0x0000000087a00000|  0%| F|  |TAMS 0x0000000087900000, 0x0000000087900000| Untracked 
| 122|0x0000000087a00000, 0x0000000087a00000, 0x0000000087b00000|  0%| F|  |TAMS 0x0000000087a00000, 0x0000000087a00000| Untracked 
| 123|0x0000000087b00000, 0x0000000087b00000, 0x0000000087c00000|  0%| F|  |TAMS 0x0000000087b00000, 0x0000000087b00000| Untracked 
| 124|0x0000000087c00000, 0x0000000087c00000, 0x0000000087d00000|  0%| F|  |TAMS 0x0000000087c00000, 0x0000000087c00000| Untracked 
| 125|0x0000000087d00000, 0x0000000087d00000, 0x0000000087e00000|  0%| F|  |TAMS 0x0000000087d00000, 0x0000000087d00000| Untracked 
| 126|0x0000000087e00000, 0x0000000087e00000, 0x0000000087f00000|  0%| F|  |TAMS 0x0000000087e00000, 0x0000000087e00000| Untracked 
| 127|0x0000000087f00000, 0x0000000087f00000, 0x0000000088000000|  0%| F|  |TAMS 0x0000000087f00000, 0x0000000087f00000| Untracked 
| 128|0x0000000088000000, 0x0000000088000000, 0x0000000088100000|  0%| F|  |TAMS 0x0000000088000000, 0x0000000088000000| Untracked 
| 129|0x0000000088100000, 0x0000000088100000, 0x0000000088200000|  0%| F|  |TAMS 0x0000000088100000, 0x0000000088100000| Untracked 
| 130|0x0000000088200000, 0x0000000088200000, 0x0000000088300000|  0%| F|  |TAMS 0x0000000088200000, 0x0000000088200000| Untracked 
| 131|0x0000000088300000, 0x0000000088300000, 0x0000000088400000|  0%| F|  |TAMS 0x0000000088300000, 0x0000000088300000| Untracked 
| 132|0x0000000088400000, 0x0000000088400000, 0x0000000088500000|  0%| F|  |TAMS 0x0000000088400000, 0x0000000088400000| Untracked 
| 133|0x0000000088500000, 0x0000000088500000, 0x0000000088600000|  0%| F|  |TAMS 0x0000000088500000, 0x0000000088500000| Untracked 
| 134|0x0000000088600000, 0x0000000088600000, 0x0000000088700000|  0%| F|  |TAMS 0x0000000088600000, 0x0000000088600000| Untracked 
| 135|0x0000000088700000, 0x0000000088700000, 0x0000000088800000|  0%| F|  |TAMS 0x0000000088700000, 0x0000000088700000| Untracked 
| 136|0x0000000088800000, 0x0000000088800000, 0x0000000088900000|  0%| F|  |TAMS 0x0000000088800000, 0x0000000088800000| Untracked 
| 137|0x0000000088900000, 0x0000000088900000, 0x0000000088a00000|  0%| F|  |TAMS 0x0000000088900000, 0x0000000088900000| Untracked 
| 138|0x0000000088a00000, 0x0000000088a00000, 0x0000000088b00000|  0%| F|  |TAMS 0x0000000088a00000, 0x0000000088a00000| Untracked 
| 139|0x0000000088b00000, 0x0000000088b00000, 0x0000000088c00000|  0%| F|  |TAMS 0x0000000088b00000, 0x0000000088b00000| Untracked 
| 140|0x0000000088c00000, 0x0000000088c00000, 0x0000000088d00000|  0%| F|  |TAMS 0x0000000088c00000, 0x0000000088c00000| Untracked 
| 141|0x0000000088d00000, 0x0000000088d00000, 0x0000000088e00000|  0%| F|  |TAMS 0x0000000088d00000, 0x0000000088d00000| Untracked 
| 142|0x0000000088e00000, 0x0000000088e00000, 0x0000000088f00000|  0%| F|  |TAMS 0x0000000088e00000, 0x0000000088e00000| Untracked 
| 143|0x0000000088f00000, 0x0000000088f00000, 0x0000000089000000|  0%| F|  |TAMS 0x0000000088f00000, 0x0000000088f00000| Untracked 
| 144|0x0000000089000000, 0x0000000089000000, 0x0000000089100000|  0%| F|  |TAMS 0x0000000089000000, 0x0000000089000000| Untracked 
| 145|0x0000000089100000, 0x0000000089100000, 0x0000000089200000|  0%| F|  |TAMS 0x0000000089100000, 0x0000000089100000| Untracked 
| 146|0x0000000089200000, 0x0000000089206060, 0x0000000089300000|  2%| S|CS|TAMS 0x0000000089200000, 0x0000000089200000| Complete 
| 147|0x0000000089300000, 0x00000000893ffff8, 0x0000000089400000| 99%| S|CS|TAMS 0x0000000089300000, 0x0000000089300000| Complete 
| 148|0x0000000089400000, 0x0000000089500000, 0x0000000089500000|100%| S|CS|TAMS 0x0000000089400000, 0x0000000089400000| Complete 
| 149|0x0000000089500000, 0x0000000089500000, 0x0000000089600000|  0%| F|  |TAMS 0x0000000089500000, 0x0000000089500000| Untracked 
| 150|0x0000000089600000, 0x0000000089600000, 0x0000000089700000|  0%| F|  |TAMS 0x0000000089600000, 0x0000000089600000| Untracked 
| 151|0x0000000089700000, 0x0000000089700000, 0x0000000089800000|  0%| F|  |TAMS 0x0000000089700000, 0x0000000089700000| Untracked 
| 152|0x0000000089800000, 0x0000000089800000, 0x0000000089900000|  0%| F|  |TAMS 0x0000000089800000, 0x0000000089800000| Untracked 
| 153|0x0000000089900000, 0x0000000089900000, 0x0000000089a00000|  0%| F|  |TAMS 0x0000000089900000, 0x0000000089900000| Untracked 
| 154|0x0000000089a00000, 0x0000000089a00000, 0x0000000089b00000|  0%| F|  |TAMS 0x0000000089a00000, 0x0000000089a00000| Untracked 
| 155|0x0000000089b00000, 0x0000000089b00000, 0x0000000089c00000|  0%| F|  |TAMS 0x0000000089b00000, 0x0000000089b00000| Untracked 
| 156|0x0000000089c00000, 0x0000000089c00000, 0x0000000089d00000|  0%| F|  |TAMS 0x0000000089c00000, 0x0000000089c00000| Untracked 
| 157|0x0000000089d00000, 0x0000000089d00000, 0x0000000089e00000|  0%| F|  |TAMS 0x0000000089d00000, 0x0000000089d00000| Untracked 
| 158|0x0000000089e00000, 0x0000000089e00000, 0x0000000089f00000|  0%| F|  |TAMS 0x0000000089e00000, 0x0000000089e00000| Untracked 
| 159|0x0000000089f00000, 0x0000000089f00000, 0x000000008a000000|  0%| F|  |TAMS 0x0000000089f00000, 0x0000000089f00000| Untracked 
| 160|0x000000008a000000, 0x000000008a000000, 0x000000008a100000|  0%| F|  |TAMS 0x000000008a000000, 0x000000008a000000| Untracked 
| 161|0x000000008a100000, 0x000000008a100000, 0x000000008a200000|  0%| F|  |TAMS 0x000000008a100000, 0x000000008a100000| Untracked 
| 162|0x000000008a200000, 0x000000008a200000, 0x000000008a300000|  0%| F|  |TAMS 0x000000008a200000, 0x000000008a200000| Untracked 
| 163|0x000000008a300000, 0x000000008a300000, 0x000000008a400000|  0%| F|  |TAMS 0x000000008a300000, 0x000000008a300000| Untracked 
| 164|0x000000008a400000, 0x000000008a400000, 0x000000008a500000|  0%| F|  |TAMS 0x000000008a400000, 0x000000008a400000| Untracked 
| 165|0x000000008a500000, 0x000000008a500000, 0x000000008a600000|  0%| F|  |TAMS 0x000000008a500000, 0x000000008a500000| Untracked 
| 166|0x000000008a600000, 0x000000008a600000, 0x000000008a700000|  0%| F|  |TAMS 0x000000008a600000, 0x000000008a600000| Untracked 
| 167|0x000000008a700000, 0x000000008a700000, 0x000000008a800000|  0%| F|  |TAMS 0x000000008a700000, 0x000000008a700000| Untracked 
| 168|0x000000008a800000, 0x000000008a800000, 0x000000008a900000|  0%| F|  |TAMS 0x000000008a800000, 0x000000008a800000| Untracked 
| 169|0x000000008a900000, 0x000000008a900000, 0x000000008aa00000|  0%| F|  |TAMS 0x000000008a900000, 0x000000008a900000| Untracked 
| 170|0x000000008aa00000, 0x000000008aa00000, 0x000000008ab00000|  0%| F|  |TAMS 0x000000008aa00000, 0x000000008aa00000| Untracked 
| 171|0x000000008ab00000, 0x000000008ab00000, 0x000000008ac00000|  0%| F|  |TAMS 0x000000008ab00000, 0x000000008ab00000| Untracked 
| 172|0x000000008ac00000, 0x000000008ac00000, 0x000000008ad00000|  0%| F|  |TAMS 0x000000008ac00000, 0x000000008ac00000| Untracked 
| 173|0x000000008ad00000, 0x000000008ad00000, 0x000000008ae00000|  0%| F|  |TAMS 0x000000008ad00000, 0x000000008ad00000| Untracked 
| 174|0x000000008ae00000, 0x000000008ae00000, 0x000000008af00000|  0%| F|  |TAMS 0x000000008ae00000, 0x000000008ae00000| Untracked 
| 175|0x000000008af00000, 0x000000008af00000, 0x000000008b000000|  0%| F|  |TAMS 0x000000008af00000, 0x000000008af00000| Untracked 
| 176|0x000000008b000000, 0x000000008b000000, 0x000000008b100000|  0%| F|  |TAMS 0x000000008b000000, 0x000000008b000000| Untracked 
| 177|0x000000008b100000, 0x000000008b100000, 0x000000008b200000|  0%| F|  |TAMS 0x000000008b100000, 0x000000008b100000| Untracked 
| 178|0x000000008b200000, 0x000000008b200000, 0x000000008b300000|  0%| F|  |TAMS 0x000000008b200000, 0x000000008b200000| Untracked 
| 179|0x000000008b300000, 0x000000008b300000, 0x000000008b400000|  0%| F|  |TAMS 0x000000008b300000, 0x000000008b300000| Untracked 

Card table byte_map: [0x000001fc9ebf0000,0x000001fc9eff0000] _byte_map_base: 0x000001fc9e7f0000

Marking Bits (Prev, Next): (CMBitMap*) 0x000001fc8baec1f0, (CMBitMap*) 0x000001fc8baec1b0
 Prev Bits: [0x000001fca13f0000, 0x000001fca33f0000)
 Next Bits: [0x000001fc9f3f0000, 0x000001fca13f0000)

Polling page: 0x000001fc89a30000

Metaspace:

Usage:
  Non-class:     75.41 MB used.
      Class:     11.83 MB used.
       Both:     87.24 MB used.

Virtual space:
  Non-class space:      128.00 MB reserved,      75.75 MB ( 59%) committed,  2 nodes.
      Class space:        1.00 GB reserved,      12.12 MB (  1%) committed,  1 nodes.
             Both:        1.12 GB reserved,      87.88 MB (  8%) committed. 

Chunk freelists:
   Non-Class:  3.62 MB
       Class:  3.91 MB
        Both:  7.53 MB

MaxMetaspaceSize: unlimited
CompressedClassSpaceSize: 1.00 GB
Initial GC threshold: 21.00 MB
Current GC threshold: 136.88 MB
CDS: off
MetaspaceReclaimPolicy: balanced
 - commit_granule_bytes: 65536.
 - commit_granule_words: 8192.
 - virtual_space_node_default_size: 8388608.
 - enlarge_chunks_in_place: 1.
 - new_chunks_are_fully_committed: 0.
 - uncommit_free_chunks: 1.
 - use_allocation_guard: 0.
 - handle_deallocations: 1.


Internal statistics:

num_allocs_failed_limit: 6.
num_arena_births: 818.
num_arena_deaths: 0.
num_vsnodes_births: 3.
num_vsnodes_deaths: 0.
num_space_committed: 1404.
num_space_uncommitted: 0.
num_chunks_returned_to_freelist: 6.
num_chunks_taken_from_freelist: 3887.
num_chunk_merges: 6.
num_chunk_splits: 2772.
num_chunks_enlarged: 2089.
num_inconsistent_stats: 0.

CodeHeap 'non-profiled nmethods': size=119168Kb used=4233Kb max_used=4233Kb free=114934Kb
 bounds [0x000001fc96b00000, 0x000001fc96f30000, 0x000001fc9df60000]
CodeHeap 'profiled nmethods': size=119104Kb used=15523Kb max_used=15523Kb free=103580Kb
 bounds [0x000001fc8ef60000, 0x000001fc8fe90000, 0x000001fc963b0000]
CodeHeap 'non-nmethods': size=7488Kb used=4074Kb max_used=4132Kb free=3413Kb
 bounds [0x000001fc963b0000, 0x000001fc967d0000, 0x000001fc96b00000]
 total_blobs=8704 nmethods=7784 adapters=828
 compilation: enabled
              stopped_count=0, restarted_count=0
 full_count=0

Compilation events (20 events):
Event: 10.248 Thread 0x000001fca657e130 8510       1       org.jetbrains.kotlin.container.ClassInfo::getConstructorInfo (5 bytes)
Event: 10.248 Thread 0x000001fca657e130 nmethod 8510 0x000001fc96f21190 code [0x000001fc96f21320, 0x000001fc96f213f8]
Event: 10.255 Thread 0x000001fcab549860 8511       1       org.jetbrains.kotlin.container.ConstructorInfo::getParameters (5 bytes)
Event: 10.255 Thread 0x000001fca657e130 8512       1       org.jetbrains.kotlin.container.ClassInfo::getSetterInfos (5 bytes)
Event: 10.255 Thread 0x000001fca657e130 nmethod 8512 0x000001fc96f21490 code [0x000001fc96f21620, 0x000001fc96f216f8]
Event: 10.255 Thread 0x000001fcab549860 nmethod 8511 0x000001fc96f21790 code [0x000001fc96f21920, 0x000001fc96f219f8]
Event: 10.255 Thread 0x000001fcab549860 8513       1       org.jetbrains.kotlin.com.intellij.util.containers.ConcurrentWeakKeySoftValueHashMap$HardKey::get (5 bytes)
Event: 10.255 Thread 0x000001fcab549860 nmethod 8513 0x000001fc96f21a90 code [0x000001fc96f21c20, 0x000001fc96f21cf8]
Event: 10.279 Thread 0x000001fcab549860 8514       3       org.jetbrains.kotlin.container.ComponentRegistry::tryGetEntry (67 bytes)
Event: 10.280 Thread 0x000001fcab549860 nmethod 8514 0x000001fc8fe85c90 code [0x000001fc8fe86020, 0x000001fc8fe87698]
Event: 10.299 Thread 0x000001fca6748190 8516       1       org.jetbrains.kotlin.container.ComponentResolveContext::getRequestingDescriptor (5 bytes)
Event: 10.299 Thread 0x000001fca6748190 nmethod 8516 0x000001fc96f21d90 code [0x000001fc96f21f20, 0x000001fc96f21ff8]
Event: 10.309 Thread 0x000001fca6748190 8517       1       org.jetbrains.kotlin.container.ConstructorBinding::getArgumentDescriptors (5 bytes)
Event: 10.309 Thread 0x000001fca6748190 nmethod 8517 0x000001fc96f22090 code [0x000001fc96f22220, 0x000001fc96f222f8]
Event: 10.309 Thread 0x000001fca6748190 8518       3       org.jetbrains.kotlin.com.intellij.util.containers.ConcurrentWeakKeySoftValueHashMap$HardKey::equals (6 bytes)
Event: 10.309 Thread 0x000001fca657e130 8519       3       org.jetbrains.kotlin.com.intellij.util.containers.ConcurrentWeakKeySoftValueHashMap$WeakKey::equals (79 bytes)
Event: 10.310 Thread 0x000001fca6748190 nmethod 8518 0x000001fc8fe87d90 code [0x000001fc8fe87f40, 0x000001fc8fe88108]
Event: 10.310 Thread 0x000001fca657e130 nmethod 8519 0x000001fc8fe88210 code [0x000001fc8fe88420, 0x000001fc8fe88ce8]
Event: 10.314 Thread 0x000001fca6748190 8520       1       org.jetbrains.kotlin.container.InstanceComponentDescriptor::getValue (5 bytes)
Event: 10.314 Thread 0x000001fca6748190 nmethod 8520 0x000001fc96f22390 code [0x000001fc96f22520, 0x000001fc96f225f8]

GC Heap History (20 events):
Event: 8.829 GC heap after
{Heap after GC invocations=33 (full 0):
 garbage-first heap   total 121856K, used 65477K [0x0000000080000000, 0x0000000100000000)
  region size 1024K, 3 young (3072K), 3 survivors (3072K)
 Metaspace       used 78269K, committed 78912K, reserved 1179648K
  class space    used 11006K, committed 11264K, reserved 1048576K
}
Event: 8.853 GC heap before
{Heap before GC invocations=33 (full 0):
 garbage-first heap   total 121856K, used 67525K [0x0000000080000000, 0x0000000100000000)
  region size 1024K, 6 young (6144K), 3 survivors (3072K)
 Metaspace       used 78715K, committed 79360K, reserved 1179648K
  class space    used 11057K, committed 11328K, reserved 1048576K
}
Event: 8.856 GC heap after
{Heap after GC invocations=34 (full 0):
 garbage-first heap   total 121856K, used 65606K [0x0000000080000000, 0x0000000100000000)
  region size 1024K, 3 young (3072K), 3 survivors (3072K)
 Metaspace       used 78715K, committed 79360K, reserved 1179648K
  class space    used 11057K, committed 11328K, reserved 1048576K
}
Event: 9.006 GC heap before
{Heap before GC invocations=35 (full 0):
 garbage-first heap   total 128000K, used 106566K [0x0000000080000000, 0x0000000100000000)
  region size 1024K, 37 young (37888K), 3 survivors (3072K)
 Metaspace       used 79033K, committed 79680K, reserved 1179648K
  class space    used 11065K, committed 11328K, reserved 1048576K
}
Event: 9.014 GC heap after
{Heap after GC invocations=36 (full 0):
 garbage-first heap   total 153600K, used 75206K [0x0000000080000000, 0x0000000100000000)
  region size 1024K, 5 young (5120K), 5 survivors (5120K)
 Metaspace       used 79033K, committed 79680K, reserved 1179648K
  class space    used 11065K, committed 11328K, reserved 1048576K
}
Event: 9.079 GC heap before
{Heap before GC invocations=37 (full 0):
 garbage-first heap   total 153600K, used 90566K [0x0000000080000000, 0x0000000100000000)
  region size 1024K, 19 young (19456K), 5 survivors (5120K)
 Metaspace       used 79034K, committed 79680K, reserved 1179648K
  class space    used 11065K, committed 11328K, reserved 1048576K
}
Event: 9.087 GC heap after
{Heap after GC invocations=38 (full 0):
 garbage-first heap   total 153600K, used 79914K [0x0000000080000000, 0x0000000100000000)
  region size 1024K, 6 young (6144K), 6 survivors (6144K)
 Metaspace       used 79034K, committed 79680K, reserved 1179648K
  class space    used 11065K, committed 11328K, reserved 1048576K
}
Event: 9.160 GC heap before
{Heap before GC invocations=39 (full 0):
 garbage-first heap   total 157696K, used 101418K [0x0000000080000000, 0x0000000100000000)
  region size 1024K, 25 young (25600K), 6 survivors (6144K)
 Metaspace       used 79035K, committed 79680K, reserved 1179648K
  class space    used 11065K, committed 11328K, reserved 1048576K
}
Event: 9.168 GC heap after
{Heap after GC invocations=40 (full 0):
 garbage-first heap   total 157696K, used 85666K [0x0000000080000000, 0x0000000100000000)
  region size 1024K, 6 young (6144K), 6 survivors (6144K)
 Metaspace       used 79035K, committed 79680K, reserved 1179648K
  class space    used 11065K, committed 11328K, reserved 1048576K
}
Event: 9.377 GC heap before
{Heap before GC invocations=41 (full 0):
 garbage-first heap   total 163840K, used 123554K [0x0000000080000000, 0x0000000100000000)
  region size 1024K, 39 young (39936K), 6 survivors (6144K)
 Metaspace       used 79281K, committed 79936K, reserved 1179648K
  class space    used 11092K, committed 11392K, reserved 1048576K
}
Event: 9.386 GC heap after
{Heap after GC invocations=42 (full 0):
 garbage-first heap   total 163840K, used 93635K [0x0000000080000000, 0x0000000100000000)
  region size 1024K, 5 young (5120K), 5 survivors (5120K)
 Metaspace       used 79281K, committed 79936K, reserved 1179648K
  class space    used 11092K, committed 11392K, reserved 1048576K
}
Event: 9.418 GC heap before
{Heap before GC invocations=42 (full 0):
 garbage-first heap   total 163840K, used 96707K [0x0000000080000000, 0x0000000100000000)
  region size 1024K, 8 young (8192K), 5 survivors (5120K)
 Metaspace       used 79499K, committed 80128K, reserved 1179648K
  class space    used 11117K, committed 11392K, reserved 1048576K
}
Event: 9.422 GC heap after
{Heap after GC invocations=43 (full 0):
 garbage-first heap   total 163840K, used 94906K [0x0000000080000000, 0x0000000100000000)
  region size 1024K, 1 young (1024K), 1 survivors (1024K)
 Metaspace       used 79499K, committed 80128K, reserved 1179648K
  class space    used 11117K, committed 11392K, reserved 1048576K
}
Event: 9.669 GC heap before
{Heap before GC invocations=43 (full 0):
 garbage-first heap   total 163840K, used 123578K [0x0000000080000000, 0x0000000100000000)
  region size 1024K, 30 young (30720K), 1 survivors (1024K)
 Metaspace       used 83280K, committed 83904K, reserved 1179648K
  class space    used 11566K, committed 11840K, reserved 1048576K
}
Event: 9.671 GC heap after
{Heap after GC invocations=44 (full 0):
 garbage-first heap   total 163840K, used 95663K [0x0000000080000000, 0x0000000100000000)
  region size 1024K, 2 young (2048K), 2 survivors (2048K)
 Metaspace       used 83280K, committed 83904K, reserved 1179648K
  class space    used 11566K, committed 11840K, reserved 1048576K
}
Event: 9.942 GC heap before
{Heap before GC invocations=45 (full 0):
 garbage-first heap   total 184320K, used 144815K [0x0000000080000000, 0x0000000100000000)
  region size 1024K, 34 young (34816K), 2 survivors (2048K)
 Metaspace       used 85029K, committed 85632K, reserved 1179648K
  class space    used 11746K, committed 12032K, reserved 1048576K
}
Event: 9.947 GC heap after
{Heap after GC invocations=46 (full 0):
 garbage-first heap   total 184320K, used 117964K [0x0000000080000000, 0x0000000100000000)
  region size 1024K, 5 young (5120K), 5 survivors (5120K)
 Metaspace       used 85029K, committed 85632K, reserved 1179648K
  class space    used 11746K, committed 12032K, reserved 1048576K
}
Event: 9.983 GC heap before
{Heap before GC invocations=46 (full 0):
 garbage-first heap   total 184320K, used 121036K [0x0000000080000000, 0x0000000100000000)
  region size 1024K, 9 young (9216K), 5 survivors (5120K)
 Metaspace       used 85573K, committed 86208K, reserved 1179648K
  class space    used 11800K, committed 12096K, reserved 1048576K
}
Event: 9.988 GC heap after
{Heap after GC invocations=47 (full 0):
 garbage-first heap   total 184320K, used 117641K [0x0000000080000000, 0x0000000100000000)
  region size 1024K, 1 young (1024K), 1 survivors (1024K)
 Metaspace       used 85573K, committed 86208K, reserved 1179648K
  class space    used 11800K, committed 12096K, reserved 1048576K
}
Event: 10.315 GC heap before
{Heap before GC invocations=47 (full 0):
 garbage-first heap   total 184320K, used 148361K [0x0000000080000000, 0x0000000100000000)
  region size 1024K, 31 young (31744K), 1 survivors (1024K)
 Metaspace       used 89333K, committed 89984K, reserved 1179648K
  class space    used 12117K, committed 12416K, reserved 1048576K
}

Dll operation events (3 events):
Event: 0.007 Loaded shared library C:\Program Files\Android\Android Studio\jbr\bin\java.dll
Event: 0.132 Loaded shared library C:\Program Files\Android\Android Studio\jbr\bin\zip.dll
Event: 0.504 Loaded shared library C:\Program Files\Android\Android Studio\jbr\bin\verify.dll

Deoptimization events (20 events):
Event: 9.304 Thread 0x000001fcac794460 DEOPT PACKING pc=0x000001fc8fc77082 sp=0x00000016006f47f0
Event: 9.304 Thread 0x000001fcac794460 DEOPT UNPACKING pc=0x000001fc96407143 sp=0x00000016006f3d40 mode 0
Event: 9.535 Thread 0x000001fcad10c0c0 DEOPT PACKING pc=0x000001fc8fbc58cc sp=0x00000016000ff560
Event: 9.535 Thread 0x000001fcad10c0c0 DEOPT UNPACKING pc=0x000001fc96407143 sp=0x00000016000fea20 mode 0
Event: 9.686 Thread 0x000001fcac794460 Uncommon trap: trap_request=0xffffffde fr.pc=0x000001fc96ef4580 relative=0x00000000000005a0
Event: 9.686 Thread 0x000001fcac794460 Uncommon trap: reason=class_check action=maybe_recompile pc=0x000001fc96ef4580 method=org.jetbrains.kotlin.protobuf.CodedInputStream.tryRefillBuffer(I)Z @ 177 c2
Event: 9.686 Thread 0x000001fcac794460 DEOPT PACKING pc=0x000001fc96ef4580 sp=0x00000016006f4130
Event: 9.686 Thread 0x000001fcac794460 DEOPT UNPACKING pc=0x000001fc964069a3 sp=0x00000016006f4018 mode 2
Event: 9.688 Thread 0x000001fcac794460 Uncommon trap: trap_request=0xffffffde fr.pc=0x000001fc96ef4580 relative=0x00000000000005a0
Event: 9.688 Thread 0x000001fcac794460 Uncommon trap: reason=class_check action=maybe_recompile pc=0x000001fc96ef4580 method=org.jetbrains.kotlin.protobuf.CodedInputStream.tryRefillBuffer(I)Z @ 177 c2
Event: 9.688 Thread 0x000001fcac794460 DEOPT PACKING pc=0x000001fc96ef4580 sp=0x00000016006f4130
Event: 9.688 Thread 0x000001fcac794460 DEOPT UNPACKING pc=0x000001fc964069a3 sp=0x00000016006f4018 mode 2
Event: 9.690 Thread 0x000001fcac794460 Uncommon trap: trap_request=0xffffffde fr.pc=0x000001fc96ef4580 relative=0x00000000000005a0
Event: 9.690 Thread 0x000001fcac794460 Uncommon trap: reason=class_check action=maybe_recompile pc=0x000001fc96ef4580 method=org.jetbrains.kotlin.protobuf.CodedInputStream.tryRefillBuffer(I)Z @ 177 c2
Event: 9.690 Thread 0x000001fcac794460 DEOPT PACKING pc=0x000001fc96ef4580 sp=0x00000016006f4130
Event: 9.690 Thread 0x000001fcac794460 DEOPT UNPACKING pc=0x000001fc964069a3 sp=0x00000016006f4018 mode 2
Event: 9.690 Thread 0x000001fcac794460 Uncommon trap: trap_request=0xffffffde fr.pc=0x000001fc96ef4580 relative=0x00000000000005a0
Event: 9.690 Thread 0x000001fcac794460 Uncommon trap: reason=class_check action=maybe_recompile pc=0x000001fc96ef4580 method=org.jetbrains.kotlin.protobuf.CodedInputStream.tryRefillBuffer(I)Z @ 177 c2
Event: 9.690 Thread 0x000001fcac794460 DEOPT PACKING pc=0x000001fc96ef4580 sp=0x00000016006f4130
Event: 9.690 Thread 0x000001fcac794460 DEOPT UNPACKING pc=0x000001fc964069a3 sp=0x00000016006f4018 mode 2

Classes unloaded (0 events):
No events

Classes redefined (0 events):
No events

Internal exceptions (20 events):
Event: 7.273 Thread 0x000001fcac794460 Exception <a 'java/lang/NoSuchMethodError'{0x00000000851b8f40}: 'void java.lang.invoke.DirectMethodHandle$Holder.invokeStatic(java.lang.Object, java.lang.Object, java.lang.Object, int, java.lang.Object)'> (0x00000000851b8f40) 
thrown [s\src\hotspot\share\interpreter\linkResolver.cpp, line 771]
Event: 7.699 Thread 0x000001fcac794460 Exception <a 'java/lang/NoSuchMethodError'{0x0000000085b6f4a0}: 'void java.lang.invoke.DirectMethodHandle$Holder.invokeVirtual(java.lang.Object, java.lang.Object)'> (0x0000000085b6f4a0) 
thrown [s\src\hotspot\share\interpreter\linkResolver.cpp, line 771]
Event: 7.727 Thread 0x000001fcac794460 Exception <a 'java/lang/NoSuchMethodError'{0x000000008583cc90}: 'java.lang.Object java.lang.invoke.DirectMethodHandle$Holder.invokeStaticInit(java.lang.Object, int)'> (0x000000008583cc90) 
thrown [s\src\hotspot\share\interpreter\linkResolver.cpp, line 771]
Event: 8.077 Thread 0x000001fcac794460 Implicit null exception at 0x000001fc96b44172 to 0x000001fc96b4478c
Event: 8.158 Thread 0x000001fcac794460 Implicit null exception at 0x000001fc96b4b272 to 0x000001fc96b4b8ac
Event: 8.299 Thread 0x000001fcac794460 Exception <a 'sun/nio/fs/WindowsException'{0x000000008698b408}> (0x000000008698b408) 
thrown [s\src\hotspot\share\prims\jni.cpp, line 517]
Event: 8.299 Thread 0x000001fcac794460 Exception <a 'sun/nio/fs/WindowsException'{0x000000008698d468}> (0x000000008698d468) 
thrown [s\src\hotspot\share\prims\jni.cpp, line 517]
Event: 8.358 Thread 0x000001fcac794460 Exception <a 'java/lang/NoSuchMethodError'{0x00000000862e0960}: 'long java.lang.invoke.DirectMethodHandle$Holder.invokeStatic(java.lang.Object)'> (0x00000000862e0960) 
thrown [s\src\hotspot\share\interpreter\linkResolver.cpp, line 771]
Event: 8.358 Thread 0x000001fcac794460 Exception <a 'java/lang/NoSuchMethodError'{0x00000000862e57a8}: 'long java.lang.invoke.DirectMethodHandle$Holder.invokeStaticInit(java.lang.Object)'> (0x00000000862e57a8) 
thrown [s\src\hotspot\share\interpreter\linkResolver.cpp, line 771]
Event: 8.407 Thread 0x000001fcac794460 Exception <a 'java/lang/NoSuchMethodError'{0x0000000085c3f060}: 'long java.lang.invoke.Invokers$Holder.invoke_MT(java.lang.Object, java.lang.Object, java.lang.Object, java.lang.Object)'> (0x0000000085c3f060) 
thrown [s\src\hotspot\share\interpreter\linkResolver.cpp, line 771]
Event: 8.407 Thread 0x000001fcac794460 Exception <a 'java/lang/NoSuchMethodError'{0x0000000085c486b0}: 'int java.lang.invoke.Invokers$Holder.invoke_MT(java.lang.Object, java.lang.Object, java.lang.Object, java.lang.Object)'> (0x0000000085c486b0) 
thrown [s\src\hotspot\share\interpreter\linkResolver.cpp, line 771]
Event: 8.408 Thread 0x000001fcac794460 Exception <a 'java/lang/NoSuchMethodError'{0x0000000085c59180}: 'void java.lang.invoke.DelegatingMethodHandle$Holder.reinvoke_L(java.lang.Object, java.lang.Object, java.lang.Object, long, java.lang.Object)'> (0x0000000085c59180) 
thrown [s\src\hotspot\share\interpreter\linkResolver.cpp, line 771]
Event: 8.408 Thread 0x000001fcac794460 Exception <a 'java/lang/NoSuchMethodError'{0x0000000085c61d58}: 'java.lang.Object java.lang.invoke.DirectMethodHandle$Holder.invokeSpecial(java.lang.Object, java.lang.Object, java.lang.Object, java.lang.Object, long)'> (0x0000000085c61d58) 
thrown [s\src\hotspot\share\interpreter\linkResolver.cpp, line 771]
Event: 8.409 Thread 0x000001fcac794460 Exception <a 'java/lang/NoSuchMethodError'{0x0000000085c726f8}: 'int java.lang.invoke.DelegatingMethodHandle$Holder.reinvoke_L(java.lang.Object, java.lang.Object, java.lang.Object, long, java.lang.Object, java.lang.Object)'> (0x0000000085c726f8) 
thrown [s\src\hotspot\share\interpreter\linkResolver.cpp, line 771]
Event: 8.410 Thread 0x000001fcac794460 Exception <a 'java/lang/NoSuchMethodError'{0x0000000085c82a40}: 'int java.lang.invoke.DelegatingMethodHandle$Holder.reinvoke_L(java.lang.Object, java.lang.Object, java.lang.Object, long, int, int)'> (0x0000000085c82a40) 
thrown [s\src\hotspot\share\interpreter\linkResolver.cpp, line 771]
Event: 8.410 Thread 0x000001fcac794460 Exception <a 'java/lang/NoSuchMethodError'{0x0000000085c92d10}: 'int java.lang.invoke.DelegatingMethodHandle$Holder.reinvoke_L(java.lang.Object, java.lang.Object, java.lang.Object, long, long, long)'> (0x0000000085c92d10) 
thrown [s\src\hotspot\share\interpreter\linkResolver.cpp, line 771]
Event: 8.412 Thread 0x000001fcac794460 Exception <a 'java/lang/NoSuchMethodError'{0x0000000085ca2a80}: 'int java.lang.invoke.DelegatingMethodHandle$Holder.reinvoke_L(java.lang.Object, java.lang.Object, java.lang.Object, long, int)'> (0x0000000085ca2a80) 
thrown [s\src\hotspot\share\interpreter\linkResolver.cpp, line 771]
Event: 8.810 Thread 0x000001fcac794460 Exception <a 'java/lang/NoSuchMethodError'{0x00000000855de6b8}: 'java.lang.Object java.lang.invoke.Invokers$Holder.invokeExact_MT(java.lang.Object, java.lang.Object, long, java.lang.Object)'> (0x00000000855de6b8) 
thrown [s\src\hotspot\share\interpreter\linkResolver.cpp, line 771]
Event: 8.839 Thread 0x000001fcac794460 Exception <a 'java/lang/NoSuchMethodError'{0x0000000087dd3b10}: 'java.lang.Object java.lang.invoke.Invokers$Holder.invoke_MT(java.lang.Object, java.lang.Object, java.lang.Object)'> (0x0000000087dd3b10) 
thrown [s\src\hotspot\share\interpreter\linkResolver.cpp, line 771]
Event: 9.003 Thread 0x000001fcac794460 Implicit null exception at 0x000001fc96eae5a4 to 0x000001fc96eb0638

VM Operations (20 events):
Event: 9.168 Executing VM operation: G1TryInitiateConcMark done
Event: 9.207 Executing VM operation: G1PauseRemark
Event: 9.212 Executing VM operation: G1PauseRemark done
Event: 9.227 Executing VM operation: G1PauseCleanup
Event: 9.227 Executing VM operation: G1PauseCleanup done
Event: 9.377 Executing VM operation: G1CollectForAllocation
Event: 9.386 Executing VM operation: G1CollectForAllocation done
Event: 9.418 Executing VM operation: G1CollectForAllocation
Event: 9.422 Executing VM operation: G1CollectForAllocation done
Event: 9.668 Executing VM operation: G1TryInitiateConcMark
Event: 9.671 Executing VM operation: G1TryInitiateConcMark done
Event: 9.710 Executing VM operation: G1PauseRemark
Event: 9.714 Executing VM operation: G1PauseRemark done
Event: 9.730 Executing VM operation: G1PauseCleanup
Event: 9.730 Executing VM operation: G1PauseCleanup done
Event: 9.942 Executing VM operation: G1CollectForAllocation
Event: 9.947 Executing VM operation: G1CollectForAllocation done
Event: 9.983 Executing VM operation: G1CollectForAllocation
Event: 9.988 Executing VM operation: G1CollectForAllocation done
Event: 10.315 Executing VM operation: G1CollectForAllocation

Events (20 events):
Event: 8.838 loading class java/nio/channels/FileChannel$MapMode
Event: 8.838 loading class java/nio/channels/FileChannel$MapMode done
Event: 8.838 loading class jdk/internal/misc/ExtendedMapMode
Event: 8.839 loading class jdk/internal/misc/ExtendedMapMode done
Event: 8.839 loading class sun/nio/ch/FileChannelImpl$DefaultUnmapper
Event: 8.839 loading class sun/nio/ch/FileChannelImpl$Unmapper
Event: 8.839 loading class jdk/internal/access/foreign/UnmapperProxy
Event: 8.839 loading class jdk/internal/access/foreign/UnmapperProxy done
Event: 8.839 loading class sun/nio/ch/FileChannelImpl$Unmapper done
Event: 8.839 loading class sun/nio/ch/FileChannelImpl$DefaultUnmapper done
Event: 8.839 loading class sun/nio/ch/Util$4
Event: 8.839 loading class sun/nio/ch/Util$4 done
Event: 8.840 loading class java/io/UTFDataFormatException
Event: 8.840 loading class java/io/UTFDataFormatException done
Event: 8.880 Thread 0x000001fcad77e4b0 Thread added: 0x000001fcad77e4b0
Event: 9.335 loading class java/nio/channels/NonWritableChannelException
Event: 9.335 loading class java/nio/channels/NonWritableChannelException done
Event: 9.535 Thread 0x000001fcad77e4b0 Thread exited: 0x000001fcad77e4b0
Event: 9.761 Thread 0x000001fcad77e4b0 Thread added: 0x000001fcad77e4b0
Event: 10.121 Thread 0x000001fcad77e4b0 Thread exited: 0x000001fcad77e4b0


Dynamic libraries:
0x00007ff7a5650000 - 0x00007ff7a565a000 	C:\Program Files\Android\Android Studio\jbr\bin\java.exe
0x00007ff9ba110000 - 0x00007ff9ba327000 	C:\WINDOWS\SYSTEM32\ntdll.dll
0x00007ff9b93e0000 - 0x00007ff9b94a4000 	C:\WINDOWS\System32\KERNEL32.DLL
0x00007ff9b7650000 - 0x00007ff9b79fc000 	C:\WINDOWS\System32\KERNELBASE.dll
0x00007ff9b7a30000 - 0x00007ff9b7b41000 	C:\WINDOWS\System32\ucrtbase.dll
0x00007ff9a4920000 - 0x00007ff9a4937000 	C:\Program Files\Android\Android Studio\jbr\bin\jli.dll
0x00007ff98d340000 - 0x00007ff98d35b000 	C:\Program Files\Android\Android Studio\jbr\bin\VCRUNTIME140.dll
0x00007ff9b85f0000 - 0x00007ff9b879e000 	C:\WINDOWS\System32\USER32.dll
0x00007ff9a73b0000 - 0x00007ff9a7643000 	C:\WINDOWS\WinSxS\amd64_microsoft.windows.common-controls_6595b64144ccf1df_6.0.22621.3672_none_2713b9d173822955\COMCTL32.dll
0x00007ff9b7a00000 - 0x00007ff9b7a26000 	C:\WINDOWS\System32\win32u.dll
0x00007ff9b9e30000 - 0x00007ff9b9ed7000 	C:\WINDOWS\System32\msvcrt.dll
0x00007ff9b9510000 - 0x00007ff9b9539000 	C:\WINDOWS\System32\GDI32.dll
0x00007ff9b7d30000 - 0x00007ff9b7e49000 	C:\WINDOWS\System32\gdi32full.dll
0x00007ff9b7bd0000 - 0x00007ff9b7c6a000 	C:\WINDOWS\System32\msvcp_win.dll
0x00007ff9b9810000 - 0x00007ff9b9841000 	C:\WINDOWS\System32\IMM32.DLL
0x00007ff9a4c40000 - 0x00007ff9a4c4c000 	C:\Program Files\Android\Android Studio\jbr\bin\vcruntime140_1.dll
0x00007ff94bc40000 - 0x00007ff94bccd000 	C:\Program Files\Android\Android Studio\jbr\bin\msvcp140.dll
0x00007ff93a870000 - 0x00007ff93b4f3000 	C:\Program Files\Android\Android Studio\jbr\bin\server\jvm.dll
0x00007ff9b9ef0000 - 0x00007ff9b9fa2000 	C:\WINDOWS\System32\ADVAPI32.dll
0x00007ff9b9020000 - 0x00007ff9b90ca000 	C:\WINDOWS\System32\sechost.dll
0x00007ff9b7440000 - 0x00007ff9b7468000 	C:\WINDOWS\System32\bcrypt.dll
0x00007ff9b9fb0000 - 0x00007ff9ba0c5000 	C:\WINDOWS\System32\RPCRT4.dll
0x00007ff9af650000 - 0x00007ff9af684000 	C:\WINDOWS\SYSTEM32\WINMM.dll
0x00007ff99e3b0000 - 0x00007ff99e3b9000 	C:\WINDOWS\SYSTEM32\WSOCK32.dll
0x00007ff9b95b0000 - 0x00007ff9b9621000 	C:\WINDOWS\System32\WS2_32.dll
0x00007ff9b6290000 - 0x00007ff9b62dd000 	C:\WINDOWS\SYSTEM32\POWRPROF.dll
0x00007ff9af9a0000 - 0x00007ff9af9aa000 	C:\WINDOWS\SYSTEM32\VERSION.dll
0x00007ff9b6270000 - 0x00007ff9b6283000 	C:\WINDOWS\SYSTEM32\UMPDC.dll
0x00007ff9b6520000 - 0x00007ff9b6538000 	C:\WINDOWS\SYSTEM32\kernel.appcore.dll
0x00007ff9b4300000 - 0x00007ff9b430a000 	C:\Program Files\Android\Android Studio\jbr\bin\jimage.dll
0x00007ff9b4d30000 - 0x00007ff9b4f62000 	C:\WINDOWS\SYSTEM32\DBGHELP.DLL
0x00007ff9b8260000 - 0x00007ff9b85e8000 	C:\WINDOWS\System32\combase.dll
0x00007ff9b9730000 - 0x00007ff9b9807000 	C:\WINDOWS\System32\OLEAUT32.dll
0x00007ff99c090000 - 0x00007ff99c0c2000 	C:\WINDOWS\SYSTEM32\dbgcore.DLL
0x00007ff9b7b50000 - 0x00007ff9b7bcb000 	C:\WINDOWS\System32\bcryptPrimitives.dll
0x00007ff9a6600000 - 0x00007ff9a660e000 	C:\Program Files\Android\Android Studio\jbr\bin\instrument.dll
0x00007ff9a4a70000 - 0x00007ff9a4a95000 	C:\Program Files\Android\Android Studio\jbr\bin\java.dll
0x00007ff9a53b0000 - 0x00007ff9a53c8000 	C:\Program Files\Android\Android Studio\jbr\bin\zip.dll
0x00007ff9b87c0000 - 0x00007ff9b901c000 	C:\WINDOWS\System32\SHELL32.dll
0x00007ff9b5350000 - 0x00007ff9b5c47000 	C:\WINDOWS\SYSTEM32\windows.storage.dll
0x00007ff9b5210000 - 0x00007ff9b534f000 	C:\WINDOWS\SYSTEM32\wintypes.dll
0x00007ff9b9d30000 - 0x00007ff9b9e24000 	C:\WINDOWS\System32\SHCORE.dll
0x00007ff9b7e60000 - 0x00007ff9b7ebe000 	C:\WINDOWS\System32\shlwapi.dll
0x00007ff9b7370000 - 0x00007ff9b7391000 	C:\WINDOWS\SYSTEM32\profapi.dll
0x00007ff9a4be0000 - 0x00007ff9a4bf9000 	C:\Program Files\Android\Android Studio\jbr\bin\net.dll
0x00007ff9aff30000 - 0x00007ff9b0066000 	C:\WINDOWS\SYSTEM32\WINHTTP.dll
0x00007ff9b6990000 - 0x00007ff9b69f9000 	C:\WINDOWS\system32\mswsock.dll
0x00007ff9a4a50000 - 0x00007ff9a4a66000 	C:\Program Files\Android\Android Studio\jbr\bin\nio.dll
0x00007ff9b0780000 - 0x00007ff9b0790000 	C:\Program Files\Android\Android Studio\jbr\bin\verify.dll
0x00007ff9a4840000 - 0x00007ff9a4867000 	C:\Users\Bharath Sai\.gradle\native\c067742578af261105cb4f569cf0c3c89f3d7b1fecec35dd04571415982c5e48\windows-amd64\native-platform.dll
0x00007ff93a4a0000 - 0x00007ff93a5e4000 	C:\Users\Bharath Sai\.gradle\native\38dada09dfb8b06ba9b0570ebf7e218e3eb74d4ef43ca46872605cf95ebc2f47\windows-amd64\native-platform-file-events.dll
0x00007ff9b42f0000 - 0x00007ff9b42f9000 	C:\Program Files\Android\Android Studio\jbr\bin\management.dll
0x00007ff9b08e0000 - 0x00007ff9b08eb000 	C:\Program Files\Android\Android Studio\jbr\bin\management_ext.dll
0x00007ff9b7e50000 - 0x00007ff9b7e58000 	C:\WINDOWS\System32\PSAPI.DLL
0x00007ff9b6bb0000 - 0x00007ff9b6bcb000 	C:\WINDOWS\SYSTEM32\CRYPTSP.dll
0x00007ff9b6480000 - 0x00007ff9b64b5000 	C:\WINDOWS\system32\rsaenh.dll
0x00007ff9b6a50000 - 0x00007ff9b6a78000 	C:\WINDOWS\SYSTEM32\USERENV.dll
0x00007ff9b6bd0000 - 0x00007ff9b6bdc000 	C:\WINDOWS\SYSTEM32\CRYPTBASE.dll
0x00007ff9b5f20000 - 0x00007ff9b5f4d000 	C:\WINDOWS\SYSTEM32\IPHLPAPI.DLL
0x00007ff9b9540000 - 0x00007ff9b9549000 	C:\WINDOWS\System32\NSI.dll
0x00007ff9b0560000 - 0x00007ff9b0579000 	C:\WINDOWS\SYSTEM32\dhcpcsvc6.DLL
0x00007ff9afe60000 - 0x00007ff9afe7f000 	C:\WINDOWS\SYSTEM32\dhcpcsvc.DLL
0x00007ff9b5f90000 - 0x00007ff9b6088000 	C:\WINDOWS\SYSTEM32\DNSAPI.dll
0x00007ff9a4fa0000 - 0x00007ff9a4fa8000 	C:\WINDOWS\system32\wshunix.dll

dbghelp: loaded successfully - version: 4.0.5 - missing functions: none
symbol engine: initialized successfully - sym options: 0x614 - pdb path: .;C:\Program Files\Android\Android Studio\jbr\bin;C:\WINDOWS\SYSTEM32;C:\WINDOWS\WinSxS\amd64_microsoft.windows.common-controls_6595b64144ccf1df_6.0.22621.3672_none_2713b9d173822955;C:\Program Files\Android\Android Studio\jbr\bin\server;C:\Users\Bharath Sai\.gradle\native\c067742578af261105cb4f569cf0c3c89f3d7b1fecec35dd04571415982c5e48\windows-amd64;C:\Users\Bharath Sai\.gradle\native\38dada09dfb8b06ba9b0570ebf7e218e3eb74d4ef43ca46872605cf95ebc2f47\windows-amd64

VM Arguments:
jvm_args: --add-opens=java.base/java.util=ALL-UNNAMED --add-opens=java.base/java.lang=ALL-UNNAMED --add-opens=java.base/java.lang.invoke=ALL-UNNAMED --add-opens=java.prefs/java.util.prefs=ALL-UNNAMED --add-opens=java.base/java.nio.charset=ALL-UNNAMED --add-opens=java.base/java.net=ALL-UNNAMED --add-opens=java.base/java.util.concurrent.atomic=ALL-UNNAMED -Xmx2048m -Dfile.encoding=UTF-8 -Duser.country=IN -Duser.language=en -Duser.variant -javaagent:C:\Users\Bharath Sai\.gradle\wrapper\dists\gradle-8.4-bin\1w5dpkrfk8irigvoxmyhowfim\gradle-8.4\lib\agents\gradle-instrumentation-agent-8.4.jar 
java_command: org.gradle.launcher.daemon.bootstrap.GradleDaemon 8.4
java_class_path (initial): C:\Users\Bharath Sai\.gradle\wrapper\dists\gradle-8.4-bin\1w5dpkrfk8irigvoxmyhowfim\gradle-8.4\lib\gradle-launcher-8.4.jar
Launcher Type: SUN_STANDARD

[Global flags]
     intx CICompilerCount                          = 12                                        {product} {ergonomic}
     uint ConcGCThreads                            = 3                                         {product} {ergonomic}
     uint G1ConcRefinementThreads                  = 13                                        {product} {ergonomic}
   size_t G1HeapRegionSize                         = 1048576                                   {product} {ergonomic}
    uintx GCDrainStackTargetSize                   = 64                                        {product} {ergonomic}
   size_t InitialHeapSize                          = 132120576                                 {product} {ergonomic}
   size_t MarkStackSize                            = 4194304                                   {product} {ergonomic}
   size_t MaxHeapSize                              = 2147483648                                {product} {command line}
   size_t MaxNewSize                               = 1287651328                                {product} {ergonomic}
   size_t MinHeapDeltaBytes                        = 1048576                                   {product} {ergonomic}
   size_t MinHeapSize                              = 8388608                                   {product} {ergonomic}
    uintx NonNMethodCodeHeapSize                   = 7602480                                {pd product} {ergonomic}
    uintx NonProfiledCodeHeapSize                  = 122027880                              {pd product} {ergonomic}
    uintx ProfiledCodeHeapSize                     = 122027880                              {pd product} {ergonomic}
    uintx ReservedCodeCacheSize                    = 251658240                              {pd product} {ergonomic}
     bool SegmentedCodeCache                       = true                                      {product} {ergonomic}
   size_t SoftMaxHeapSize                          = 2147483648                             {manageable} {ergonomic}
     bool UseCompressedClassPointers               = true                           {product lp64_product} {ergonomic}
     bool UseCompressedOops                        = true                           {product lp64_product} {ergonomic}
     bool UseG1GC                                  = true                                      {product} {ergonomic}
     bool UseLargePagesIndividualAllocation        = false                                  {pd product} {ergonomic}

Logging:
Log output configuration:
 #0: stdout all=warning uptime,level,tags
 #1: stderr all=off uptime,level,tags

Environment Variables:
JAVA_HOME=C:\Users\Bharath Sai\AppData\Local\Programs\Eclipse Adoptium\jdk-17.0.6.10-hotspot\
PATH=C:\Python312\Scripts\;C:\Python312\;C:\Program Files\Common Files\Oracle\Java\javapath;C:\Program Files (x86)\Common Files\Oracle\Java\javapath;C:\Python310\Scripts\;C:\Python310\;C:\Windows\system32;C:\Windows;C:\Program Files\Java\jdk-19\bin;C:\Windows\System32\Wbem;C:\Windows\System32\WindowsPowerShell\v1.0\;C:\Windows\System32\OpenSSH\;C:\Program Files (x86)\NVIDIA Corporation\PhysX\Common;C:\Program Files\NVIDIA Corporation\NVIDIA NvDLISR;C:\WINDOWS\system32;C:\WINDOWS;C:\WINDOWS\System32\Wbem;C:\WINDOWS\System32\WindowsPowerShell\v1.0\;C:\WINDOWS\System32\OpenSSH\;C:\Program Files\Git\cmd;C:\ProgramData\chocolatey\bin;C:\Program Files\Cloudflare\Cloudflare WARP\;C:\Program Files\nodejs\;C:\Program Files\dotnet\;C:\Program Files\PowerShell\7\;C:\Program Files\MySQL\MySQL Server 8.0\bin;;C:\Program Files\Docker\Docker\resources\bin;C:\Program Files\MySQL\MySQL Shell 8.0\bin\;C:\Users\Bharath Sai\AppData\Local\Programs\Eclipse Adoptium\jdk-17.0.6.10-hotspot\bin;C:\Users\Bharath Sai\anaconda3;C:\Users\Bharath Sai\anaconda3\Library\mingw-w64\bin;C:\Users\Bharath Sai\anaconda3\Library\usr\bin;C:\Users\Bharath Sai\anaconda3\Library\bin;C:\Users\Bharath Sai\anaconda3\Scripts;C:\Users\Bharath Sai\AppData\Local\Microsoft\WindowsApps;C:\MinGW\bin;C:\Users\Bharath Sai\AppData\Local\Programs\Microsoft VS Code\bin;C:\Users\Bharath Sai\AppData\Roaming\npm;C:\Users\Bharath Sai\AppData\Local\GitHubDesktop\bin
USERNAME=Bharath Sai
OS=Windows_NT
PROCESSOR_IDENTIFIER=Intel64 Family 6 Model 165 Stepping 2, GenuineIntel
TMP=C:\Users\BHARAT~1\AppData\Local\Temp
TEMP=C:\Users\BHARAT~1\AppData\Local\Temp



Periodic native trim disabled

JNI global refs:
JNI global refs: 34, weak refs: 0

JNI global refs memory usage: 843, weak refs: 841

OOME stack traces (most recent first):
Classloader memory used:
Loader org.gradle.internal.classloader.VisitableURLClassLoader                         : 7192K
Loader bootstrap                                                                       : 2539K
Loader org.gradle.initialization.MixInLegacyTypesClassLoader                           : 1064K
Loader org.gradle.internal.classloader.VisitableURLClassLoader$InstrumentingVisitableURLClassLoader: 100836B
Loader org.gradle.internal.classloader.VisitableURLClassLoader                         : 90336B
Loader jdk.internal.loader.ClassLoaders$PlatformClassLoader                            : 68058B
Loader jdk.internal.jrtfs.JrtFileSystemProvider$JrtFsLoader                            : 39569B
Loader jdk.internal.reflect.DelegatingClassLoader                                      : 34019B
Loader jdk.internal.loader.ClassLoaders$AppClassLoader                                 : 28460B
Loader org.gradle.groovy.scripts.internal.DefaultScriptCompilationHandler$ScriptClassLoader: 10857B
Loader org.codehaus.groovy.runtime.callsite.CallSiteClassLoader                        : 6363B

Classes loaded by more than one classloader:
Class org.gradle.internal.Cast                                                        : loaded 3 times (x 69B)
Class Program                                                                         : loaded 3 times (x 70B)
Class org.gradle.api.GradleException                                                  : loaded 3 times (x 80B)
Class org.gradle.internal.classpath.ClassPath                                         : loaded 2 times (x 68B)
Class org.gradle.api.internal.classpath.DefaultModuleRegistry                         : loaded 2 times (x 84B)
Class org.gradle.internal.exceptions.NonGradleCauseExceptionsHolder                   : loaded 2 times (x 68B)
Class Settings_gradle$1$1                                                             : loaded 2 times (x 72B)
Class com.intellij.openapi.externalSystem.model.ExternalSystemException               : loaded 2 times (x 84B)
Class jdk.internal.jimage.BasicImageReader$1                                          : loaded 2 times (x 75B)
Class org.gradle.api.Action                                                           : loaded 2 times (x 68B)
Class org.jetbrains.kotlin.idea.gradleTooling.model.samWithReceiver.SamWithReceiverModel: loaded 2 times (x 68B)
Class org.jetbrains.plugins.gradle.model.ExternalProject                              : loaded 2 times (x 68B)
Class org.jetbrains.plugins.gradle.model.IntelliJSettings                             : loaded 2 times (x 68B)
Class jdk.internal.jimage.ImageBufferCache$1                                          : loaded 2 times (x 78B)
Class jdk.internal.jimage.ImageBufferCache$2                                          : loaded 2 times (x 89B)
Class org.jetbrains.kotlin.idea.gradleTooling.KotlinMPPGradleModel                    : loaded 2 times (x 68B)
Class org.gradle.api.internal.DefaultClassPathProvider                                : loaded 2 times (x 74B)
Class org.gradle.internal.installation.GradleInstallation$1                           : loaded 2 times (x 73B)
Class jdk.internal.jrtfs.SystemImage$1                                                : loaded 2 times (x 76B)
Class jdk.internal.jrtfs.SystemImage$2                                                : loaded 2 times (x 74B)
Class org.gradle.internal.exceptions.DefaultMultiCauseException                       : loaded 2 times (x 89B)
Class org.gradle.tooling.model.UnsupportedMethodException                             : loaded 2 times (x 80B)
Class org.gradle.internal.time.MonotonicClock                                         : loaded 2 times (x 75B)
Class org.gradle.internal.classloader.FilteringClassLoader                            : loaded 2 times (x 103B)
Class jdk.internal.jimage.ImageReader$Resource                                        : loaded 2 times (x 82B)
Class jdk.internal.jrtfs.SystemImage                                                  : loaded 2 times (x 72B)
Class org.gradle.tooling.model.Model                                                  : loaded 2 times (x 68B)
Class org.gradle.internal.classpath.DefaultClassPath$ImmutableUniqueList$Builder      : loaded 2 times (x 73B)
Class org.jetbrains.kotlin.idea.gradleTooling.KotlinSourceSetContainer                : loaded 2 times (x 68B)
Class jdk.internal.jrtfs.JrtDirectoryStream$1                                         : loaded 2 times (x 81B)
Class org.gradle.internal.classloader.ClassLoaderVisitor                              : loaded 2 times (x 74B)
Class org.gradle.internal.time.DefaultCountdownTimer                                  : loaded 2 times (x 86B)
Class org.gradle.internal.service.DefaultServiceLocator                               : loaded 2 times (x 81B)
Class org.gradle.internal.service.UnknownServiceException                             : loaded 2 times (x 81B)
Class org.jetbrains.plugins.gradle.model.DependencyAccessorsModel                     : loaded 2 times (x 68B)
Class org.gradle.internal.classloader.DefaultClassLoaderFactory                       : loaded 2 times (x 80B)
Class jdk.internal.jimage.ImageReader$SharedImageReader                               : loaded 2 times (x 93B)
Class org.jetbrains.plugins.gradle.model.GradleExtensions                             : loaded 2 times (x 68B)
Class jdk.internal.jimage.decompressor.ZipDecompressorFactory                         : loaded 2 times (x 72B)
Class org.jetbrains.plugins.gradle.model.VersionCatalogsModel                         : loaded 2 times (x 68B)
Class org.gradle.internal.classloader.VisitableURLClassLoader$Spec                    : loaded 2 times (x 72B)
Class org.gradle.tooling.model.ProjectModel                                           : loaded 2 times (x 68B)
Class org.jetbrains.plugins.gradle.model.MavenRepositoryModel                         : loaded 2 times (x 68B)
Class org.gradle.tooling.internal.gradle.DefaultProjectIdentifier                     : loaded 2 times (x 84B)
Class org.gradle.api.internal.classpath.ModuleRegistry                                : loaded 2 times (x 68B)
Class org.gradle.util.GradleVersion                                                   : loaded 2 times (x 81B)
Class kotlin.jvm.internal.markers.KMappedMarker                                       : loaded 2 times (x 68B)
Class org.gradle.api.internal.ClassPathProvider                                       : loaded 2 times (x 68B)
Class org.gradle.internal.classloader.ClasspathUtil$1                                 : loaded 2 times (x 74B)
Class org.gradle.internal.classloader.ClassLoaderFactory                              : loaded 2 times (x 68B)
Class jdk.internal.jimage.ImageHeader                                                 : loaded 2 times (x 69B)
Class org.gradle.api.internal.classpath.ManifestUtil                                  : loaded 2 times (x 69B)
Class org.gradle.api.specs.Spec                                                       : loaded 2 times (x 68B)
Class org.gradle.tooling.internal.gradle.GradleBuildIdentity                          : loaded 2 times (x 68B)
Class org.gradle.internal.IoActions                                                   : loaded 2 times (x 69B)
Class jdk.internal.jimage.decompressor.StringSharingDecompressorFactory               : loaded 2 times (x 72B)
Class org.gradle.api.internal.classpath.EffectiveClassPath                            : loaded 2 times (x 88B)
Class kotlin.jvm.internal.DefaultConstructorMarker                                    : loaded 2 times (x 69B)
Class org.jetbrains.kotlin.idea.gradleTooling.model.annotation.AnnotationBasedPluginModel: loaded 2 times (x 68B)
Class org.jetbrains.kotlin.idea.gradleTooling.model.assignment.AssignmentModel        : loaded 2 times (x 68B)
Class org.gradle.internal.installation.CurrentGradleInstallation                      : loaded 2 times (x 71B)
Class org.gradle.internal.agents.InstrumentingClassLoader                             : loaded 2 times (x 68B)
Class org.gradle.internal.installation.CurrentGradleInstallationLocator               : loaded 2 times (x 69B)
Class org.gradle.api.internal.classpath.Module                                        : loaded 2 times (x 68B)
Class ijInit3_c5ka2xx5pk6yckppqgko41qul                                               : loaded 2 times (x 177B)
Class org.gradle.internal.service.CachingServiceLocator                               : loaded 2 times (x 80B)
Class org.gradle.internal.time.Timer                                                  : loaded 2 times (x 68B)
Class org.jetbrains.plugins.gradle.model.tests.ExternalTestsModel                     : loaded 2 times (x 68B)
Class org.jetbrains.kotlin.idea.gradleTooling.KotlinDslScriptAdditionalTask           : loaded 2 times (x 68B)
Class org.gradle.internal.classpath.DefaultClassPath                                  : loaded 2 times (x 88B)
Class jdk.internal.jimage.BasicImageReader                                            : loaded 2 times (x 93B)
Class com.intellij.openapi.externalSystem.model.project.dependencies.ProjectDependencies: loaded 2 times (x 68B)
Class org.jetbrains.kotlin.idea.gradleTooling.PrepareKotlinIdeImportTaskModel         : loaded 2 times (x 68B)
Class jdk.internal.jimage.ImageLocation                                               : loaded 2 times (x 88B)
Class org.gradle.internal.impldep.com.google.common.base.Preconditions                : loaded 2 times (x 69B)
Class kotlin.jvm.functions.Function1                                                  : loaded 2 times (x 68B)
Class jdk.internal.jimage.ImageReader$Node                                            : loaded 2 times (x 82B)
Class org.gradle.internal.time.Time                                                   : loaded 2 times (x 69B)
Class jdk.internal.jimage.decompressor.CompressedResourceHeader                       : loaded 2 times (x 69B)
Class org.gradle.internal.time.TimeSource$1                                           : loaded 2 times (x 75B)
Class jdk.internal.jrtfs.JrtPath                                                      : loaded 2 times (x 116B)
Class jdk.internal.jimage.ImageStrings                                                : loaded 2 times (x 68B)
Class jdk.internal.jrtfs.JrtFileAttributes                                            : loaded 2 times (x 81B)
Class org.gradle.internal.classloader.SystemClassLoaderSpec                           : loaded 2 times (x 69B)
Class jdk.internal.jimage.decompressor.ResourceDecompressorRepository                 : loaded 2 times (x 69B)
Class kotlin.Function                                                                 : loaded 2 times (x 68B)
Class sync_studio_tooling62608_58swj826f2iv01jeyfs67aaf6                              : loaded 2 times (x 177B)
Class org.gradle.api.UncheckedIOException                                             : loaded 2 times (x 80B)
Class jdk.internal.jimage.decompressor.ResourceDecompressor$StringsProvider           : loaded 2 times (x 68B)
Class org.jetbrains.plugins.gradle.model.RepositoriesModel                            : loaded 2 times (x 68B)
Class jdk.internal.jimage.decompressor.Decompressor                                   : loaded 2 times (x 70B)
Class jdk.internal.jrtfs.JrtFileSystem                                                : loaded 2 times (x 100B)
Class org.gradle.tooling.internal.gradle.GradleProjectIdentity                        : loaded 2 times (x 68B)
Class jdk.internal.jrtfs.JrtFileSystemProvider                                        : loaded 2 times (x 97B)
Class org.gradle.internal.time.CountdownTimer                                         : loaded 2 times (x 68B)
Class org.gradle.internal.time.Clock                                                  : loaded 2 times (x 68B)
Class org.gradle.internal.classloader.ClasspathUtil                                   : loaded 2 times (x 69B)
Class jdk.internal.jrtfs.JrtDirectoryStream                                           : loaded 2 times (x 87B)
Class org.gradle.tooling.model.BuildIdentifier                                        : loaded 2 times (x 68B)
Class jdk.internal.jimage.decompressor.ResourceDecompressor                           : loaded 2 times (x 68B)
Class org.gradle.api.internal.DefaultClassPathRegistry                                : loaded 2 times (x 74B)
Class org.gradle.api.internal.classpath.DefaultModuleRegistry$DefaultModule           : loaded 2 times (x 84B)
Class org.gradle.internal.time.TimeSource                                             : loaded 2 times (x 68B)
Class org.jetbrains.kotlin.android.synthetic.idea.AndroidExtensionsGradleModel        : loaded 2 times (x 68B)
Class org.gradle.api.internal.classpath.UnknownModuleException                        : loaded 2 times (x 80B)
Class sync_studio_tooling62608_58swj826f2iv01jeyfs67aaf6$_run_closure1                : loaded 2 times (x 137B)
Class org.jetbrains.plugins.gradle.model.IntelliJProjectSettings                      : loaded 2 times (x 68B)
Class org.gradle.internal.service.ServiceLookupException                              : loaded 2 times (x 80B)
Class jdk.internal.jimage.ImageStringsReader                                          : loaded 2 times (x 78B)
Class org.gradle.cache.GlobalCache                                                    : loaded 2 times (x 68B)
Class jdk.internal.jimage.decompressor.ResourceDecompressorFactory                    : loaded 2 times (x 72B)
Class org.jetbrains.kotlin.idea.gradleTooling.model.lombok.LombokModel                : loaded 2 times (x 68B)
Class org.gradle.tooling.model.ProjectIdentifier                                      : loaded 2 times (x 68B)
Class [Lorg.gradle.api.internal.ClassPathProvider;                                    : loaded 2 times (x 67B)
Class jdk.internal.jimage.ImageReader$SharedImageReader$LocationVisitor               : loaded 2 times (x 68B)
Class org.gradle.internal.operations.MultipleBuildOperationFailures                   : loaded 2 times (x 89B)
Class org.gradle.util.internal.GUtil                                                  : loaded 2 times (x 69B)
Class jdk.internal.jimage.decompressor.ZipDecompressor                                : loaded 2 times (x 73B)
Class org.jetbrains.plugins.gradle.model.AnnotationProcessingModel                    : loaded 2 times (x 68B)
Class org.gradle.internal.classloader.ClassLoaderSpec                                 : loaded 2 times (x 69B)
Class org.jetbrains.plugins.gradle.model.BuildScriptClasspathModel                    : loaded 2 times (x 68B)
Class org.gradle.internal.classloader.VisitableURLClassLoader                         : loaded 2 times (x 115B)
Class org.gradle.internal.installation.GradleInstallation                             : loaded 2 times (x 73B)
Class org.gradle.api.internal.ClassPathRegistry                                       : loaded 2 times (x 68B)
Class org.gradle.internal.classloader.VisitableURLClassLoader$InstrumentingVisitableURLClassLoader: loaded 2 times (x 121B)
Class org.gradle.internal.classloader.ClassLoaderHierarchy                            : loaded 2 times (x 68B)
Class org.gradle.internal.exceptions.MultiCauseException                              : loaded 2 times (x 68B)
Class jdk.internal.jimage.ImageReader                                                 : loaded 2 times (x 73B)
Class org.jetbrains.kotlin.idea.gradleTooling.model.parcelize.ParcelizeGradleModel    : loaded 2 times (x 68B)
Class org.gradle.internal.InternalTransformer                                         : loaded 2 times (x 68B)
Class org.jetbrains.kotlin.idea.gradleTooling.model.noarg.NoArgModel                  : loaded 2 times (x 68B)
Class org.jetbrains.kotlin.idea.gradleTooling.KotlinGradleModel                       : loaded 2 times (x 68B)
Class org.gradle.tooling.internal.gradle.DefaultBuildIdentifier                       : loaded 2 times (x 77B)
Class org.gradle.internal.service.ServiceLocator                                      : loaded 2 times (x 68B)
Class Settings_gradle$1                                                               : loaded 2 times (x 72B)
Class org.jetbrains.kotlin.idea.gradleTooling.model.allopen.AllOpenModel              : loaded 2 times (x 68B)
Class org.gradle.internal.classpath.DefaultClassPath$ImmutableUniqueList              : loaded 2 times (x 159B)
Class jdk.internal.jimage.ImageBufferCache                                            : loaded 2 times (x 69B)
Class org.gradle.internal.time.DefaultTimer                                           : loaded 2 times (x 78B)
Class org.gradle.internal.classpath.TransformedClassPath                              : loaded 2 times (x 94B)
Class Settings_gradle                                                                 : loaded 2 times (x 126B)
Class jdk.internal.jimage.ImageReader$Directory                                       : loaded 2 times (x 82B)


---------------  S Y S T E M  ---------------

OS:
 Windows 11 , 64 bit Build 22621 (10.0.22621.3672)
OS uptime: 3 days 0:26 hours
Hyper-V role detected

CPU: total 16 (initial active 16) (8 cores per cpu, 2 threads per core) family 6 model 165 stepping 2 microcode 0xe0, cx8, cmov, fxsr, ht, mmx, 3dnowpref, sse, sse2, sse3, ssse3, sse4.1, sse4.2, popcnt, lzcnt, tsc, tscinvbit, avx, avx2, aes, erms, clmul, bmi1, bmi2, adx, fma, vzeroupper, clflush, clflushopt, hv
Processor Information for all 16 processors :
  Max Mhz: 2208, Current Mhz: 2208, Mhz Limit: 2208

Memory: 4k page, system-wide physical 8027M (513M free)
TotalPageFile size 32603M (AvailPageFile size 110M)
current process WorkingSet (physical memory assigned to process): 400M, peak: 422M
current process commit charge ("private bytes"): 448M, peak: 586M

vm_info: OpenJDK 64-Bit Server VM (17.0.9+0--11185874) for windows-amd64 JRE (17.0.9+0--11185874), built on Dec  6 2023 18:57:44 by "androidbuild" with MS VC++ 16.10 / 16.11 (VS2019)

END.
