#
# There is insufficient memory for the Java Runtime Environment to continue.
# Native memory allocation (malloc) failed to allocate 1109344 bytes for Chunk::new
# Possible reasons:
#   The system is out of physical RAM or swap space
#   The process is running with CompressedOops enabled, and the Java Heap may be blocking the growth of the native heap
# Possible solutions:
#   Reduce memory load on the system
#   Increase physical memory or swap space
#   Check if swap backing store is full
#   Decrease Java heap size (-Xmx/-Xms)
#   Decrease number of Java threads
#   Decrease Java thread stack sizes (-Xss)
#   Set larger code cache with -XX:ReservedCodeCacheSize=
#   JVM is running with Unscaled Compressed Oops mode in which the Java heap is
#     placed in the first 4GB address space. The Java Heap base address is the
#     maximum limit for the native heap growth. Please use -XX:HeapBaseMinAddress
#     to set the Java Heap base and to place the Java Heap above 4GB virtual address.
# This output file may be truncated or incomplete.
#
#  Out of Memory Error (arena.cpp:191), pid=24268, tid=13760
#
# JRE version: OpenJDK Runtime Environment (17.0.9) (build 17.0.9+0--11185874)
# Java VM: OpenJDK 64-Bit Server VM (17.0.9+0--11185874, mixed mode, tiered, compressed oops, compressed class ptrs, g1 gc, windows-amd64)
# No core dump will be written. Minidumps are not enabled by default on client versions of Windows
#

---------------  S U M M A R Y ------------

Command Line: --add-opens=java.base/java.util=ALL-UNNAMED --add-opens=java.base/java.lang=ALL-UNNAMED --add-opens=java.base/java.lang.invoke=ALL-UNNAMED --add-opens=java.prefs/java.util.prefs=ALL-UNNAMED --add-opens=java.base/java.nio.charset=ALL-UNNAMED --add-opens=java.base/java.net=ALL-UNNAMED --add-opens=java.base/java.util.concurrent.atomic=ALL-UNNAMED -Xmx2048m -Dfile.encoding=UTF-8 -Duser.country=IN -Duser.language=en -Duser.variant -javaagent:C:\Users\Bharath Sai\.gradle\wrapper\dists\gradle-8.4-bin\1w5dpkrfk8irigvoxmyhowfim\gradle-8.4\lib\agents\gradle-instrumentation-agent-8.4.jar org.gradle.launcher.daemon.bootstrap.GradleDaemon 8.4

Host: Intel(R) Core(TM) i7-10870H CPU @ 2.20GHz, 16 cores, 7G,  Windows 11 , 64 bit Build 22621 (10.0.22621.3672)
Time: Sun Jun 30 16:52:10 2024 India Standard Time elapsed time: 5.058793 seconds (0d 0h 0m 5s)

---------------  T H R E A D  ---------------

Current thread (0x0000020da93e2030):  JavaThread "C2 CompilerThread1" daemon [_thread_in_native, id=13760, stack(0x0000000e69b00000,0x0000000e69c00000)]


Current CompileTask:
C2:   5058 3750   !   4       jdk.internal.loader.URLClassPath$JarLoader::getResource (354 bytes)

Stack: [0x0000000e69b00000,0x0000000e69c00000]
Native frames: (J=compiled Java code, j=interpreted, Vv=VM code, C=native code)
V  [jvm.dll+0x6886e9]
V  [jvm.dll+0x841e4a]
V  [jvm.dll+0x843a8e]
V  [jvm.dll+0x8440f3]
V  [jvm.dll+0x24c14f]
V  [jvm.dll+0xac44c]
V  [jvm.dll+0xaca9c]
V  [jvm.dll+0x36c1f7]
V  [jvm.dll+0x33651a]
V  [jvm.dll+0x3359ba]
V  [jvm.dll+0x21ddb1]
V  [jvm.dll+0x21d1d1]
V  [jvm.dll+0x1a674d]
V  [jvm.dll+0x22d088]
V  [jvm.dll+0x22b1c0]
V  [jvm.dll+0x7f62f7]
V  [jvm.dll+0x7f06aa]
V  [jvm.dll+0x687565]
C  [ucrtbase.dll+0x29333]
C  [KERNEL32.DLL+0x1257d]
C  [ntdll.dll+0x5af28]


---------------  P R O C E S S  ---------------

Threads class SMR info:
_java_thread_list=0x0000020dac885c10, length=54, elements={
0x0000020d8a35e7b0, 0x0000020da901e040, 0x0000020da901ead0, 0x0000020da90662a0,
0x0000020da9066e60, 0x0000020da9068030, 0x0000020da906aa00, 0x0000020da906b6f0,
0x0000020da906c0f0, 0x0000020da906eb00, 0x0000020da91b4ca0, 0x0000020da91b5d50,
0x0000020da92a3ce0, 0x0000020da9e130d0, 0x0000020da994b790, 0x0000020da93e2030,
0x0000020dab4ea4e0, 0x0000020daad505c0, 0x0000020dab8b4220, 0x0000020daa1177c0,
0x0000020daab6b440, 0x0000020dab33f8d0, 0x0000020dab3401c0, 0x0000020dab07b6a0,
0x0000020dab07cae0, 0x0000020dab07cff0, 0x0000020dab07a260, 0x0000020dab07bbb0,
0x0000020dab079d50, 0x0000020dac6d6360, 0x0000020dab07a770, 0x0000020dab07c5d0,
0x0000020dab07ac80, 0x0000020dab07c0c0, 0x0000020dab07b190, 0x0000020dad9525f0,
0x0000020dad9520e0, 0x0000020dad950790, 0x0000020dad951bd0, 0x0000020dad950280,
0x0000020dad94f860, 0x0000020dad9511b0, 0x0000020dad950ca0, 0x0000020dad955890,
0x0000020dad955da0, 0x0000020dad94fd70, 0x0000020dad9516c0, 0x0000020dad9567c0,
0x0000020dad952b00, 0x0000020dad956cd0, 0x0000020dad953010, 0x0000020dad953520,
0x0000020dad953a30, 0x0000020dad954450
}

Java Threads: ( => current thread )
  0x0000020d8a35e7b0 JavaThread "main" [_thread_blocked, id=3896, stack(0x0000000e68700000,0x0000000e68800000)]
  0x0000020da901e040 JavaThread "Reference Handler" daemon [_thread_blocked, id=5952, stack(0x0000000e68e00000,0x0000000e68f00000)]
  0x0000020da901ead0 JavaThread "Finalizer" daemon [_thread_blocked, id=24828, stack(0x0000000e68f00000,0x0000000e69000000)]
  0x0000020da90662a0 JavaThread "Signal Dispatcher" daemon [_thread_blocked, id=5116, stack(0x0000000e69000000,0x0000000e69100000)]
  0x0000020da9066e60 JavaThread "Attach Listener" daemon [_thread_blocked, id=5768, stack(0x0000000e69100000,0x0000000e69200000)]
  0x0000020da9068030 JavaThread "Service Thread" daemon [_thread_blocked, id=3900, stack(0x0000000e69200000,0x0000000e69300000)]
  0x0000020da906aa00 JavaThread "Monitor Deflation Thread" daemon [_thread_blocked, id=4552, stack(0x0000000e69300000,0x0000000e69400000)]
  0x0000020da906b6f0 JavaThread "C2 CompilerThread0" daemon [_thread_in_native, id=23840, stack(0x0000000e69400000,0x0000000e69500000)]
  0x0000020da906c0f0 JavaThread "C1 CompilerThread0" daemon [_thread_blocked, id=16952, stack(0x0000000e69500000,0x0000000e69600000)]
  0x0000020da906eb00 JavaThread "Sweeper thread" daemon [_thread_blocked, id=18324, stack(0x0000000e69600000,0x0000000e69700000)]
  0x0000020da91b4ca0 JavaThread "Common-Cleaner" daemon [_thread_blocked, id=17272, stack(0x0000000e69700000,0x0000000e69800000)]
  0x0000020da91b5d50 JavaThread "C1 CompilerThread1" daemon [_thread_blocked, id=17868, stack(0x0000000e69800000,0x0000000e69900000)]
  0x0000020da92a3ce0 JavaThread "Notification Thread" daemon [_thread_blocked, id=7828, stack(0x0000000e69900000,0x0000000e69a00000)]
  0x0000020da9e130d0 JavaThread "C1 CompilerThread2" daemon [_thread_blocked, id=17848, stack(0x0000000e69c00000,0x0000000e69d00000)]
  0x0000020da994b790 JavaThread "C1 CompilerThread3" daemon [_thread_blocked, id=23048, stack(0x0000000e69d00000,0x0000000e69e00000)]
=>0x0000020da93e2030 JavaThread "C2 CompilerThread1" daemon [_thread_in_native, id=13760, stack(0x0000000e69b00000,0x0000000e69c00000)]
  0x0000020dab4ea4e0 JavaThread "Daemon health stats" [_thread_blocked, id=9452, stack(0x0000000e6a200000,0x0000000e6a300000)]
  0x0000020daad505c0 JavaThread "Incoming local TCP Connector on port 51025" [_thread_in_native, id=21956, stack(0x0000000e6a300000,0x0000000e6a400000)]
  0x0000020dab8b4220 JavaThread "Daemon periodic checks" [_thread_blocked, id=12684, stack(0x0000000e6a400000,0x0000000e6a500000)]
  0x0000020daa1177c0 JavaThread "Daemon" [_thread_blocked, id=27520, stack(0x0000000e6a500000,0x0000000e6a600000)]
  0x0000020daab6b440 JavaThread "Handler for socket connection from /127.0.0.1:51025 to /127.0.0.1:51026" [_thread_in_native, id=8448, stack(0x0000000e6a600000,0x0000000e6a700000)]
  0x0000020dab33f8d0 JavaThread "Cancel handler" [_thread_blocked, id=14648, stack(0x0000000e6a700000,0x0000000e6a800000)]
  0x0000020dab3401c0 JavaThread "Daemon worker" [_thread_in_Java, id=20640, stack(0x0000000e6a800000,0x0000000e6a900000)]
  0x0000020dab07b6a0 JavaThread "Asynchronous log dispatcher for DefaultDaemonConnection: socket connection from /127.0.0.1:51025 to /127.0.0.1:51026" [_thread_blocked, id=25036, stack(0x0000000e6a900000,0x0000000e6aa00000)]
  0x0000020dab07cae0 JavaThread "Stdin handler" [_thread_blocked, id=6104, stack(0x0000000e6aa00000,0x0000000e6ab00000)]
  0x0000020dab07cff0 JavaThread "Daemon client event forwarder" [_thread_blocked, id=11988, stack(0x0000000e6ab00000,0x0000000e6ac00000)]
  0x0000020dab07a260 JavaThread "Cache worker for journal cache (C:\Users\Bharath Sai\.gradle\caches\journal-1)" [_thread_blocked, id=15024, stack(0x0000000e6b600000,0x0000000e6b700000)]
  0x0000020dab07bbb0 JavaThread "File lock request listener" [_thread_in_native, id=9124, stack(0x0000000e6b700000,0x0000000e6b800000)]
  0x0000020dab079d50 JavaThread "Cache worker for file hash cache (C:\Users\Bharath Sai\.gradle\caches\8.4\fileHashes)" [_thread_blocked, id=11484, stack(0x0000000e6b800000,0x0000000e6b900000)]
  0x0000020dac6d6360 JavaThread "C2 CompilerThread2" daemon [_thread_in_native, id=26108, stack(0x0000000e6b900000,0x0000000e6ba00000)]
  0x0000020dab07a770 JavaThread "File watcher server" daemon [_thread_in_native, id=23432, stack(0x0000000e6ba00000,0x0000000e6bb00000)]
  0x0000020dab07c5d0 JavaThread "File watcher consumer" daemon [_thread_blocked, id=26640, stack(0x0000000e6bb00000,0x0000000e6bc00000)]
  0x0000020dab07ac80 JavaThread "jar transforms" [_thread_blocked, id=25808, stack(0x0000000e6bc00000,0x0000000e6bd00000)]
  0x0000020dab07c0c0 JavaThread "jar transforms Thread 2" [_thread_blocked, id=10944, stack(0x0000000e6bd00000,0x0000000e6be00000)]
  0x0000020dab07b190 JavaThread "jar transforms Thread 3" [_thread_blocked, id=19016, stack(0x0000000e6be00000,0x0000000e6bf00000)]
  0x0000020dad9525f0 JavaThread "jar transforms Thread 4" [_thread_blocked, id=20728, stack(0x0000000e6bf00000,0x0000000e6c000000)]
  0x0000020dad9520e0 JavaThread "jar transforms Thread 5" [_thread_blocked, id=25960, stack(0x0000000e6c000000,0x0000000e6c100000)]
  0x0000020dad950790 JavaThread "jar transforms Thread 6" [_thread_blocked, id=7540, stack(0x0000000e6c100000,0x0000000e6c200000)]
  0x0000020dad951bd0 JavaThread "jar transforms Thread 7" [_thread_blocked, id=21300, stack(0x0000000e6c200000,0x0000000e6c300000)]
  0x0000020dad950280 JavaThread "jar transforms Thread 8" [_thread_blocked, id=12428, stack(0x0000000e6c300000,0x0000000e6c400000)]
  0x0000020dad94f860 JavaThread "jar transforms Thread 9" [_thread_blocked, id=17128, stack(0x0000000e6c400000,0x0000000e6c500000)]
  0x0000020dad9511b0 JavaThread "jar transforms Thread 10" [_thread_blocked, id=7160, stack(0x0000000e6c500000,0x0000000e6c600000)]
  0x0000020dad950ca0 JavaThread "jar transforms Thread 11" [_thread_blocked, id=7528, stack(0x0000000e6c600000,0x0000000e6c700000)]
  0x0000020dad955890 JavaThread "jar transforms Thread 12" [_thread_blocked, id=27012, stack(0x0000000e6c700000,0x0000000e6c800000)]
  0x0000020dad955da0 JavaThread "jar transforms Thread 13" [_thread_blocked, id=3540, stack(0x0000000e6c800000,0x0000000e6c900000)]
  0x0000020dad94fd70 JavaThread "jar transforms Thread 14" [_thread_blocked, id=10596, stack(0x0000000e6c900000,0x0000000e6ca00000)]
  0x0000020dad9516c0 JavaThread "jar transforms Thread 15" [_thread_blocked, id=25300, stack(0x0000000e6ca00000,0x0000000e6cb00000)]
  0x0000020dad9567c0 JavaThread "jar transforms Thread 16" [_thread_blocked, id=22940, stack(0x0000000e6cb00000,0x0000000e6cc00000)]
  0x0000020dad952b00 JavaThread "Cache worker for checksums cache (C:\Users\Bharath Sai\AndroidStudioProjects\JetpackPractice\.gradle\8.4\checksums)" [_thread_blocked, id=2776, stack(0x0000000e6cc00000,0x0000000e6cd00000)]
  0x0000020dad956cd0 JavaThread "Cache worker for file hash cache (C:\Users\Bharath Sai\AndroidStudioProjects\JetpackPractice\.gradle\8.4\fileHashes)" [_thread_blocked, id=17692, stack(0x0000000e6cd00000,0x0000000e6ce00000)]
  0x0000020dad953010 JavaThread "Cache worker for cache directory md-supplier (C:\Users\Bharath Sai\.gradle\caches\8.4\md-supplier)" [_thread_blocked, id=5660, stack(0x0000000e6ce00000,0x0000000e6cf00000)]
  0x0000020dad953520 JavaThread "Cache worker for file content cache (C:\Users\Bharath Sai\.gradle\caches\8.4\fileContent)" [_thread_blocked, id=26588, stack(0x0000000e6cf00000,0x0000000e6d000000)]
  0x0000020dad953a30 JavaThread "Cache worker for cache directory md-rule (C:\Users\Bharath Sai\.gradle\caches\8.4\md-rule)" [_thread_blocked, id=26052, stack(0x0000000e6d000000,0x0000000e6d100000)]
  0x0000020dad954450 JavaThread "Cache worker for execution history cache (C:\Users\Bharath Sai\.gradle\caches\8.4\executionHistory)" [_thread_blocked, id=26320, stack(0x0000000e6d100000,0x0000000e6d200000)]

Other Threads:
  0x0000020da40de520 VMThread "VM Thread" [stack: 0x0000000e68d00000,0x0000000e68e00000] [id=23808]
  0x0000020d8a35f630 WatcherThread [stack: 0x0000000e69a00000,0x0000000e69b00000] [id=27100]
  0x0000020d8a3ba620 GCTaskThread "GC Thread#0" [stack: 0x0000000e68800000,0x0000000e68900000] [id=22300]
  0x0000020daa3b7510 GCTaskThread "GC Thread#1" [stack: 0x0000000e69e00000,0x0000000e69f00000] [id=1980]
  0x0000020da9e3c050 GCTaskThread "GC Thread#2" [stack: 0x0000000e69f00000,0x0000000e6a000000] [id=2204]
  0x0000020da9d5b700 GCTaskThread "GC Thread#3" [stack: 0x0000000e6a000000,0x0000000e6a100000] [id=18156]
  0x0000020da9af9b10 GCTaskThread "GC Thread#4" [stack: 0x0000000e6a100000,0x0000000e6a200000] [id=9168]
  0x0000020dab080d30 GCTaskThread "GC Thread#5" [stack: 0x0000000e6ac00000,0x0000000e6ad00000] [id=14540]
  0x0000020daac17560 GCTaskThread "GC Thread#6" [stack: 0x0000000e6ad00000,0x0000000e6ae00000] [id=10284]
  0x0000020dac0677c0 GCTaskThread "GC Thread#7" [stack: 0x0000000e6ae00000,0x0000000e6af00000] [id=23312]
  0x0000020daab6b920 GCTaskThread "GC Thread#8" [stack: 0x0000000e6af00000,0x0000000e6b000000] [id=14472]
  0x0000020dab3cc490 GCTaskThread "GC Thread#9" [stack: 0x0000000e6b000000,0x0000000e6b100000] [id=26952]
  0x0000020dab3cca10 GCTaskThread "GC Thread#10" [stack: 0x0000000e6b100000,0x0000000e6b200000] [id=3232]
  0x0000020dab3cc750 GCTaskThread "GC Thread#11" [stack: 0x0000000e6b200000,0x0000000e6b300000] [id=9584]
  0x0000020dab3ce010 GCTaskThread "GC Thread#12" [stack: 0x0000000e6b300000,0x0000000e6b400000] [id=17124]
  0x0000020d8a3cb570 ConcurrentGCThread "G1 Main Marker" [stack: 0x0000000e68900000,0x0000000e68a00000] [id=10540]
  0x0000020d8a3cbf90 ConcurrentGCThread "G1 Conc#0" [stack: 0x0000000e68a00000,0x0000000e68b00000] [id=19204]
  0x0000020dab3cdd50 ConcurrentGCThread "G1 Conc#1" [stack: 0x0000000e6b400000,0x0000000e6b500000] [id=13092]
  0x0000020dab3cccd0 ConcurrentGCThread "G1 Conc#2" [stack: 0x0000000e6b500000,0x0000000e6b600000] [id=24560]
  0x0000020da3f55fa0 ConcurrentGCThread "G1 Refine#0" [stack: 0x0000000e68b00000,0x0000000e68c00000] [id=20864]
  0x0000020da3f569d0 ConcurrentGCThread "G1 Service" [stack: 0x0000000e68c00000,0x0000000e68d00000] [id=10396]

Threads with active compile tasks:
C2 CompilerThread0     5091 3828       4       jdk.nio.zipfs.ZipFileSystem$ParentLookup::name (43 bytes)
C2 CompilerThread1     5091 3750   !   4       jdk.internal.loader.URLClassPath$JarLoader::getResource (354 bytes)
C2 CompilerThread2     5091 3827       4       jdk.nio.zipfs.ZipFileSystem::getParentOff (40 bytes)

VM state: not at safepoint (normal execution)

VM Mutex/Monitor currently owned by a thread: None

Heap address: 0x0000000080000000, size: 2048 MB, Compressed Oops mode: 32-bit

CDS archive(s) not mapped
Compressed class space mapped at: 0x0000000100000000-0x0000000140000000, reserved size: 1073741824
Narrow klass base: 0x0000000000000000, Narrow klass shift: 3, Narrow klass range: 0x140000000

GC Precious Log:
 CPUs: 16 total, 16 available
 Memory: 8027M
 Large Page Support: Disabled
 NUMA Support: Disabled
 Compressed Oops: Enabled (32-bit)
 Heap Region Size: 1M
 Heap Min Capacity: 8M
 Heap Initial Capacity: 126M
 Heap Max Capacity: 2G
 Pre-touch: Disabled
 Parallel Workers: 13
 Concurrent Workers: 3
 Concurrent Refinement Workers: 13
 Periodic GC: Disabled

Heap:
 garbage-first heap   total 104448K, used 75765K [0x0000000080000000, 0x0000000100000000)
  region size 1024K, 44 young (45056K), 7 survivors (7168K)
 Metaspace       used 43238K, committed 43584K, reserved 1114112K
  class space    used 5809K, committed 5952K, reserved 1048576K

Heap Regions: E=young(eden), S=young(survivor), O=old, HS=humongous(starts), HC=humongous(continues), CS=collection set, F=free, OA=open archive, CA=closed archive, TAMS=top-at-mark-start (previous, next)
|   0|0x0000000080000000, 0x0000000080100000, 0x0000000080100000|100%|HS|  |TAMS 0x0000000080100000, 0x0000000080000000| Complete 
|   1|0x0000000080100000, 0x0000000080200000, 0x0000000080200000|100%|HC|  |TAMS 0x0000000080200000, 0x0000000080100000| Complete 
|   2|0x0000000080200000, 0x0000000080300000, 0x0000000080300000|100%|HC|  |TAMS 0x0000000080300000, 0x0000000080200000| Complete 
|   3|0x0000000080300000, 0x0000000080400000, 0x0000000080400000|100%|HC|  |TAMS 0x0000000080400000, 0x0000000080300000| Complete 
|   4|0x0000000080400000, 0x0000000080500000, 0x0000000080500000|100%| O|  |TAMS 0x0000000080500000, 0x0000000080400000| Untracked 
|   5|0x0000000080500000, 0x0000000080600000, 0x0000000080600000|100%| O|  |TAMS 0x0000000080600000, 0x0000000080500000| Untracked 
|   6|0x0000000080600000, 0x0000000080700000, 0x0000000080700000|100%| O|  |TAMS 0x0000000080700000, 0x0000000080600000| Untracked 
|   7|0x0000000080700000, 0x0000000080800000, 0x0000000080800000|100%| O|  |TAMS 0x0000000080800000, 0x0000000080700000| Untracked 
|   8|0x0000000080800000, 0x0000000080900000, 0x0000000080900000|100%| O|  |TAMS 0x0000000080900000, 0x0000000080800000| Untracked 
|   9|0x0000000080900000, 0x0000000080a00000, 0x0000000080a00000|100%| O|  |TAMS 0x0000000080a00000, 0x0000000080900000| Untracked 
|  10|0x0000000080a00000, 0x0000000080a00000, 0x0000000080b00000|  0%| F|  |TAMS 0x0000000080a00000, 0x0000000080a00000| Untracked 
|  11|0x0000000080b00000, 0x0000000080c00000, 0x0000000080c00000|100%| O|  |TAMS 0x0000000080c00000, 0x0000000080b00000| Untracked 
|  12|0x0000000080c00000, 0x0000000080d00000, 0x0000000080d00000|100%| O|  |TAMS 0x0000000080d00000, 0x0000000080c00000| Untracked 
|  13|0x0000000080d00000, 0x0000000080e00000, 0x0000000080e00000|100%| O|  |TAMS 0x0000000080e00000, 0x0000000080d00000| Untracked 
|  14|0x0000000080e00000, 0x0000000080f00000, 0x0000000080f00000|100%| O|  |TAMS 0x0000000080f00000, 0x0000000080e00000| Untracked 
|  15|0x0000000080f00000, 0x0000000081000000, 0x0000000081000000|100%| O|  |TAMS 0x0000000081000000, 0x0000000080f00000| Untracked 
|  16|0x0000000081000000, 0x0000000081100000, 0x0000000081100000|100%| O|  |TAMS 0x0000000081100000, 0x0000000081000000| Untracked 
|  17|0x0000000081100000, 0x0000000081200000, 0x0000000081200000|100%| O|  |TAMS 0x0000000081200000, 0x0000000081100000| Untracked 
|  18|0x0000000081200000, 0x0000000081300000, 0x0000000081300000|100%| O|  |TAMS 0x0000000081300000, 0x0000000081200000| Untracked 
|  19|0x0000000081300000, 0x0000000081400000, 0x0000000081400000|100%| O|  |TAMS 0x0000000081400000, 0x0000000081300000| Untracked 
|  20|0x0000000081400000, 0x0000000081500000, 0x0000000081500000|100%| O|  |TAMS 0x0000000081500000, 0x0000000081400000| Complete 
|  21|0x0000000081500000, 0x00000000815fd400, 0x0000000081600000| 98%| O|  |TAMS 0x000000008150d600, 0x0000000081500000| Untracked 
|  22|0x0000000081600000, 0x0000000081700000, 0x0000000081700000|100%|HS|  |TAMS 0x0000000081700000, 0x0000000081600000| Complete 
|  23|0x0000000081700000, 0x0000000081800000, 0x0000000081800000|100%|HC|  |TAMS 0x0000000081800000, 0x0000000081700000| Complete 
|  24|0x0000000081800000, 0x0000000081900000, 0x0000000081900000|100%|HS|  |TAMS 0x0000000081900000, 0x0000000081800000| Complete 
|  25|0x0000000081900000, 0x0000000081a00000, 0x0000000081a00000|100%|HC|  |TAMS 0x0000000081a00000, 0x0000000081900000| Complete 
|  26|0x0000000081a00000, 0x0000000081b00000, 0x0000000081b00000|100%|HC|  |TAMS 0x0000000081b00000, 0x0000000081a00000| Complete 
|  27|0x0000000081b00000, 0x0000000081c00000, 0x0000000081c00000|100%|HS|  |TAMS 0x0000000081c00000, 0x0000000081b00000| Complete 
|  28|0x0000000081c00000, 0x0000000081d00000, 0x0000000081d00000|100%|HC|  |TAMS 0x0000000081d00000, 0x0000000081c00000| Complete 
|  29|0x0000000081d00000, 0x0000000081e00000, 0x0000000081e00000|100%|HC|  |TAMS 0x0000000081e00000, 0x0000000081d00000| Complete 
|  30|0x0000000081e00000, 0x0000000081f00000, 0x0000000081f00000|100%|HS|  |TAMS 0x0000000081f00000, 0x0000000081e00000| Complete 
|  31|0x0000000081f00000, 0x0000000082000000, 0x0000000082000000|100%|HC|  |TAMS 0x0000000082000000, 0x0000000081f00000| Complete 
|  32|0x0000000082000000, 0x0000000082100000, 0x0000000082100000|100%|HC|  |TAMS 0x0000000082100000, 0x0000000082000000| Complete 
|  33|0x0000000082100000, 0x0000000082100000, 0x0000000082200000|  0%| F|  |TAMS 0x0000000082100000, 0x0000000082100000| Untracked 
|  34|0x0000000082200000, 0x0000000082200000, 0x0000000082300000|  0%| F|  |TAMS 0x0000000082200000, 0x0000000082200000| Untracked 
|  35|0x0000000082300000, 0x0000000082300000, 0x0000000082400000|  0%| F|  |TAMS 0x0000000082300000, 0x0000000082300000| Untracked 
|  36|0x0000000082400000, 0x0000000082400000, 0x0000000082500000|  0%| F|  |TAMS 0x0000000082400000, 0x0000000082400000| Untracked 
|  37|0x0000000082500000, 0x0000000082500000, 0x0000000082600000|  0%| F|  |TAMS 0x0000000082500000, 0x0000000082500000| Untracked 
|  38|0x0000000082600000, 0x0000000082600000, 0x0000000082700000|  0%| F|  |TAMS 0x0000000082600000, 0x0000000082600000| Untracked 
|  39|0x0000000082700000, 0x0000000082700000, 0x0000000082800000|  0%| F|  |TAMS 0x0000000082700000, 0x0000000082700000| Untracked 
|  40|0x0000000082800000, 0x0000000082800000, 0x0000000082900000|  0%| F|  |TAMS 0x0000000082800000, 0x0000000082800000| Untracked 
|  41|0x0000000082900000, 0x0000000082900000, 0x0000000082a00000|  0%| F|  |TAMS 0x0000000082900000, 0x0000000082900000| Untracked 
|  42|0x0000000082a00000, 0x0000000082a00000, 0x0000000082b00000|  0%| F|  |TAMS 0x0000000082a00000, 0x0000000082a00000| Untracked 
|  43|0x0000000082b00000, 0x0000000082b00000, 0x0000000082c00000|  0%| F|  |TAMS 0x0000000082b00000, 0x0000000082b00000| Untracked 
|  44|0x0000000082c00000, 0x0000000082c00000, 0x0000000082d00000|  0%| F|  |TAMS 0x0000000082c00000, 0x0000000082c00000| Untracked 
|  45|0x0000000082d00000, 0x0000000082d00000, 0x0000000082e00000|  0%| F|  |TAMS 0x0000000082d00000, 0x0000000082d00000| Untracked 
|  46|0x0000000082e00000, 0x0000000082e00000, 0x0000000082f00000|  0%| F|  |TAMS 0x0000000082e00000, 0x0000000082e00000| Untracked 
|  47|0x0000000082f00000, 0x0000000082f00000, 0x0000000083000000|  0%| F|  |TAMS 0x0000000082f00000, 0x0000000082f00000| Untracked 
|  48|0x0000000083000000, 0x0000000083000000, 0x0000000083100000|  0%| F|  |TAMS 0x0000000083000000, 0x0000000083000000| Untracked 
|  49|0x0000000083100000, 0x0000000083100000, 0x0000000083200000|  0%| F|  |TAMS 0x0000000083100000, 0x0000000083100000| Untracked 
|  50|0x0000000083200000, 0x0000000083300000, 0x0000000083300000|100%| S|CS|TAMS 0x0000000083200000, 0x0000000083200000| Complete 
|  51|0x0000000083300000, 0x0000000083400000, 0x0000000083400000|100%| S|CS|TAMS 0x0000000083300000, 0x0000000083300000| Complete 
|  52|0x0000000083400000, 0x0000000083500000, 0x0000000083500000|100%| S|CS|TAMS 0x0000000083400000, 0x0000000083400000| Complete 
|  53|0x0000000083500000, 0x0000000083600000, 0x0000000083600000|100%| S|CS|TAMS 0x0000000083500000, 0x0000000083500000| Complete 
|  54|0x0000000083600000, 0x0000000083700000, 0x0000000083700000|100%| S|CS|TAMS 0x0000000083600000, 0x0000000083600000| Complete 
|  55|0x0000000083700000, 0x0000000083800000, 0x0000000083800000|100%| S|CS|TAMS 0x0000000083700000, 0x0000000083700000| Complete 
|  56|0x0000000083800000, 0x0000000083900000, 0x0000000083900000|100%| S|CS|TAMS 0x0000000083800000, 0x0000000083800000| Complete 
|  57|0x0000000083900000, 0x0000000083900000, 0x0000000083a00000|  0%| F|  |TAMS 0x0000000083900000, 0x0000000083900000| Untracked 
|  58|0x0000000083a00000, 0x0000000083a00000, 0x0000000083b00000|  0%| F|  |TAMS 0x0000000083a00000, 0x0000000083a00000| Untracked 
|  59|0x0000000083b00000, 0x0000000083b00000, 0x0000000083c00000|  0%| F|  |TAMS 0x0000000083b00000, 0x0000000083b00000| Untracked 
|  60|0x0000000083c00000, 0x0000000083c00000, 0x0000000083d00000|  0%| F|  |TAMS 0x0000000083c00000, 0x0000000083c00000| Untracked 
|  61|0x0000000083d00000, 0x0000000083d00000, 0x0000000083e00000|  0%| F|  |TAMS 0x0000000083d00000, 0x0000000083d00000| Untracked 
|  62|0x0000000083e00000, 0x0000000083e00000, 0x0000000083f00000|  0%| F|  |TAMS 0x0000000083e00000, 0x0000000083e00000| Untracked 
|  63|0x0000000083f00000, 0x0000000083f00000, 0x0000000084000000|  0%| F|  |TAMS 0x0000000083f00000, 0x0000000083f00000| Untracked 
|  64|0x0000000084000000, 0x0000000084000000, 0x0000000084100000|  0%| F|  |TAMS 0x0000000084000000, 0x0000000084000000| Untracked 
|  65|0x0000000084100000, 0x0000000084200000, 0x0000000084200000|100%| E|  |TAMS 0x0000000084100000, 0x0000000084100000| Complete 
|  66|0x0000000084200000, 0x0000000084300000, 0x0000000084300000|100%| E|CS|TAMS 0x0000000084200000, 0x0000000084200000| Complete 
|  67|0x0000000084300000, 0x0000000084400000, 0x0000000084400000|100%| E|CS|TAMS 0x0000000084300000, 0x0000000084300000| Complete 
|  68|0x0000000084400000, 0x0000000084500000, 0x0000000084500000|100%| E|  |TAMS 0x0000000084400000, 0x0000000084400000| Complete 
|  69|0x0000000084500000, 0x0000000084600000, 0x0000000084600000|100%| E|CS|TAMS 0x0000000084500000, 0x0000000084500000| Complete 
|  70|0x0000000084600000, 0x0000000084700000, 0x0000000084700000|100%| E|CS|TAMS 0x0000000084600000, 0x0000000084600000| Complete 
|  71|0x0000000084700000, 0x0000000084800000, 0x0000000084800000|100%| E|CS|TAMS 0x0000000084700000, 0x0000000084700000| Complete 
|  72|0x0000000084800000, 0x0000000084900000, 0x0000000084900000|100%| E|CS|TAMS 0x0000000084800000, 0x0000000084800000| Complete 
|  73|0x0000000084900000, 0x0000000084a00000, 0x0000000084a00000|100%| E|CS|TAMS 0x0000000084900000, 0x0000000084900000| Complete 
|  74|0x0000000084a00000, 0x0000000084b00000, 0x0000000084b00000|100%| E|CS|TAMS 0x0000000084a00000, 0x0000000084a00000| Complete 
|  75|0x0000000084b00000, 0x0000000084c00000, 0x0000000084c00000|100%| E|CS|TAMS 0x0000000084b00000, 0x0000000084b00000| Complete 
|  76|0x0000000084c00000, 0x0000000084d00000, 0x0000000084d00000|100%| E|CS|TAMS 0x0000000084c00000, 0x0000000084c00000| Complete 
|  77|0x0000000084d00000, 0x0000000084e00000, 0x0000000084e00000|100%| E|CS|TAMS 0x0000000084d00000, 0x0000000084d00000| Complete 
|  78|0x0000000084e00000, 0x0000000084f00000, 0x0000000084f00000|100%| E|CS|TAMS 0x0000000084e00000, 0x0000000084e00000| Complete 
|  79|0x0000000084f00000, 0x0000000085000000, 0x0000000085000000|100%| E|CS|TAMS 0x0000000084f00000, 0x0000000084f00000| Complete 
|  80|0x0000000085000000, 0x0000000085100000, 0x0000000085100000|100%| E|CS|TAMS 0x0000000085000000, 0x0000000085000000| Complete 
|  81|0x0000000085100000, 0x0000000085200000, 0x0000000085200000|100%| E|CS|TAMS 0x0000000085100000, 0x0000000085100000| Complete 
|  82|0x0000000085200000, 0x0000000085300000, 0x0000000085300000|100%| E|CS|TAMS 0x0000000085200000, 0x0000000085200000| Complete 
|  83|0x0000000085300000, 0x0000000085400000, 0x0000000085400000|100%| E|CS|TAMS 0x0000000085300000, 0x0000000085300000| Complete 
|  84|0x0000000085400000, 0x0000000085500000, 0x0000000085500000|100%| E|CS|TAMS 0x0000000085400000, 0x0000000085400000| Complete 
|  85|0x0000000085500000, 0x0000000085600000, 0x0000000085600000|100%| E|CS|TAMS 0x0000000085500000, 0x0000000085500000| Complete 
|  86|0x0000000085600000, 0x0000000085700000, 0x0000000085700000|100%| E|CS|TAMS 0x0000000085600000, 0x0000000085600000| Complete 
|  87|0x0000000085700000, 0x0000000085800000, 0x0000000085800000|100%| E|CS|TAMS 0x0000000085700000, 0x0000000085700000| Complete 
|  88|0x0000000085800000, 0x0000000085900000, 0x0000000085900000|100%| E|CS|TAMS 0x0000000085800000, 0x0000000085800000| Complete 
|  89|0x0000000085900000, 0x0000000085a00000, 0x0000000085a00000|100%| E|CS|TAMS 0x0000000085900000, 0x0000000085900000| Complete 
|  90|0x0000000085a00000, 0x0000000085b00000, 0x0000000085b00000|100%| E|CS|TAMS 0x0000000085a00000, 0x0000000085a00000| Complete 
|  91|0x0000000085b00000, 0x0000000085c00000, 0x0000000085c00000|100%| E|CS|TAMS 0x0000000085b00000, 0x0000000085b00000| Complete 
|  92|0x0000000085c00000, 0x0000000085d00000, 0x0000000085d00000|100%| E|CS|TAMS 0x0000000085c00000, 0x0000000085c00000| Complete 
|  93|0x0000000085d00000, 0x0000000085e00000, 0x0000000085e00000|100%| E|CS|TAMS 0x0000000085d00000, 0x0000000085d00000| Complete 
|  94|0x0000000085e00000, 0x0000000085f00000, 0x0000000085f00000|100%| E|CS|TAMS 0x0000000085e00000, 0x0000000085e00000| Complete 
|  95|0x0000000085f00000, 0x0000000086000000, 0x0000000086000000|100%| E|CS|TAMS 0x0000000085f00000, 0x0000000085f00000| Complete 
|  96|0x0000000086000000, 0x0000000086100000, 0x0000000086100000|100%| E|CS|TAMS 0x0000000086000000, 0x0000000086000000| Complete 
|  97|0x0000000086100000, 0x0000000086200000, 0x0000000086200000|100%| E|CS|TAMS 0x0000000086100000, 0x0000000086100000| Complete 
|  98|0x0000000086200000, 0x0000000086300000, 0x0000000086300000|100%| E|CS|TAMS 0x0000000086200000, 0x0000000086200000| Complete 
|  99|0x0000000086300000, 0x0000000086400000, 0x0000000086400000|100%| E|CS|TAMS 0x0000000086300000, 0x0000000086300000| Complete 
| 100|0x0000000086400000, 0x0000000086500000, 0x0000000086500000|100%| E|CS|TAMS 0x0000000086400000, 0x0000000086400000| Complete 
| 125|0x0000000087d00000, 0x0000000087e00000, 0x0000000087e00000|100%| E|CS|TAMS 0x0000000087d00000, 0x0000000087d00000| Complete 

Card table byte_map: [0x0000020d9d4c0000,0x0000020d9d8c0000] _byte_map_base: 0x0000020d9d0c0000

Marking Bits (Prev, Next): (CMBitMap*) 0x0000020d8a3bac40, (CMBitMap*) 0x0000020d8a3bac80
 Prev Bits: [0x0000020d9dcc0000, 0x0000020d9fcc0000)
 Next Bits: [0x0000020d9fcc0000, 0x0000020da1cc0000)

Polling page: 0x0000020d882c0000

Metaspace:

Usage:
  Non-class:     36.58 MB used.
      Class:      5.68 MB used.
       Both:     42.25 MB used.

Virtual space:
  Non-class space:       64.00 MB reserved,      36.81 MB ( 58%) committed,  1 nodes.
      Class space:        1.00 GB reserved,       5.81 MB ( <1%) committed,  1 nodes.
             Both:        1.06 GB reserved,      42.62 MB (  4%) committed. 

Chunk freelists:
   Non-Class:  11.11 MB
       Class:  10.06 MB
        Both:  21.17 MB

MaxMetaspaceSize: unlimited
CompressedClassSpaceSize: 1.00 GB
Initial GC threshold: 21.00 MB
Current GC threshold: 58.69 MB
CDS: off
MetaspaceReclaimPolicy: balanced
 - commit_granule_bytes: 65536.
 - commit_granule_words: 8192.
 - virtual_space_node_default_size: 8388608.
 - enlarge_chunks_in_place: 1.
 - new_chunks_are_fully_committed: 0.
 - uncommit_free_chunks: 1.
 - use_allocation_guard: 0.
 - handle_deallocations: 1.


Internal statistics:

num_allocs_failed_limit: 6.
num_arena_births: 390.
num_arena_deaths: 0.
num_vsnodes_births: 2.
num_vsnodes_deaths: 0.
num_space_committed: 682.
num_space_uncommitted: 0.
num_chunks_returned_to_freelist: 6.
num_chunks_taken_from_freelist: 1662.
num_chunk_merges: 6.
num_chunk_splits: 1073.
num_chunks_enlarged: 732.
num_inconsistent_stats: 0.

CodeHeap 'non-profiled nmethods': size=119168Kb used=2318Kb max_used=2318Kb free=116849Kb
 bounds [0x0000020d953d0000, 0x0000020d95640000, 0x0000020d9c830000]
CodeHeap 'profiled nmethods': size=119104Kb used=8045Kb max_used=8045Kb free=111058Kb
 bounds [0x0000020d8d830000, 0x0000020d8e010000, 0x0000020d94c80000]
CodeHeap 'non-nmethods': size=7488Kb used=3276Kb max_used=3297Kb free=4211Kb
 bounds [0x0000020d94c80000, 0x0000020d94fc0000, 0x0000020d953d0000]
 total_blobs=4483 nmethods=3825 adapters=566
 compilation: enabled
              stopped_count=0, restarted_count=0
 full_count=0

Compilation events (20 events):
Event: 5.001 Thread 0x0000020da994b790 nmethod 3771 0x0000020d95603f10 code [0x0000020d956040a0, 0x0000020d95604178]
Event: 5.003 Thread 0x0000020da906c0f0 3772       1       groovy.lang.MetaProperty::getName (5 bytes)
Event: 5.003 Thread 0x0000020da994b790 3773       3       java.beans.MethodRef::get (91 bytes)
Event: 5.003 Thread 0x0000020da906c0f0 nmethod 3772 0x0000020d95604210 code [0x0000020d956043a0, 0x0000020d95604478]
Event: 5.003 Thread 0x0000020da906c0f0 3774       3       org.codehaus.groovy.reflection.CachedMethod::getReturnType (8 bytes)
Event: 5.003 Thread 0x0000020da994b790 nmethod 3773 0x0000020d8dff7910 code [0x0000020d8dff7b80, 0x0000020d8dff87e8]
Event: 5.003 Thread 0x0000020da906c0f0 nmethod 3774 0x0000020d8dff8b10 code [0x0000020d8dff8ca0, 0x0000020d8dff8dd8]
Event: 5.003 Thread 0x0000020da906c0f0 3776       3       org.codehaus.groovy.util.ComplexKeyHashMap::hash (31 bytes)
Event: 5.004 Thread 0x0000020da906c0f0 nmethod 3776 0x0000020d8dff8e90 code [0x0000020d8dff9020, 0x0000020d8dff9138]
Event: 5.004 Thread 0x0000020da906c0f0 3777       3       org.codehaus.groovy.util.SingleKeyHashMap::getOrPut (137 bytes)
Event: 5.004 Thread 0x0000020da906c0f0 nmethod 3777 0x0000020d8dff9210 code [0x0000020d8dff9440, 0x0000020d8dff9fc8]
Event: 5.022 Thread 0x0000020da906b6f0 nmethod 3704 0x0000020d95604510 code [0x0000020d95604820, 0x0000020d95607b88]
Event: 5.024 Thread 0x0000020da906b6f0 3778       4       jdk.internal.util.jar.JarIndex::get (49 bytes)
Event: 5.026 Thread 0x0000020dac6d6360 nmethod 3703 0x0000020d95609910 code [0x0000020d95609be0, 0x0000020d9560c0d0]
Event: 5.026 Thread 0x0000020dac6d6360 3775       4       java.lang.Character::toLowerCase (6 bytes)
Event: 5.027 Thread 0x0000020dac6d6360 nmethod 3775 0x0000020d9560d910 code [0x0000020d9560daa0, 0x0000020d9560dbd8]
Event: 5.046 Thread 0x0000020dac6d6360 3779   !   4       java.util.jar.JarFile$JarFileEntry::getCodeSigners (81 bytes)
Event: 5.049 Thread 0x0000020dac6d6360 nmethod 3779 0x0000020d9560dd10 code [0x0000020d9560dea0, 0x0000020d9560e028]
Event: 5.051 Thread 0x0000020da994b790 3780       3       java.util.Optional::of (12 bytes)
Event: 5.052 Thread 0x0000020da994b790 nmethod 3780 0x0000020d8dffa310 code [0x0000020d8dffa4e0, 0x0000020d8dffa888]

GC Heap History (14 events):
Event: 0.663 GC heap before
{Heap before GC invocations=0 (full 0):
 garbage-first heap   total 129024K, used 26624K [0x0000000080000000, 0x0000000100000000)
  region size 1024K, 23 young (23552K), 0 survivors (0K)
 Metaspace       used 10530K, committed 10688K, reserved 1114112K
  class space    used 1087K, committed 1152K, reserved 1048576K
}
Event: 0.668 GC heap after
{Heap after GC invocations=1 (full 0):
 garbage-first heap   total 129024K, used 10723K [0x0000000080000000, 0x0000000100000000)
  region size 1024K, 3 young (3072K), 3 survivors (3072K)
 Metaspace       used 10530K, committed 10688K, reserved 1114112K
  class space    used 1087K, committed 1152K, reserved 1048576K
}
Event: 1.081 GC heap before
{Heap before GC invocations=1 (full 0):
 garbage-first heap   total 129024K, used 38371K [0x0000000080000000, 0x0000000100000000)
  region size 1024K, 30 young (30720K), 3 survivors (3072K)
 Metaspace       used 11574K, committed 11712K, reserved 1114112K
  class space    used 1201K, committed 1280K, reserved 1048576K
}
Event: 1.086 GC heap after
{Heap after GC invocations=2 (full 0):
 garbage-first heap   total 129024K, used 11267K [0x0000000080000000, 0x0000000100000000)
  region size 1024K, 1 young (1024K), 1 survivors (1024K)
 Metaspace       used 11574K, committed 11712K, reserved 1114112K
  class space    used 1201K, committed 1280K, reserved 1048576K
}
Event: 2.267 GC heap before
{Heap before GC invocations=2 (full 0):
 garbage-first heap   total 129024K, used 58371K [0x0000000080000000, 0x0000000100000000)
  region size 1024K, 48 young (49152K), 1 survivors (1024K)
 Metaspace       used 21300K, committed 21504K, reserved 1114112K
  class space    used 2517K, committed 2624K, reserved 1048576K
}
Event: 2.275 GC heap after
{Heap after GC invocations=3 (full 0):
 garbage-first heap   total 129024K, used 18917K [0x0000000080000000, 0x0000000100000000)
  region size 1024K, 9 young (9216K), 9 survivors (9216K)
 Metaspace       used 21300K, committed 21504K, reserved 1114112K
  class space    used 2517K, committed 2624K, reserved 1048576K
}
Event: 2.875 GC heap before
{Heap before GC invocations=4 (full 0):
 garbage-first heap   total 71680K, used 51685K [0x0000000080000000, 0x0000000100000000)
  region size 1024K, 42 young (43008K), 9 survivors (9216K)
 Metaspace       used 26541K, committed 26880K, reserved 1114112K
  class space    used 3388K, committed 3520K, reserved 1048576K
}
Event: 2.881 GC heap after
{Heap after GC invocations=5 (full 0):
 garbage-first heap   total 71680K, used 20693K [0x0000000080000000, 0x0000000100000000)
  region size 1024K, 2 young (2048K), 2 survivors (2048K)
 Metaspace       used 26541K, committed 26880K, reserved 1114112K
  class space    used 3388K, committed 3520K, reserved 1048576K
}
Event: 2.900 GC heap before
{Heap before GC invocations=5 (full 0):
 garbage-first heap   total 71680K, used 21717K [0x0000000080000000, 0x0000000100000000)
  region size 1024K, 3 young (3072K), 2 survivors (2048K)
 Metaspace       used 26672K, committed 27008K, reserved 1114112K
  class space    used 3418K, committed 3584K, reserved 1048576K
}
Event: 2.903 GC heap after
{Heap after GC invocations=6 (full 0):
 garbage-first heap   total 71680K, used 20957K [0x0000000080000000, 0x0000000100000000)
  region size 1024K, 1 young (1024K), 1 survivors (1024K)
 Metaspace       used 26672K, committed 27008K, reserved 1114112K
  class space    used 3418K, committed 3584K, reserved 1048576K
}
Event: 3.454 GC heap before
{Heap before GC invocations=6 (full 0):
 garbage-first heap   total 71680K, used 50653K [0x0000000080000000, 0x0000000100000000)
  region size 1024K, 30 young (30720K), 1 survivors (1024K)
 Metaspace       used 30752K, committed 31104K, reserved 1114112K
  class space    used 4110K, committed 4288K, reserved 1048576K
}
Event: 3.457 GC heap after
{Heap after GC invocations=7 (full 0):
 garbage-first heap   total 104448K, used 22395K [0x0000000080000000, 0x0000000100000000)
  region size 1024K, 2 young (2048K), 2 survivors (2048K)
 Metaspace       used 30752K, committed 31104K, reserved 1114112K
  class space    used 4110K, committed 4288K, reserved 1048576K
}
Event: 4.369 GC heap before
{Heap before GC invocations=7 (full 0):
 garbage-first heap   total 104448K, used 78715K [0x0000000080000000, 0x0000000100000000)
  region size 1024K, 47 young (48128K), 2 survivors (2048K)
 Metaspace       used 35598K, committed 35968K, reserved 1114112K
  class space    used 4891K, committed 5056K, reserved 1048576K
}
Event: 4.375 GC heap after
{Heap after GC invocations=8 (full 0):
 garbage-first heap   total 104448K, used 39925K [0x0000000080000000, 0x0000000100000000)
  region size 1024K, 7 young (7168K), 7 survivors (7168K)
 Metaspace       used 35598K, committed 35968K, reserved 1114112K
  class space    used 4891K, committed 5056K, reserved 1048576K
}

Dll operation events (3 events):
Event: 0.009 Loaded shared library C:\Program Files\Android\Android Studio\jbr\bin\java.dll
Event: 0.129 Loaded shared library C:\Program Files\Android\Android Studio\jbr\bin\zip.dll
Event: 0.395 Loaded shared library C:\Program Files\Android\Android Studio\jbr\bin\verify.dll

Deoptimization events (20 events):
Event: 4.799 Thread 0x0000020dab3401c0 Uncommon trap: trap_request=0xffffffde fr.pc=0x0000020d955cff90 relative=0x00000000000002d0
Event: 4.799 Thread 0x0000020dab3401c0 Uncommon trap: reason=class_check action=maybe_recompile pc=0x0000020d955cff90 method=java.lang.reflect.Executable.getAnnotation(Ljava/lang/Class;)Ljava/lang/annotation/Annotation; @ 19 c2
Event: 4.799 Thread 0x0000020dab3401c0 DEOPT PACKING pc=0x0000020d955cff90 sp=0x0000000e6a8f77d0
Event: 4.799 Thread 0x0000020dab3401c0 DEOPT UNPACKING pc=0x0000020d94cd69a3 sp=0x0000000e6a8f7728 mode 2
Event: 4.929 Thread 0x0000020dab3401c0 Uncommon trap: trap_request=0xffffffcc fr.pc=0x0000020d955f4824 relative=0x0000000000001484
Event: 4.929 Thread 0x0000020dab3401c0 Uncommon trap: reason=intrinsic_or_type_checked_inlining action=make_not_entrant pc=0x0000020d955f4824 method=java.util.ArrayList.toArray([Ljava/lang/Object;)[Ljava/lang/Object; @ 36 c2
Event: 4.929 Thread 0x0000020dab3401c0 DEOPT PACKING pc=0x0000020d955f4824 sp=0x0000000e6a8f69a0
Event: 4.929 Thread 0x0000020dab3401c0 DEOPT UNPACKING pc=0x0000020d94cd69a3 sp=0x0000000e6a8f68f0 mode 2
Event: 4.978 Thread 0x0000020dab3401c0 Uncommon trap: trap_request=0xffffff54 fr.pc=0x0000020d9548211c relative=0x0000000000000c5c
Event: 4.978 Thread 0x0000020dab3401c0 Uncommon trap: reason=speculate_null_assert action=make_not_entrant pc=0x0000020d9548211c method=jdk.internal.loader.URLClassPath$JarLoader.getResource(Ljava/lang/String;ZLjava/util/Set;)Ljdk/internal/loader/Resource; @ 17 c2
Event: 4.978 Thread 0x0000020dab3401c0 DEOPT PACKING pc=0x0000020d9548211c sp=0x0000000e6a8f63b0
Event: 4.978 Thread 0x0000020dab3401c0 DEOPT UNPACKING pc=0x0000020d94cd69a3 sp=0x0000000e6a8f6348 mode 2
Event: 4.998 Thread 0x0000020dab3401c0 Uncommon trap: trap_request=0xffffffbe fr.pc=0x0000020d955f1440 relative=0x00000000000031e0
Event: 4.998 Thread 0x0000020dab3401c0 Uncommon trap: reason=profile_predicate action=maybe_recompile pc=0x0000020d955f1440 method=java.util.AbstractCollection.addAll(Ljava/util/Collection;)Z @ 15 c2
Event: 4.998 Thread 0x0000020dab3401c0 DEOPT PACKING pc=0x0000020d955f1440 sp=0x0000000e6a8f75d0
Event: 4.998 Thread 0x0000020dab3401c0 DEOPT UNPACKING pc=0x0000020d94cd69a3 sp=0x0000000e6a8f75c8 mode 2
Event: 5.056 Thread 0x0000020dab3401c0 Uncommon trap: trap_request=0xffffffc6 fr.pc=0x0000020d9556afbc relative=0x000000000000439c
Event: 5.056 Thread 0x0000020dab3401c0 Uncommon trap: reason=bimorphic_or_optimized_type_check action=maybe_recompile pc=0x0000020d9556afbc method=java.net.URL.<init>(Ljava/net/URL;Ljava/lang/String;Ljava/net/URLStreamHandler;)V @ 504 c2
Event: 5.056 Thread 0x0000020dab3401c0 DEOPT PACKING pc=0x0000020d9556afbc sp=0x0000000e6a8f6d50
Event: 5.056 Thread 0x0000020dab3401c0 DEOPT UNPACKING pc=0x0000020d94cd69a3 sp=0x0000000e6a8f6cf0 mode 2

Classes unloaded (0 events):
No events

Classes redefined (0 events):
No events

Internal exceptions (20 events):
Event: 4.060 Thread 0x0000020dab3401c0 Exception <a 'java/lang/NoSuchMethodError'{0x0000000084a90db8}: 'java.lang.Object java.lang.invoke.DirectMethodHandle$Holder.newInvokeSpecial(java.lang.Object, java.lang.Object, java.lang.Object, java.lang.Object, java.lang.Object, java.lang.Object, java.lang.Object, java.lang.Object, java.lang.Object, java.lang.Object, java.lang.Object)'> (0x0000000084a90db8) 
thrown [s\src\hotspot\share\interpreter\linkResolver.cpp, line 771]
Event: 4.060 Thread 0x0000020dab3401c0 Exception <a 'java/lang/NoSuchMethodError'{0x0000000084a96b98}: 'java.lang.Object java.lang.invoke.DirectMethodHandle$Holder.invokeSpecial(java.lang.Object, java.lang.Object, java.lang.Object, java.lang.Object, java.lang.Object, java.lang.Object, java.lang.Object, java.lang.Object, java.lang.Object, java.lang.Object, java.lang.Object, java.lang.Object)'> (0x0000000084a96b98) 
thrown [s\src\hotspot\share\interpreter\linkResolver.cpp, line 771]
Event: 4.060 Thread 0x0000020dab3401c0 Exception <a 'java/lang/NoSuchMethodError'{0x0000000084a9c4d8}: 'java.lang.Object java.lang.invoke.Invokers$Holder.linkToTargetMethod(java.lang.Object, java.lang.Object, java.lang.Object, java.lang.Object, java.lang.Object, java.lang.Object, java.lang.Object, java.lang.Object, java.lang.Object, java.lang.Object, java.lang.Object)'> (0x0000000084a9c4d8) 
thrown [s\src\hotspot\share\interpreter\linkResolver.cpp, line 771]
Event: 4.074 Thread 0x0000020dab3401c0 Exception <a 'java/lang/NoSuchMethodError'{0x000000008492be98}: 'java.lang.Object java.lang.invoke.DirectMethodHandle$Holder.invokeStaticInit(java.lang.Object, java.lang.Object, java.lang.Object, java.lang.Object)'> (0x000000008492be98) 
thrown [s\src\hotspot\share\interpreter\linkResolver.cpp, line 771]
Event: 4.178 Thread 0x0000020dab3401c0 Implicit null exception at 0x0000020d9543390f to 0x0000020d95433e8c
Event: 4.405 Thread 0x0000020dab3401c0 Exception <a 'java/lang/NoSuchMethodError'{0x000000008649a1c0}: 'java.lang.Object java.lang.invoke.DirectMethodHandle$Holder.newInvokeSpecial(java.lang.Object, java.lang.Object, java.lang.Object, java.lang.Object, java.lang.Object, java.lang.Object, java.lang.Object, java.lang.Object)'> (0x000000008649a1c0) 
thrown [s\src\hotspot\share\interpreter\linkResolver.cpp, line 771]
Event: 4.406 Thread 0x0000020dab3401c0 Exception <a 'java/lang/NoSuchMethodError'{0x000000008649fee0}: 'java.lang.Object java.lang.invoke.Invokers$Holder.linkToTargetMethod(java.lang.Object, java.lang.Object, java.lang.Object, java.lang.Object, java.lang.Object, java.lang.Object, java.lang.Object, java.lang.Object)'> (0x000000008649fee0) 
thrown [s\src\hotspot\share\interpreter\linkResolver.cpp, line 771]
Event: 4.413 Thread 0x0000020dab3401c0 Exception <a 'java/lang/IncompatibleClassChangeError'{0x00000000863134c8}: Found class java.lang.Object, but interface was expected> (0x00000000863134c8) 
thrown [s\src\hotspot\share\interpreter\linkResolver.cpp, line 838]
Event: 4.676 Thread 0x0000020dab3401c0 Implicit null exception at 0x0000020d955996a0 to 0x0000020d95599bb0
Event: 4.705 Thread 0x0000020dab3401c0 Exception <a 'java/lang/NoSuchMethodError'{0x0000000085339050}: 'void java.lang.invoke.DirectMethodHandle$Holder.invokeStaticInit(java.lang.Object, java.lang.Object, java.lang.Object)'> (0x0000000085339050) 
thrown [s\src\hotspot\share\interpreter\linkResolver.cpp, line 771]
Event: 4.706 Thread 0x0000020dab3401c0 Exception <a 'java/lang/NoSuchMethodError'{0x0000000085340798}: 'void java.lang.invoke.DirectMethodHandle$Holder.invokeStaticInit(java.lang.Object, java.lang.Object, java.lang.Object, java.lang.Object)'> (0x0000000085340798) 
thrown [s\src\hotspot\share\interpreter\linkResolver.cpp, line 771]
Event: 4.710 Thread 0x0000020dab3401c0 Exception <a 'java/lang/NoSuchMethodError'{0x0000000085362a40}: 'void java.lang.invoke.DirectMethodHandle$Holder.invokeStaticInit(java.lang.Object, java.lang.Object, java.lang.Object, java.lang.Object, java.lang.Object)'> (0x0000000085362a40) 
thrown [s\src\hotspot\share\interpreter\linkResolver.cpp, line 771]
Event: 4.719 Thread 0x0000020dab3401c0 Exception <a 'java/lang/NoSuchMethodError'{0x00000000853bd300}: 'int java.lang.invoke.DirectMethodHandle$Holder.invokeStaticInit(java.lang.Object, java.lang.Object, java.lang.Object, java.lang.Object)'> (0x00000000853bd300) 
thrown [s\src\hotspot\share\interpreter\linkResolver.cpp, line 771]
Event: 4.979 Thread 0x0000020dab3401c0 Exception <a 'java/lang/ClassNotFoundException'{0x000000008472f338}: groovy/lang/ExpandoMetaClassBeanInfo> (0x000000008472f338) 
thrown [s\src\hotspot\share\classfile\systemDictionary.cpp, line 256]
Event: 4.980 Thread 0x0000020dab3401c0 Exception <a 'java/lang/ClassNotFoundException'{0x00000000847470c8}: groovy/lang/MetaClassImplBeanInfo> (0x00000000847470c8) 
thrown [s\src\hotspot\share\classfile\systemDictionary.cpp, line 256]
Event: 4.980 Thread 0x0000020dab3401c0 Exception <a 'java/lang/ClassNotFoundException'{0x000000008474cc10}: java/lang/ObjectBeanInfo> (0x000000008474cc10) 
thrown [s\src\hotspot\share\classfile\systemDictionary.cpp, line 256]
Event: 4.982 Thread 0x0000020dab3401c0 Exception <a 'java/lang/ClassNotFoundException'{0x0000000084753990}: java/lang/ObjectCustomizer> (0x0000000084753990) 
thrown [s\src\hotspot\share\classfile\systemDictionary.cpp, line 256]
Event: 4.987 Thread 0x0000020dab3401c0 Exception <a 'java/lang/IncompatibleClassChangeError'{0x0000000084763668}: Found class java.lang.Object, but interface was expected> (0x0000000084763668) 
thrown [s\src\hotspot\share\interpreter\linkResolver.cpp, line 838]
Event: 4.993 Thread 0x0000020dab3401c0 Exception <a 'java/lang/ClassNotFoundException'{0x000000008478a168}: groovy/lang/MetaClassImplCustomizer> (0x000000008478a168) 
thrown [s\src\hotspot\share\classfile\systemDictionary.cpp, line 256]
Event: 4.996 Thread 0x0000020dab3401c0 Exception <a 'java/lang/ClassNotFoundException'{0x00000000847c1558}: groovy/lang/ExpandoMetaClassCustomizer> (0x00000000847c1558) 
thrown [s\src\hotspot\share\classfile\systemDictionary.cpp, line 256]

VM Operations (20 events):
Event: 3.849 Executing VM operation: HandshakeAllThreads
Event: 3.849 Executing VM operation: HandshakeAllThreads done
Event: 4.165 Executing VM operation: ICBufferFull
Event: 4.165 Executing VM operation: ICBufferFull done
Event: 4.181 Executing VM operation: HandshakeAllThreads
Event: 4.182 Executing VM operation: HandshakeAllThreads done
Event: 4.368 Executing VM operation: CollectForMetadataAllocation
Event: 4.375 Executing VM operation: CollectForMetadataAllocation done
Event: 4.385 Executing VM operation: G1PauseRemark
Event: 4.387 Executing VM operation: G1PauseRemark done
Event: 4.391 Executing VM operation: G1PauseCleanup
Event: 4.391 Executing VM operation: G1PauseCleanup done
Event: 4.399 Executing VM operation: HandshakeAllThreads
Event: 4.399 Executing VM operation: HandshakeAllThreads done
Event: 4.669 Executing VM operation: HandshakeAllThreads
Event: 4.669 Executing VM operation: HandshakeAllThreads done
Event: 4.945 Executing VM operation: HandshakeAllThreads
Event: 4.945 Executing VM operation: HandshakeAllThreads done
Event: 4.974 Executing VM operation: ICBufferFull
Event: 4.974 Executing VM operation: ICBufferFull done

Events (20 events):
Event: 5.048 loading class sun/nio/fs/WindowsChannelFactory$Flags done
Event: 5.049 loading class sun/nio/ch/FileChannelImpl$Closer
Event: 5.049 loading class sun/nio/ch/FileChannelImpl$Closer done
Event: 5.049 loading class java/nio/file/spi/FileSystemProvider$1
Event: 5.049 loading class java/nio/file/spi/FileSystemProvider$1 done
Event: 5.050 loading class java/nio/file/FileSystemNotFoundException
Event: 5.050 loading class java/nio/file/FileSystemNotFoundException done
Event: 5.053 loading class java/nio/file/ProviderMismatchException
Event: 5.053 loading class java/nio/file/ProviderMismatchException done
Event: 5.053 loading class java/nio/channels/AsynchronousFileChannel
Event: 5.053 loading class java/nio/channels/AsynchronousChannel
Event: 5.053 loading class java/nio/channels/AsynchronousChannel done
Event: 5.053 loading class java/nio/channels/AsynchronousFileChannel done
Event: 5.053 loading class java/nio/file/FileStore
Event: 5.053 loading class java/nio/file/FileStore done
Event: 5.054 loading class jdk/internal/jrtfs/JrtFileSystemProvider
Event: 5.054 loading class jdk/internal/jrtfs/JrtFileSystemProvider done
Event: 5.055 loading class sun/net/www/protocol/jrt/JavaRuntimeURLConnection
Event: 5.055 loading class sun/net/www/protocol/jrt/JavaRuntimeURLConnection done
Event: 5.056 loading class sun/net/www/protocol/jrt/JavaRuntimeURLConnection$1


Dynamic libraries:
0x00007ff7afe60000 - 0x00007ff7afe6a000 	C:\Program Files\Android\Android Studio\jbr\bin\java.exe
0x00007ff9ba110000 - 0x00007ff9ba327000 	C:\WINDOWS\SYSTEM32\ntdll.dll
0x00007ff9b93e0000 - 0x00007ff9b94a4000 	C:\WINDOWS\System32\KERNEL32.DLL
0x00007ff9b7650000 - 0x00007ff9b79fc000 	C:\WINDOWS\System32\KERNELBASE.dll
0x00007ff9b7a30000 - 0x00007ff9b7b41000 	C:\WINDOWS\System32\ucrtbase.dll
0x00007ff9a4920000 - 0x00007ff9a4937000 	C:\Program Files\Android\Android Studio\jbr\bin\jli.dll
0x00007ff9a4c40000 - 0x00007ff9a4c5b000 	C:\Program Files\Android\Android Studio\jbr\bin\VCRUNTIME140.dll
0x00007ff9b85f0000 - 0x00007ff9b879e000 	C:\WINDOWS\System32\USER32.dll
0x00007ff9b7a00000 - 0x00007ff9b7a26000 	C:\WINDOWS\System32\win32u.dll
0x00007ff9a73b0000 - 0x00007ff9a7643000 	C:\WINDOWS\WinSxS\amd64_microsoft.windows.common-controls_6595b64144ccf1df_6.0.22621.3672_none_2713b9d173822955\COMCTL32.dll
0x00007ff9b9510000 - 0x00007ff9b9539000 	C:\WINDOWS\System32\GDI32.dll
0x00007ff9b9e30000 - 0x00007ff9b9ed7000 	C:\WINDOWS\System32\msvcrt.dll
0x00007ff9b7d30000 - 0x00007ff9b7e49000 	C:\WINDOWS\System32\gdi32full.dll
0x00007ff9b7bd0000 - 0x00007ff9b7c6a000 	C:\WINDOWS\System32\msvcp_win.dll
0x00007ff9b9810000 - 0x00007ff9b9841000 	C:\WINDOWS\System32\IMM32.DLL
0x00007ff9a5840000 - 0x00007ff9a584c000 	C:\Program Files\Android\Android Studio\jbr\bin\vcruntime140_1.dll
0x00007ff94bc40000 - 0x00007ff94bccd000 	C:\Program Files\Android\Android Studio\jbr\bin\msvcp140.dll
0x00007ff93a870000 - 0x00007ff93b4f3000 	C:\Program Files\Android\Android Studio\jbr\bin\server\jvm.dll
0x00007ff9b9ef0000 - 0x00007ff9b9fa2000 	C:\WINDOWS\System32\ADVAPI32.dll
0x00007ff9b9020000 - 0x00007ff9b90ca000 	C:\WINDOWS\System32\sechost.dll
0x00007ff9b7440000 - 0x00007ff9b7468000 	C:\WINDOWS\System32\bcrypt.dll
0x00007ff9b9fb0000 - 0x00007ff9ba0c5000 	C:\WINDOWS\System32\RPCRT4.dll
0x00007ff9b6290000 - 0x00007ff9b62dd000 	C:\WINDOWS\SYSTEM32\POWRPROF.dll
0x00007ff9af650000 - 0x00007ff9af684000 	C:\WINDOWS\SYSTEM32\WINMM.dll
0x00007ff99e3b0000 - 0x00007ff99e3b9000 	C:\WINDOWS\SYSTEM32\WSOCK32.dll
0x00007ff9af9a0000 - 0x00007ff9af9aa000 	C:\WINDOWS\SYSTEM32\VERSION.dll
0x00007ff9b95b0000 - 0x00007ff9b9621000 	C:\WINDOWS\System32\WS2_32.dll
0x00007ff9b6270000 - 0x00007ff9b6283000 	C:\WINDOWS\SYSTEM32\UMPDC.dll
0x00007ff9b6520000 - 0x00007ff9b6538000 	C:\WINDOWS\SYSTEM32\kernel.appcore.dll
0x00007ff9b4300000 - 0x00007ff9b430a000 	C:\Program Files\Android\Android Studio\jbr\bin\jimage.dll
0x00007ff9b4d30000 - 0x00007ff9b4f62000 	C:\WINDOWS\SYSTEM32\DBGHELP.DLL
0x00007ff9b8260000 - 0x00007ff9b85e8000 	C:\WINDOWS\System32\combase.dll
0x00007ff9b9730000 - 0x00007ff9b9807000 	C:\WINDOWS\System32\OLEAUT32.dll
0x00007ff99c090000 - 0x00007ff99c0c2000 	C:\WINDOWS\SYSTEM32\dbgcore.DLL
0x00007ff9b7b50000 - 0x00007ff9b7bcb000 	C:\WINDOWS\System32\bcryptPrimitives.dll
0x00007ff9a6600000 - 0x00007ff9a660e000 	C:\Program Files\Android\Android Studio\jbr\bin\instrument.dll
0x00007ff9a4a70000 - 0x00007ff9a4a95000 	C:\Program Files\Android\Android Studio\jbr\bin\java.dll
0x00007ff9a53b0000 - 0x00007ff9a53c8000 	C:\Program Files\Android\Android Studio\jbr\bin\zip.dll
0x00007ff9b87c0000 - 0x00007ff9b901c000 	C:\WINDOWS\System32\SHELL32.dll
0x00007ff9b5350000 - 0x00007ff9b5c47000 	C:\WINDOWS\SYSTEM32\windows.storage.dll
0x00007ff9b5210000 - 0x00007ff9b534f000 	C:\WINDOWS\SYSTEM32\wintypes.dll
0x00007ff9b9d30000 - 0x00007ff9b9e24000 	C:\WINDOWS\System32\SHCORE.dll
0x00007ff9b7e60000 - 0x00007ff9b7ebe000 	C:\WINDOWS\System32\shlwapi.dll
0x00007ff9b7370000 - 0x00007ff9b7391000 	C:\WINDOWS\SYSTEM32\profapi.dll
0x00007ff9a4be0000 - 0x00007ff9a4bf9000 	C:\Program Files\Android\Android Studio\jbr\bin\net.dll
0x00007ff9aff30000 - 0x00007ff9b0066000 	C:\WINDOWS\SYSTEM32\WINHTTP.dll
0x00007ff9b6990000 - 0x00007ff9b69f9000 	C:\WINDOWS\system32\mswsock.dll
0x00007ff9a4a50000 - 0x00007ff9a4a66000 	C:\Program Files\Android\Android Studio\jbr\bin\nio.dll
0x00007ff9b0780000 - 0x00007ff9b0790000 	C:\Program Files\Android\Android Studio\jbr\bin\verify.dll
0x00007ff9a4840000 - 0x00007ff9a4867000 	C:\Users\Bharath Sai\.gradle\native\c067742578af261105cb4f569cf0c3c89f3d7b1fecec35dd04571415982c5e48\windows-amd64\native-platform.dll
0x00007ff94baf0000 - 0x00007ff94bc34000 	C:\Users\Bharath Sai\.gradle\native\38dada09dfb8b06ba9b0570ebf7e218e3eb74d4ef43ca46872605cf95ebc2f47\windows-amd64\native-platform-file-events.dll
0x00007ff9b42f0000 - 0x00007ff9b42f9000 	C:\Program Files\Android\Android Studio\jbr\bin\management.dll
0x00007ff9b08e0000 - 0x00007ff9b08eb000 	C:\Program Files\Android\Android Studio\jbr\bin\management_ext.dll
0x00007ff9b7e50000 - 0x00007ff9b7e58000 	C:\WINDOWS\System32\PSAPI.DLL
0x00007ff9b6bb0000 - 0x00007ff9b6bcb000 	C:\WINDOWS\SYSTEM32\CRYPTSP.dll
0x00007ff9b6480000 - 0x00007ff9b64b5000 	C:\WINDOWS\system32\rsaenh.dll
0x00007ff9b6a50000 - 0x00007ff9b6a78000 	C:\WINDOWS\SYSTEM32\USERENV.dll
0x00007ff9b6bd0000 - 0x00007ff9b6bdc000 	C:\WINDOWS\SYSTEM32\CRYPTBASE.dll
0x00007ff9b5f20000 - 0x00007ff9b5f4d000 	C:\WINDOWS\SYSTEM32\IPHLPAPI.DLL
0x00007ff9b9540000 - 0x00007ff9b9549000 	C:\WINDOWS\System32\NSI.dll
0x00007ff9b0560000 - 0x00007ff9b0579000 	C:\WINDOWS\SYSTEM32\dhcpcsvc6.DLL
0x00007ff9afe60000 - 0x00007ff9afe7f000 	C:\WINDOWS\SYSTEM32\dhcpcsvc.DLL
0x00007ff9b5f90000 - 0x00007ff9b6088000 	C:\WINDOWS\SYSTEM32\DNSAPI.dll
0x00007ff9a4fa0000 - 0x00007ff9a4fa8000 	C:\WINDOWS\system32\wshunix.dll

dbghelp: loaded successfully - version: 4.0.5 - missing functions: none
symbol engine: initialized successfully - sym options: 0x614 - pdb path: .;C:\Program Files\Android\Android Studio\jbr\bin;C:\WINDOWS\SYSTEM32;C:\WINDOWS\WinSxS\amd64_microsoft.windows.common-controls_6595b64144ccf1df_6.0.22621.3672_none_2713b9d173822955;C:\Program Files\Android\Android Studio\jbr\bin\server;C:\Users\Bharath Sai\.gradle\native\c067742578af261105cb4f569cf0c3c89f3d7b1fecec35dd04571415982c5e48\windows-amd64;C:\Users\Bharath Sai\.gradle\native\38dada09dfb8b06ba9b0570ebf7e218e3eb74d4ef43ca46872605cf95ebc2f47\windows-amd64

VM Arguments:
jvm_args: --add-opens=java.base/java.util=ALL-UNNAMED --add-opens=java.base/java.lang=ALL-UNNAMED --add-opens=java.base/java.lang.invoke=ALL-UNNAMED --add-opens=java.prefs/java.util.prefs=ALL-UNNAMED --add-opens=java.base/java.nio.charset=ALL-UNNAMED --add-opens=java.base/java.net=ALL-UNNAMED --add-opens=java.base/java.util.concurrent.atomic=ALL-UNNAMED -Xmx2048m -Dfile.encoding=UTF-8 -Duser.country=IN -Duser.language=en -Duser.variant -javaagent:C:\Users\Bharath Sai\.gradle\wrapper\dists\gradle-8.4-bin\1w5dpkrfk8irigvoxmyhowfim\gradle-8.4\lib\agents\gradle-instrumentation-agent-8.4.jar 
java_command: org.gradle.launcher.daemon.bootstrap.GradleDaemon 8.4
java_class_path (initial): C:\Users\Bharath Sai\.gradle\wrapper\dists\gradle-8.4-bin\1w5dpkrfk8irigvoxmyhowfim\gradle-8.4\lib\gradle-launcher-8.4.jar
Launcher Type: SUN_STANDARD

[Global flags]
     intx CICompilerCount                          = 12                                        {product} {ergonomic}
     uint ConcGCThreads                            = 3                                         {product} {ergonomic}
     uint G1ConcRefinementThreads                  = 13                                        {product} {ergonomic}
   size_t G1HeapRegionSize                         = 1048576                                   {product} {ergonomic}
    uintx GCDrainStackTargetSize                   = 64                                        {product} {ergonomic}
   size_t InitialHeapSize                          = 132120576                                 {product} {ergonomic}
   size_t MarkStackSize                            = 4194304                                   {product} {ergonomic}
   size_t MaxHeapSize                              = 2147483648                                {product} {command line}
   size_t MaxNewSize                               = 1287651328                                {product} {ergonomic}
   size_t MinHeapDeltaBytes                        = 1048576                                   {product} {ergonomic}
   size_t MinHeapSize                              = 8388608                                   {product} {ergonomic}
    uintx NonNMethodCodeHeapSize                   = 7602480                                {pd product} {ergonomic}
    uintx NonProfiledCodeHeapSize                  = 122027880                              {pd product} {ergonomic}
    uintx ProfiledCodeHeapSize                     = 122027880                              {pd product} {ergonomic}
    uintx ReservedCodeCacheSize                    = 251658240                              {pd product} {ergonomic}
     bool SegmentedCodeCache                       = true                                      {product} {ergonomic}
   size_t SoftMaxHeapSize                          = 2147483648                             {manageable} {ergonomic}
     bool UseCompressedClassPointers               = true                           {product lp64_product} {ergonomic}
     bool UseCompressedOops                        = true                           {product lp64_product} {ergonomic}
     bool UseG1GC                                  = true                                      {product} {ergonomic}
     bool UseLargePagesIndividualAllocation        = false                                  {pd product} {ergonomic}

Logging:
Log output configuration:
 #0: stdout all=warning uptime,level,tags
 #1: stderr all=off uptime,level,tags

Environment Variables:
JAVA_HOME=C:\Users\Bharath Sai\AppData\Local\Programs\Eclipse Adoptium\jdk-17.0.6.10-hotspot\
PATH=C:\Python312\Scripts\;C:\Python312\;C:\Program Files\Common Files\Oracle\Java\javapath;C:\Program Files (x86)\Common Files\Oracle\Java\javapath;C:\Python310\Scripts\;C:\Python310\;C:\Windows\system32;C:\Windows;C:\Program Files\Java\jdk-19\bin;C:\Windows\System32\Wbem;C:\Windows\System32\WindowsPowerShell\v1.0\;C:\Windows\System32\OpenSSH\;C:\Program Files (x86)\NVIDIA Corporation\PhysX\Common;C:\Program Files\NVIDIA Corporation\NVIDIA NvDLISR;C:\WINDOWS\system32;C:\WINDOWS;C:\WINDOWS\System32\Wbem;C:\WINDOWS\System32\WindowsPowerShell\v1.0\;C:\WINDOWS\System32\OpenSSH\;C:\Program Files\Git\cmd;C:\ProgramData\chocolatey\bin;C:\Program Files\Cloudflare\Cloudflare WARP\;C:\Program Files\nodejs\;C:\Program Files\dotnet\;C:\Program Files\PowerShell\7\;C:\Program Files\MySQL\MySQL Server 8.0\bin;;C:\Program Files\Docker\Docker\resources\bin;C:\Program Files\MySQL\MySQL Shell 8.0\bin\;C:\Users\Bharath Sai\AppData\Local\Programs\Eclipse Adoptium\jdk-17.0.6.10-hotspot\bin;C:\Users\Bharath Sai\anaconda3;C:\Users\Bharath Sai\anaconda3\Library\mingw-w64\bin;C:\Users\Bharath Sai\anaconda3\Library\usr\bin;C:\Users\Bharath Sai\anaconda3\Library\bin;C:\Users\Bharath Sai\anaconda3\Scripts;C:\Users\Bharath Sai\AppData\Local\Microsoft\WindowsApps;C:\MinGW\bin;C:\Users\Bharath Sai\AppData\Local\Programs\Microsoft VS Code\bin;C:\Users\Bharath Sai\AppData\Roaming\npm;C:\Users\Bharath Sai\AppData\Local\GitHubDesktop\bin
USERNAME=Bharath Sai
OS=Windows_NT
PROCESSOR_IDENTIFIER=Intel64 Family 6 Model 165 Stepping 2, GenuineIntel
TMP=C:\Users\BHARAT~1\AppData\Local\Temp
TEMP=C:\Users\BHARAT~1\AppData\Local\Temp



Periodic native trim disabled

JNI global refs:
JNI global refs: 34, weak refs: 1

JNI global refs memory usage: 843, weak refs: 841

OOME stack traces (most recent first):
Classloader memory used:
Loader org.gradle.internal.classloader.VisitableURLClassLoader                         : 2491K
Loader bootstrap                                                                       : 2298K
Loader org.gradle.initialization.MixInLegacyTypesClassLoader                           : 460K
Loader jdk.internal.loader.ClassLoaders$PlatformClassLoader                            : 65202B
Loader org.gradle.internal.classloader.VisitableURLClassLoader                         : 54424B
Loader jdk.internal.loader.ClassLoaders$AppClassLoader                                 : 28453B
Loader jdk.internal.reflect.DelegatingClassLoader                                      : 22005B
Loader org.gradle.groovy.scripts.internal.DefaultScriptCompilationHandler$ScriptClassLoader: 758B

Classes loaded by more than one classloader:
Class org.gradle.api.GradleException                                                  : loaded 3 times (x 80B)
Class org.gradle.util.GradleVersion                                                   : loaded 2 times (x 81B)
Class org.gradle.internal.classpath.ClassPath                                         : loaded 2 times (x 68B)
Class org.gradle.api.internal.classpath.DefaultModuleRegistry                         : loaded 2 times (x 84B)
Class org.gradle.internal.exceptions.NonGradleCauseExceptionsHolder                   : loaded 2 times (x 68B)
Class org.gradle.api.Action                                                           : loaded 2 times (x 68B)
Class org.gradle.api.internal.DefaultClassPathProvider                                : loaded 2 times (x 74B)
Class org.gradle.internal.installation.GradleInstallation$1                           : loaded 2 times (x 73B)
Class org.gradle.internal.exceptions.DefaultMultiCauseException                       : loaded 2 times (x 89B)
Class org.gradle.internal.time.MonotonicClock                                         : loaded 2 times (x 75B)
Class org.gradle.internal.classloader.FilteringClassLoader                            : loaded 2 times (x 103B)
Class org.gradle.internal.classpath.DefaultClassPath$ImmutableUniqueList$Builder      : loaded 2 times (x 73B)
Class org.gradle.internal.classloader.ClassLoaderVisitor                              : loaded 2 times (x 74B)
Class org.gradle.internal.time.DefaultCountdownTimer                                  : loaded 2 times (x 86B)
Class org.gradle.internal.service.DefaultServiceLocator                               : loaded 2 times (x 81B)
Class org.gradle.internal.service.UnknownServiceException                             : loaded 2 times (x 81B)
Class org.gradle.internal.classloader.DefaultClassLoaderFactory                       : loaded 2 times (x 80B)
Class org.gradle.internal.classloader.VisitableURLClassLoader$Spec                    : loaded 2 times (x 72B)
Class org.gradle.tooling.model.ProjectModel                                           : loaded 2 times (x 68B)
Class org.gradle.internal.installation.GradleInstallation                             : loaded 2 times (x 73B)
Class org.gradle.api.internal.classpath.ModuleRegistry                                : loaded 2 times (x 68B)
Class org.gradle.api.internal.ClassPathProvider                                       : loaded 2 times (x 68B)
Class org.gradle.internal.classloader.ClasspathUtil$1                                 : loaded 2 times (x 74B)
Class org.gradle.internal.classloader.ClassLoaderFactory                              : loaded 2 times (x 68B)
Class org.gradle.api.internal.classpath.ManifestUtil                                  : loaded 2 times (x 69B)
Class org.gradle.api.specs.Spec                                                       : loaded 2 times (x 68B)
Class org.gradle.internal.IoActions                                                   : loaded 2 times (x 69B)
Class org.gradle.api.internal.classpath.EffectiveClassPath                            : loaded 2 times (x 88B)
Class org.gradle.internal.installation.CurrentGradleInstallation                      : loaded 2 times (x 71B)
Class org.gradle.internal.agents.InstrumentingClassLoader                             : loaded 2 times (x 68B)
Class org.gradle.internal.installation.CurrentGradleInstallationLocator               : loaded 2 times (x 69B)
Class org.gradle.api.internal.classpath.Module                                        : loaded 2 times (x 68B)
Class org.gradle.internal.service.CachingServiceLocator                               : loaded 2 times (x 80B)
Class org.gradle.internal.time.Timer                                                  : loaded 2 times (x 68B)
Class org.gradle.internal.classpath.DefaultClassPath                                  : loaded 2 times (x 88B)
Class org.gradle.internal.time.Time                                                   : loaded 2 times (x 69B)
Class org.gradle.internal.time.TimeSource$1                                           : loaded 2 times (x 75B)
Class org.gradle.internal.classloader.SystemClassLoaderSpec                           : loaded 2 times (x 69B)
Class kotlin.Function                                                                 : loaded 2 times (x 68B)
Class org.gradle.api.UncheckedIOException                                             : loaded 2 times (x 80B)
Class org.gradle.internal.time.CountdownTimer                                         : loaded 2 times (x 68B)
Class org.gradle.internal.time.Clock                                                  : loaded 2 times (x 68B)
Class org.gradle.internal.classloader.ClasspathUtil                                   : loaded 2 times (x 69B)
Class org.gradle.api.internal.DefaultClassPathRegistry                                : loaded 2 times (x 74B)
Class org.gradle.api.internal.classpath.DefaultModuleRegistry$DefaultModule           : loaded 2 times (x 84B)
Class org.gradle.internal.time.TimeSource                                             : loaded 2 times (x 68B)
Class org.gradle.api.internal.classpath.UnknownModuleException                        : loaded 2 times (x 80B)
Class org.gradle.internal.service.ServiceLookupException                              : loaded 2 times (x 80B)
Class org.gradle.cache.GlobalCache                                                    : loaded 2 times (x 68B)
Class [Lorg.gradle.api.internal.ClassPathProvider;                                    : loaded 2 times (x 67B)
Class org.gradle.internal.operations.MultipleBuildOperationFailures                   : loaded 2 times (x 89B)
Class org.gradle.util.internal.GUtil                                                  : loaded 2 times (x 69B)
Class org.gradle.internal.classloader.ClassLoaderSpec                                 : loaded 2 times (x 69B)
Class org.gradle.internal.classloader.VisitableURLClassLoader                         : loaded 2 times (x 115B)
Class org.gradle.internal.Cast                                                        : loaded 2 times (x 69B)
Class org.gradle.api.internal.ClassPathRegistry                                       : loaded 2 times (x 68B)
Class org.gradle.internal.classloader.VisitableURLClassLoader$InstrumentingVisitableURLClassLoader: loaded 2 times (x 121B)
Class org.gradle.internal.classloader.ClassLoaderHierarchy                            : loaded 2 times (x 68B)
Class org.gradle.internal.exceptions.MultiCauseException                              : loaded 2 times (x 68B)
Class org.gradle.internal.InternalTransformer                                         : loaded 2 times (x 68B)
Class org.gradle.internal.service.ServiceLocator                                      : loaded 2 times (x 68B)
Class org.gradle.internal.classpath.DefaultClassPath$ImmutableUniqueList              : loaded 2 times (x 159B)
Class org.gradle.internal.time.DefaultTimer                                           : loaded 2 times (x 78B)
Class org.gradle.internal.classpath.TransformedClassPath                              : loaded 2 times (x 94B)


---------------  S Y S T E M  ---------------

OS:
 Windows 11 , 64 bit Build 22621 (10.0.22621.3672)
OS uptime: 3 days 0:23 hours
Hyper-V role detected

CPU: total 16 (initial active 16) (8 cores per cpu, 2 threads per core) family 6 model 165 stepping 2 microcode 0xe0, cx8, cmov, fxsr, ht, mmx, 3dnowpref, sse, sse2, sse3, ssse3, sse4.1, sse4.2, popcnt, lzcnt, tsc, tscinvbit, avx, avx2, aes, erms, clmul, bmi1, bmi2, adx, fma, vzeroupper, clflush, clflushopt, hv
Processor Information for all 16 processors :
  Max Mhz: 2208, Current Mhz: 2208, Mhz Limit: 2208

Memory: 4k page, system-wide physical 8027M (492M free)
TotalPageFile size 32603M (AvailPageFile size 5M)
current process WorkingSet (physical memory assigned to process): 262M, peak: 263M
current process commit charge ("private bytes"): 309M, peak: 311M

vm_info: OpenJDK 64-Bit Server VM (17.0.9+0--11185874) for windows-amd64 JRE (17.0.9+0--11185874), built on Dec  6 2023 18:57:44 by "androidbuild" with MS VC++ 16.10 / 16.11 (VS2019)

END.
