#
# There is insufficient memory for the Java Runtime Environment to continue.
# Native memory allocation (malloc) failed to allocate 769616 bytes for Chunk::new
# Possible reasons:
#   The system is out of physical RAM or swap space
#   The process is running with CompressedOops enabled, and the Java Heap may be blocking the growth of the native heap
# Possible solutions:
#   Reduce memory load on the system
#   Increase physical memory or swap space
#   Check if swap backing store is full
#   Decrease Java heap size (-Xmx/-Xms)
#   Decrease number of Java threads
#   Decrease Java thread stack sizes (-Xss)
#   Set larger code cache with -XX:ReservedCodeCacheSize=
#   JVM is running with Unscaled Compressed Oops mode in which the Java heap is
#     placed in the first 4GB address space. The Java Heap base address is the
#     maximum limit for the native heap growth. Please use -XX:HeapBaseMinAddress
#     to set the Java Heap base and to place the Java Heap above 4GB virtual address.
# This output file may be truncated or incomplete.
#
#  Out of Memory Error (arena.cpp:191), pid=1424, tid=21476
#
# JRE version: OpenJDK Runtime Environment (17.0.9) (build 17.0.9+0--11185874)
# Java VM: OpenJDK 64-Bit Server VM (17.0.9+0--11185874, mixed mode, tiered, compressed oops, compressed class ptrs, g1 gc, windows-amd64)
# No core dump will be written. Minidumps are not enabled by default on client versions of Windows
#

---------------  S U M M A R Y ------------

Command Line: --add-opens=java.base/java.util=ALL-UNNAMED --add-opens=java.base/java.lang=ALL-UNNAMED --add-opens=java.base/java.lang.invoke=ALL-UNNAMED --add-opens=java.prefs/java.util.prefs=ALL-UNNAMED --add-opens=java.base/java.nio.charset=ALL-UNNAMED --add-opens=java.base/java.net=ALL-UNNAMED --add-opens=java.base/java.util.concurrent.atomic=ALL-UNNAMED -Xmx2048m -Dfile.encoding=UTF-8 -Duser.country=IN -Duser.language=en -Duser.variant -javaagent:C:\Users\Bharath Sai\.gradle\wrapper\dists\gradle-8.4-bin\1w5dpkrfk8irigvoxmyhowfim\gradle-8.4\lib\agents\gradle-instrumentation-agent-8.4.jar org.gradle.launcher.daemon.bootstrap.GradleDaemon 8.4

Host: Intel(R) Core(TM) i7-10870H CPU @ 2.20GHz, 16 cores, 7G,  Windows 11 , 64 bit Build 22621 (10.0.22621.3672)
Time: Sun Jun 30 16:34:44 2024 India Standard Time elapsed time: 7.390921 seconds (0d 0h 0m 7s)

---------------  T H R E A D  ---------------

Current thread (0x000001f52214e830):  JavaThread "C2 CompilerThread0" daemon [_thread_in_native, id=21476, stack(0x000000cc5c500000,0x000000cc5c600000)]


Current CompileTask:
C2:   7390 6835       4       java.util.zip.ZipFile$Source::initCEN (591 bytes)

Stack: [0x000000cc5c500000,0x000000cc5c600000]
Native frames: (J=compiled Java code, j=interpreted, Vv=VM code, C=native code)
V  [jvm.dll+0x6886e9]
V  [jvm.dll+0x841e4a]
V  [jvm.dll+0x843a8e]
V  [jvm.dll+0x8440f3]
V  [jvm.dll+0x24c14f]
V  [jvm.dll+0xac44c]
V  [jvm.dll+0xaca9c]
V  [jvm.dll+0x36c1a2]
V  [jvm.dll+0x33651a]
V  [jvm.dll+0x3359ba]
V  [jvm.dll+0x21ddb1]
V  [jvm.dll+0x21d1d1]
V  [jvm.dll+0x1a674d]
V  [jvm.dll+0x22d088]
V  [jvm.dll+0x22b1c0]
V  [jvm.dll+0x7f62f7]
V  [jvm.dll+0x7f06aa]
V  [jvm.dll+0x687565]
C  [ucrtbase.dll+0x29333]
C  [KERNEL32.DLL+0x1257d]
C  [ntdll.dll+0x5af28]


---------------  P R O C E S S  ---------------

Threads class SMR info:
_java_thread_list=0x000001f5227e2720, length=70, elements={
0x000001f5075ce390, 0x000001f522128660, 0x000001f5221292f0, 0x000001f52211af70,
0x000001f522149660, 0x000001f52214b2a0, 0x000001f52214db80, 0x000001f52214e830,
0x000001f5221526f0, 0x000001f52217b020, 0x000001f521f57950, 0x000001f521f58240,
0x000001f52247b540, 0x000001f527d60100, 0x000001f527f4a3c0, 0x000001f52827ab20,
0x000001f52803e860, 0x000001f52803bf10, 0x000001f527d1b0e0, 0x000001f527d25a60,
0x000001f528080450, 0x000001f5283dab20, 0x000001f5283d87b0, 0x000001f5283db030,
0x000001f5283d7880, 0x000001f5283d96e0, 0x000001f5283d7d90, 0x000001f5283d82a0,
0x000001f5283da100, 0x000001f5283d91d0, 0x000001f5283da610, 0x000001f5283d9bf0,
0x000001f529e5b690, 0x000001f529e5cfe0, 0x000001f529e5a760, 0x000001f529e5df10,
0x000001f529e5e420, 0x000001f529e59320, 0x000001f52a4f1940, 0x000001f529e5bba0,
0x000001f529e5a250, 0x000001f529e5da00, 0x000001f529e5c0b0, 0x000001f529e5f860,
0x000001f529e59830, 0x000001f529e59d40, 0x000001f529e5c5c0, 0x000001f529e5cad0,
0x000001f529e5d4f0, 0x000001f529e5e930, 0x000001f529e5ee40, 0x000001f529e5fd70,
0x000001f529e5f350, 0x000001f529e60280, 0x000001f529e60790, 0x000001f5273f3670,
0x000001f5273f4090, 0x000001f5273f1300, 0x000001f5273f4fc0, 0x000001f5273ef9b0,
0x000001f5273f54d0, 0x000001f5273f1810, 0x000001f5273f1d20, 0x000001f5273f2740,
0x000001f5273f08e0, 0x000001f5273f2c50, 0x000001f5273f2230, 0x000001f5273f45a0,
0x000001f5273f59e0, 0x000001f5273f3b80
}

Java Threads: ( => current thread )
  0x000001f5075ce390 JavaThread "main" [_thread_blocked, id=24668, stack(0x000000cc5b800000,0x000000cc5b900000)]
  0x000001f522128660 JavaThread "Reference Handler" daemon [_thread_blocked, id=18132, stack(0x000000cc5bf00000,0x000000cc5c000000)]
  0x000001f5221292f0 JavaThread "Finalizer" daemon [_thread_blocked, id=6240, stack(0x000000cc5c000000,0x000000cc5c100000)]
  0x000001f52211af70 JavaThread "Signal Dispatcher" daemon [_thread_blocked, id=9460, stack(0x000000cc5c100000,0x000000cc5c200000)]
  0x000001f522149660 JavaThread "Attach Listener" daemon [_thread_blocked, id=15240, stack(0x000000cc5c200000,0x000000cc5c300000)]
  0x000001f52214b2a0 JavaThread "Service Thread" daemon [_thread_blocked, id=13304, stack(0x000000cc5c300000,0x000000cc5c400000)]
  0x000001f52214db80 JavaThread "Monitor Deflation Thread" daemon [_thread_blocked, id=24808, stack(0x000000cc5c400000,0x000000cc5c500000)]
=>0x000001f52214e830 JavaThread "C2 CompilerThread0" daemon [_thread_in_native, id=21476, stack(0x000000cc5c500000,0x000000cc5c600000)]
  0x000001f5221526f0 JavaThread "C1 CompilerThread0" daemon [_thread_blocked, id=10092, stack(0x000000cc5c600000,0x000000cc5c700000)]
  0x000001f52217b020 JavaThread "Sweeper thread" daemon [_thread_blocked, id=6492, stack(0x000000cc5c700000,0x000000cc5c800000)]
  0x000001f521f57950 JavaThread "Common-Cleaner" daemon [_thread_blocked, id=9848, stack(0x000000cc5c800000,0x000000cc5c900000)]
  0x000001f521f58240 JavaThread "C1 CompilerThread1" daemon [_thread_blocked, id=25688, stack(0x000000cc5c900000,0x000000cc5ca00000)]
  0x000001f52247b540 JavaThread "Notification Thread" daemon [_thread_blocked, id=23336, stack(0x000000cc5ca00000,0x000000cc5cb00000)]
  0x000001f527d60100 JavaThread "C1 CompilerThread2" daemon [_thread_blocked, id=25956, stack(0x000000cc5d000000,0x000000cc5d100000)]
  0x000001f527f4a3c0 JavaThread "Daemon health stats" [_thread_blocked, id=20132, stack(0x000000cc5d100000,0x000000cc5d200000)]
  0x000001f52827ab20 JavaThread "Incoming local TCP Connector on port 50119" [_thread_in_native, id=13448, stack(0x000000cc5d200000,0x000000cc5d300000)]
  0x000001f52803e860 JavaThread "Daemon periodic checks" [_thread_blocked, id=15556, stack(0x000000cc5d300000,0x000000cc5d400000)]
  0x000001f52803bf10 JavaThread "Daemon" [_thread_blocked, id=21600, stack(0x000000cc5d400000,0x000000cc5d500000)]
  0x000001f527d1b0e0 JavaThread "Handler for socket connection from /127.0.0.1:50119 to /127.0.0.1:50120" [_thread_in_native, id=24736, stack(0x000000cc5d500000,0x000000cc5d600000)]
  0x000001f527d25a60 JavaThread "Cancel handler" [_thread_blocked, id=22192, stack(0x000000cc5d600000,0x000000cc5d700000)]
  0x000001f528080450 JavaThread "Daemon worker" [_thread_blocked, id=11580, stack(0x000000cc5d700000,0x000000cc5d800000)]
  0x000001f5283dab20 JavaThread "Asynchronous log dispatcher for DefaultDaemonConnection: socket connection from /127.0.0.1:50119 to /127.0.0.1:50120" [_thread_blocked, id=27416, stack(0x000000cc5d800000,0x000000cc5d900000)]
  0x000001f5283d87b0 JavaThread "Stdin handler" [_thread_blocked, id=10148, stack(0x000000cc5d900000,0x000000cc5da00000)]
  0x000001f5283db030 JavaThread "Daemon client event forwarder" [_thread_blocked, id=20872, stack(0x000000cc5da00000,0x000000cc5db00000)]
  0x000001f5283d7880 JavaThread "Cache worker for journal cache (C:\Users\Bharath Sai\.gradle\caches\journal-1)" [_thread_blocked, id=6004, stack(0x000000cc5e500000,0x000000cc5e600000)]
  0x000001f5283d96e0 JavaThread "File lock request listener" [_thread_in_native, id=18996, stack(0x000000cc5e600000,0x000000cc5e700000)]
  0x000001f5283d7d90 JavaThread "Cache worker for file hash cache (C:\Users\Bharath Sai\.gradle\caches\8.4\fileHashes)" [_thread_blocked, id=4496, stack(0x000000cc5e700000,0x000000cc5e800000)]
  0x000001f5283d82a0 JavaThread "File watcher server" daemon [_thread_in_native, id=4188, stack(0x000000cc5e800000,0x000000cc5e900000)]
  0x000001f5283da100 JavaThread "File watcher consumer" daemon [_thread_blocked, id=10748, stack(0x000000cc5e900000,0x000000cc5ea00000)]
  0x000001f5283d91d0 JavaThread "Cache worker for checksums cache (C:\Users\Bharath Sai\AndroidStudioProjects\JetpackPractice\.gradle\8.4\checksums)" [_thread_blocked, id=3704, stack(0x000000cc5ea00000,0x000000cc5eb00000)]
  0x000001f5283da610 JavaThread "Cache worker for file hash cache (C:\Users\Bharath Sai\AndroidStudioProjects\JetpackPractice\.gradle\8.4\fileHashes)" [_thread_blocked, id=5520, stack(0x000000cc5eb00000,0x000000cc5ec00000)]
  0x000001f5283d9bf0 JavaThread "Cache worker for cache directory md-supplier (C:\Users\Bharath Sai\.gradle\caches\8.4\md-supplier)" [_thread_blocked, id=17456, stack(0x000000cc5ec00000,0x000000cc5ed00000)]
  0x000001f529e5b690 JavaThread "Cache worker for file content cache (C:\Users\Bharath Sai\.gradle\caches\8.4\fileContent)" [_thread_blocked, id=24920, stack(0x000000cc5ed00000,0x000000cc5ee00000)]
  0x000001f529e5cfe0 JavaThread "Cache worker for cache directory md-rule (C:\Users\Bharath Sai\.gradle\caches\8.4\md-rule)" [_thread_blocked, id=22496, stack(0x000000cc5ee00000,0x000000cc5ef00000)]
  0x000001f529e5a760 JavaThread "Cache worker for execution history cache (C:\Users\Bharath Sai\.gradle\caches\8.4\executionHistory)" [_thread_blocked, id=13936, stack(0x000000cc5ef00000,0x000000cc5f000000)]
  0x000001f529e5df10 JavaThread "Cache worker for kotlin-dsl (C:\Users\Bharath Sai\.gradle\caches\8.4\kotlin-dsl)" [_thread_blocked, id=14608, stack(0x000000cc5f000000,0x000000cc5f100000)]
  0x000001f529e5e420 JavaThread "jar transforms" [_thread_blocked, id=22696, stack(0x000000cc5f100000,0x000000cc5f200000)]
  0x000001f529e59320 JavaThread "jar transforms Thread 2" [_thread_blocked, id=20504, stack(0x000000cc5f200000,0x000000cc5f300000)]
  0x000001f52a4f1940 JavaThread "C2 CompilerThread1" daemon [_thread_blocked, id=24008, stack(0x000000cc5f300000,0x000000cc5f400000)]
  0x000001f529e5bba0 JavaThread "jar transforms Thread 3" [_thread_blocked, id=14412, stack(0x000000cc5f400000,0x000000cc5f500000)]
  0x000001f529e5a250 JavaThread "jar transforms Thread 4" [_thread_blocked, id=19032, stack(0x000000cc5f500000,0x000000cc5f600000)]
  0x000001f529e5da00 JavaThread "Cache worker for dependencies-accessors (C:\Users\Bharath Sai\AndroidStudioProjects\JetpackPractice\.gradle\8.4\dependencies-accessors)" [_thread_blocked, id=20916, stack(0x000000cc5f600000,0x000000cc5f700000)]
  0x000001f529e5c0b0 JavaThread "Cache worker for Build Output Cleanup Cache (C:\Users\Bharath Sai\AndroidStudioProjects\JetpackPractice\.gradle\buildOutputCleanup)" [_thread_blocked, id=1640, stack(0x000000cc5f700000,0x000000cc5f800000)]
  0x000001f529e5f860 JavaThread "jar transforms Thread 5" [_thread_blocked, id=10540, stack(0x000000cc5f800000,0x000000cc5f900000)]
  0x000001f529e59830 JavaThread "jar transforms Thread 6" [_thread_blocked, id=13332, stack(0x000000cc5f900000,0x000000cc5fa00000)]
  0x000001f529e59d40 JavaThread "Unconstrained build operations" [_thread_blocked, id=25536, stack(0x000000cc5fa00000,0x000000cc5fb00000)]
  0x000001f529e5c5c0 JavaThread "Unconstrained build operations Thread 2" [_thread_blocked, id=21968, stack(0x000000cc5fb00000,0x000000cc5fc00000)]
  0x000001f529e5cad0 JavaThread "Unconstrained build operations Thread 3" [_thread_blocked, id=22480, stack(0x000000cc5fc00000,0x000000cc5fd00000)]
  0x000001f529e5d4f0 JavaThread "Unconstrained build operations Thread 4" [_thread_blocked, id=16200, stack(0x000000cc5fd00000,0x000000cc5fe00000)]
  0x000001f529e5e930 JavaThread "Unconstrained build operations Thread 5" [_thread_blocked, id=26920, stack(0x000000cc5fe00000,0x000000cc5ff00000)]
  0x000001f529e5ee40 JavaThread "Unconstrained build operations Thread 6" [_thread_blocked, id=17952, stack(0x000000cc5ff00000,0x000000cc60000000)]
  0x000001f529e5fd70 JavaThread "Unconstrained build operations Thread 7" [_thread_blocked, id=24340, stack(0x000000cc60000000,0x000000cc60100000)]
  0x000001f529e5f350 JavaThread "Unconstrained build operations Thread 8" [_thread_blocked, id=3860, stack(0x000000cc60100000,0x000000cc60200000)]
  0x000001f529e60280 JavaThread "Unconstrained build operations Thread 9" [_thread_blocked, id=10944, stack(0x000000cc60200000,0x000000cc60300000)]
  0x000001f529e60790 JavaThread "Unconstrained build operations Thread 10" [_thread_blocked, id=20372, stack(0x000000cc60300000,0x000000cc60400000)]
  0x000001f5273f3670 JavaThread "Unconstrained build operations Thread 11" [_thread_blocked, id=25332, stack(0x000000cc60400000,0x000000cc60500000)]
  0x000001f5273f4090 JavaThread "Unconstrained build operations Thread 12" [_thread_blocked, id=18440, stack(0x000000cc60500000,0x000000cc60600000)]
  0x000001f5273f1300 JavaThread "Unconstrained build operations Thread 13" [_thread_blocked, id=7124, stack(0x000000cc60600000,0x000000cc60700000)]
  0x000001f5273f4fc0 JavaThread "Unconstrained build operations Thread 14" [_thread_blocked, id=7684, stack(0x000000cc60700000,0x000000cc60800000)]
  0x000001f5273ef9b0 JavaThread "Unconstrained build operations Thread 15" [_thread_blocked, id=628, stack(0x000000cc60800000,0x000000cc60900000)]
  0x000001f5273f54d0 JavaThread "jar transforms Thread 7" [_thread_blocked, id=16860, stack(0x000000cc60900000,0x000000cc60a00000)]
  0x000001f5273f1810 JavaThread "jar transforms Thread 8" [_thread_blocked, id=27404, stack(0x000000cc60a00000,0x000000cc60b00000)]
  0x000001f5273f1d20 JavaThread "jar transforms Thread 9" [_thread_blocked, id=968, stack(0x000000cc60b00000,0x000000cc60c00000)]
  0x000001f5273f2740 JavaThread "jar transforms Thread 10" [_thread_blocked, id=10336, stack(0x000000cc60c00000,0x000000cc60d00000)]
  0x000001f5273f08e0 JavaThread "jar transforms Thread 11" [_thread_blocked, id=26000, stack(0x000000cc60d00000,0x000000cc60e00000)]
  0x000001f5273f2c50 JavaThread "jar transforms Thread 12" [_thread_blocked, id=14396, stack(0x000000cc60e00000,0x000000cc60f00000)]
  0x000001f5273f2230 JavaThread "jar transforms Thread 13" [_thread_blocked, id=13772, stack(0x000000cc60f00000,0x000000cc61000000)]
  0x000001f5273f45a0 JavaThread "jar transforms Thread 14" [_thread_blocked, id=16736, stack(0x000000cc61000000,0x000000cc61100000)]
  0x000001f5273f59e0 JavaThread "jar transforms Thread 15" [_thread_blocked, id=14560, stack(0x000000cc61100000,0x000000cc61200000)]
  0x000001f5273f3b80 JavaThread "jar transforms Thread 16" [_thread_blocked, id=15004, stack(0x000000cc61200000,0x000000cc61300000)]

Other Threads:
  0x000001f521fb4240 VMThread "VM Thread" [stack: 0x000000cc5be00000,0x000000cc5bf00000] [id=7728]
  0x000001f5075cff30 WatcherThread [stack: 0x000000cc5cb00000,0x000000cc5cc00000] [id=19648]
  0x000001f50762ae80 GCTaskThread "GC Thread#0" [stack: 0x000000cc5b900000,0x000000cc5ba00000] [id=11472]
  0x000001f5274ac020 GCTaskThread "GC Thread#1" [stack: 0x000000cc5cc00000,0x000000cc5cd00000] [id=11148]
  0x000001f5274ac6f0 GCTaskThread "GC Thread#2" [stack: 0x000000cc5cd00000,0x000000cc5ce00000] [id=12320]
  0x000001f522ac8740 GCTaskThread "GC Thread#3" [stack: 0x000000cc5ce00000,0x000000cc5cf00000] [id=26560]
  0x000001f52728eb50 GCTaskThread "GC Thread#4" [stack: 0x000000cc5cf00000,0x000000cc5d000000] [id=12612]
  0x000001f5283e9db0 GCTaskThread "GC Thread#5" [stack: 0x000000cc5db00000,0x000000cc5dc00000] [id=11576]
  0x000001f528419460 GCTaskThread "GC Thread#6" [stack: 0x000000cc5dc00000,0x000000cc5dd00000] [id=27148]
  0x000001f527cf8580 GCTaskThread "GC Thread#7" [stack: 0x000000cc5dd00000,0x000000cc5de00000] [id=25376]
  0x000001f528196c60 GCTaskThread "GC Thread#8" [stack: 0x000000cc5de00000,0x000000cc5df00000] [id=15060]
  0x000001f528427fc0 GCTaskThread "GC Thread#9" [stack: 0x000000cc5df00000,0x000000cc5e000000] [id=21112]
  0x000001f528095600 GCTaskThread "GC Thread#10" [stack: 0x000000cc5e000000,0x000000cc5e100000] [id=18048]
  0x000001f528080930 GCTaskThread "GC Thread#11" [stack: 0x000000cc5e100000,0x000000cc5e200000] [id=17272]
  0x000001f5281f5d00 GCTaskThread "GC Thread#12" [stack: 0x000000cc5e200000,0x000000cc5e300000] [id=2828]
  0x000001f50763bce0 ConcurrentGCThread "G1 Main Marker" [stack: 0x000000cc5ba00000,0x000000cc5bb00000] [id=26660]
  0x000001f50763cdb0 ConcurrentGCThread "G1 Conc#0" [stack: 0x000000cc5bb00000,0x000000cc5bc00000] [id=3972]
  0x000001f5281f5fc0 ConcurrentGCThread "G1 Conc#1" [stack: 0x000000cc5e300000,0x000000cc5e400000] [id=16252]
  0x000001f5281f6280 ConcurrentGCThread "G1 Conc#2" [stack: 0x000000cc5e400000,0x000000cc5e500000] [id=2672]
  0x000001f521e1ddc0 ConcurrentGCThread "G1 Refine#0" [stack: 0x000000cc5bc00000,0x000000cc5bd00000] [id=11072]
  0x000001f52b5f5cc0 ConcurrentGCThread "G1 Refine#1" [stack: 0x000000cc61300000,0x000000cc61400000] [id=22948]
  0x000001f52b5f85e0 ConcurrentGCThread "G1 Refine#2" [stack: 0x000000cc61400000,0x000000cc61500000] [id=6484]
  0x000001f521e1e700 ConcurrentGCThread "G1 Service" [stack: 0x000000cc5bd00000,0x000000cc5be00000] [id=23560]

Threads with active compile tasks:
C2 CompilerThread0     7423 6835       4       java.util.zip.ZipFile$Source::initCEN (591 bytes)

VM state: at safepoint (normal execution)

VM Mutex/Monitor currently owned by a thread:  ([mutex/lock_event])
[0x000001f5075ca270] Threads_lock - owner thread: 0x000001f521fb4240
[0x000001f5075cb740] Heap_lock - owner thread: 0x000001f50763bce0

Heap address: 0x0000000080000000, size: 2048 MB, Compressed Oops mode: 32-bit

CDS archive(s) not mapped
Compressed class space mapped at: 0x0000000100000000-0x0000000140000000, reserved size: 1073741824
Narrow klass base: 0x0000000000000000, Narrow klass shift: 3, Narrow klass range: 0x140000000

GC Precious Log:
 CPUs: 16 total, 16 available
 Memory: 8027M
 Large Page Support: Disabled
 NUMA Support: Disabled
 Compressed Oops: Enabled (32-bit)
 Heap Region Size: 1M
 Heap Min Capacity: 8M
 Heap Initial Capacity: 126M
 Heap Max Capacity: 2G
 Pre-touch: Disabled
 Parallel Workers: 13
 Concurrent Workers: 3
 Concurrent Refinement Workers: 13
 Periodic GC: Disabled

Heap:
 garbage-first heap   total 86016K, used 52735K [0x0000000080000000, 0x0000000100000000)
  region size 1024K, 5 young (5120K), 4 survivors (4096K)
 Metaspace       used 56440K, committed 56960K, reserved 1114112K
  class space    used 7691K, committed 7936K, reserved 1048576K

Heap Regions: E=young(eden), S=young(survivor), O=old, HS=humongous(starts), HC=humongous(continues), CS=collection set, F=free, OA=open archive, CA=closed archive, TAMS=top-at-mark-start (previous, next)
|   0|0x0000000080000000, 0x0000000080100000, 0x0000000080100000|100%|HS|  |TAMS 0x0000000080100000, 0x0000000080000000| Complete 
|   1|0x0000000080100000, 0x0000000080200000, 0x0000000080200000|100%|HC|  |TAMS 0x0000000080200000, 0x0000000080100000| Complete 
|   2|0x0000000080200000, 0x0000000080300000, 0x0000000080300000|100%|HC|  |TAMS 0x0000000080300000, 0x0000000080200000| Complete 
|   3|0x0000000080300000, 0x0000000080400000, 0x0000000080400000|100%|HC|  |TAMS 0x0000000080400000, 0x0000000080300000| Complete 
|   4|0x0000000080400000, 0x0000000080500000, 0x0000000080500000|100%| O|  |TAMS 0x0000000080500000, 0x0000000080400000| Untracked 
|   5|0x0000000080500000, 0x0000000080600000, 0x0000000080600000|100%| O|  |TAMS 0x0000000080600000, 0x0000000080500000| Untracked 
|   6|0x0000000080600000, 0x0000000080700000, 0x0000000080700000|100%| O|  |TAMS 0x0000000080700000, 0x0000000080600000| Untracked 
|   7|0x0000000080700000, 0x0000000080800000, 0x0000000080800000|100%| O|  |TAMS 0x0000000080800000, 0x0000000080700000| Untracked 
|   8|0x0000000080800000, 0x0000000080900000, 0x0000000080900000|100%| O|  |TAMS 0x0000000080900000, 0x0000000080800000| Updating 
|   9|0x0000000080900000, 0x0000000080a00000, 0x0000000080a00000|100%| O|  |TAMS 0x0000000080a00000, 0x0000000080900000| Untracked 
|  10|0x0000000080a00000, 0x0000000080a41000, 0x0000000080b00000| 25%| O|  |TAMS 0x0000000080a41000, 0x0000000080a00000| Updating 
|  11|0x0000000080b00000, 0x0000000080c00000, 0x0000000080c00000|100%| O|  |TAMS 0x0000000080c00000, 0x0000000080b00000| Untracked 
|  12|0x0000000080c00000, 0x0000000080d00000, 0x0000000080d00000|100%| O|  |TAMS 0x0000000080d00000, 0x0000000080c00000| Untracked 
|  13|0x0000000080d00000, 0x0000000080e00000, 0x0000000080e00000|100%| O|  |TAMS 0x0000000080e00000, 0x0000000080d00000| Untracked 
|  14|0x0000000080e00000, 0x0000000080f00000, 0x0000000080f00000|100%| O|  |TAMS 0x0000000080f00000, 0x0000000080e00000| Untracked 
|  15|0x0000000080f00000, 0x0000000081000000, 0x0000000081000000|100%| O|  |TAMS 0x0000000081000000, 0x0000000080f00000| Untracked 
|  16|0x0000000081000000, 0x0000000081100000, 0x0000000081100000|100%| O|  |TAMS 0x0000000081100000, 0x0000000081000000| Untracked 
|  17|0x0000000081100000, 0x0000000081200000, 0x0000000081200000|100%| O|  |TAMS 0x0000000081200000, 0x0000000081100000| Untracked 
|  18|0x0000000081200000, 0x0000000081300000, 0x0000000081300000|100%| O|  |TAMS 0x0000000081300000, 0x0000000081200000| Untracked 
|  19|0x0000000081300000, 0x0000000081400000, 0x0000000081400000|100%| O|  |TAMS 0x0000000081400000, 0x0000000081300000| Untracked 
|  20|0x0000000081400000, 0x0000000081500000, 0x0000000081500000|100%| O|  |TAMS 0x0000000081500000, 0x0000000081400000| Untracked 
|  21|0x0000000081500000, 0x0000000081600000, 0x0000000081600000|100%| O|  |TAMS 0x0000000081600000, 0x0000000081500000| Untracked 
|  22|0x0000000081600000, 0x0000000081700000, 0x0000000081700000|100%| O|  |TAMS 0x0000000081700000, 0x0000000081600000| Untracked 
|  23|0x0000000081700000, 0x0000000081800000, 0x0000000081800000|100%| O|  |TAMS 0x0000000081800000, 0x0000000081700000| Untracked 
|  24|0x0000000081800000, 0x0000000081900000, 0x0000000081900000|100%| O|  |TAMS 0x0000000081900000, 0x0000000081800000| Untracked 
|  25|0x0000000081900000, 0x0000000081a00000, 0x0000000081a00000|100%| O|  |TAMS 0x0000000081a00000, 0x0000000081900000| Untracked 
|  26|0x0000000081a00000, 0x0000000081b00000, 0x0000000081b00000|100%| O|  |TAMS 0x0000000081b00000, 0x0000000081a00000| Untracked 
|  27|0x0000000081b00000, 0x0000000081c00000, 0x0000000081c00000|100%| O|  |TAMS 0x0000000081c00000, 0x0000000081b00000| Untracked 
|  28|0x0000000081c00000, 0x0000000081d00000, 0x0000000081d00000|100%| O|  |TAMS 0x0000000081d00000, 0x0000000081c00000| Untracked 
|  29|0x0000000081d00000, 0x0000000081e00000, 0x0000000081e00000|100%| O|  |TAMS 0x0000000081e00000, 0x0000000081d00000| Untracked 
|  30|0x0000000081e00000, 0x0000000081f00000, 0x0000000081f00000|100%| O|  |TAMS 0x0000000081f00000, 0x0000000081e00000| Untracked 
|  31|0x0000000081f00000, 0x0000000082000000, 0x0000000082000000|100%| O|  |TAMS 0x0000000082000000, 0x0000000081f00000| Untracked 
|  32|0x0000000082000000, 0x0000000082100000, 0x0000000082100000|100%| O|  |TAMS 0x0000000082100000, 0x0000000082000000| Untracked 
|  33|0x0000000082100000, 0x0000000082200000, 0x0000000082200000|100%|HS|  |TAMS 0x0000000082200000, 0x0000000082100000| Complete 
|  34|0x0000000082200000, 0x0000000082300000, 0x0000000082300000|100%|HS|  |TAMS 0x0000000082300000, 0x0000000082200000| Complete 
|  35|0x0000000082300000, 0x0000000082400000, 0x0000000082400000|100%|HS|  |TAMS 0x0000000082400000, 0x0000000082300000| Complete 
|  36|0x0000000082400000, 0x0000000082500000, 0x0000000082500000|100%|HC|  |TAMS 0x0000000082500000, 0x0000000082400000| Complete 
|  37|0x0000000082500000, 0x0000000082600000, 0x0000000082600000|100%| O|  |TAMS 0x0000000082600000, 0x0000000082500000| Untracked 
|  38|0x0000000082600000, 0x0000000082700000, 0x0000000082700000|100%| O|  |TAMS 0x0000000082700000, 0x0000000082600000| Untracked 
|  39|0x0000000082700000, 0x0000000082800000, 0x0000000082800000|100%| O|  |TAMS 0x0000000082800000, 0x0000000082700000| Untracked 
|  40|0x0000000082800000, 0x0000000082900000, 0x0000000082900000|100%| O|  |TAMS 0x0000000082900000, 0x0000000082800000| Untracked 
|  41|0x0000000082900000, 0x000000008296d600, 0x0000000082a00000| 42%| O|  |TAMS 0x000000008296d600, 0x0000000082900000| Updating 
|  42|0x0000000082a00000, 0x0000000082b00000, 0x0000000082b00000|100%|HS|  |TAMS 0x0000000082b00000, 0x0000000082a00000| Complete 
|  43|0x0000000082b00000, 0x0000000082c00000, 0x0000000082c00000|100%|HC|  |TAMS 0x0000000082c00000, 0x0000000082b00000| Complete 
|  44|0x0000000082c00000, 0x0000000082d00000, 0x0000000082d00000|100%|HS|  |TAMS 0x0000000082d00000, 0x0000000082c00000| Complete 
|  45|0x0000000082d00000, 0x0000000082e00000, 0x0000000082e00000|100%|HS|  |TAMS 0x0000000082d00000, 0x0000000082d00000| Complete 
|  46|0x0000000082e00000, 0x0000000082f00000, 0x0000000082f00000|100%|HC|  |TAMS 0x0000000082e00000, 0x0000000082e00000| Complete 
|  47|0x0000000082f00000, 0x0000000083000000, 0x0000000083000000|100%|HC|  |TAMS 0x0000000082f00000, 0x0000000082f00000| Complete 
|  48|0x0000000083000000, 0x0000000083100000, 0x0000000083100000|100%|HC|  |TAMS 0x0000000083000000, 0x0000000083000000| Complete 
|  49|0x0000000083100000, 0x0000000083100000, 0x0000000083200000|  0%| F|  |TAMS 0x0000000083100000, 0x0000000083100000| Untracked 
|  50|0x0000000083200000, 0x0000000083200000, 0x0000000083300000|  0%| F|  |TAMS 0x0000000083200000, 0x0000000083200000| Untracked 
|  51|0x0000000083300000, 0x0000000083300000, 0x0000000083400000|  0%| F|  |TAMS 0x0000000083300000, 0x0000000083300000| Untracked 
|  52|0x0000000083400000, 0x0000000083400000, 0x0000000083500000|  0%| F|  |TAMS 0x0000000083400000, 0x0000000083400000| Untracked 
|  53|0x0000000083500000, 0x0000000083500000, 0x0000000083600000|  0%| F|  |TAMS 0x0000000083500000, 0x0000000083500000| Untracked 
|  54|0x0000000083600000, 0x0000000083600000, 0x0000000083700000|  0%| F|  |TAMS 0x0000000083600000, 0x0000000083600000| Untracked 
|  55|0x0000000083700000, 0x0000000083700000, 0x0000000083800000|  0%| F|  |TAMS 0x0000000083700000, 0x0000000083700000| Untracked 
|  56|0x0000000083800000, 0x0000000083800000, 0x0000000083900000|  0%| F|  |TAMS 0x0000000083800000, 0x0000000083800000| Untracked 
|  57|0x0000000083900000, 0x0000000083900000, 0x0000000083a00000|  0%| F|  |TAMS 0x0000000083900000, 0x0000000083900000| Untracked 
|  58|0x0000000083a00000, 0x0000000083a00000, 0x0000000083b00000|  0%| F|  |TAMS 0x0000000083a00000, 0x0000000083a00000| Untracked 
|  59|0x0000000083b00000, 0x0000000083b00000, 0x0000000083c00000|  0%| F|  |TAMS 0x0000000083b00000, 0x0000000083b00000| Untracked 
|  60|0x0000000083c00000, 0x0000000083c00000, 0x0000000083d00000|  0%| F|  |TAMS 0x0000000083c00000, 0x0000000083c00000| Untracked 
|  61|0x0000000083d00000, 0x0000000083d00000, 0x0000000083e00000|  0%| F|  |TAMS 0x0000000083d00000, 0x0000000083d00000| Untracked 
|  62|0x0000000083e00000, 0x0000000083e00000, 0x0000000083f00000|  0%| F|  |TAMS 0x0000000083e00000, 0x0000000083e00000| Untracked 
|  63|0x0000000083f00000, 0x0000000083f00000, 0x0000000084000000|  0%| F|  |TAMS 0x0000000083f00000, 0x0000000083f00000| Untracked 
|  64|0x0000000084000000, 0x0000000084000000, 0x0000000084100000|  0%| F|  |TAMS 0x0000000084000000, 0x0000000084000000| Untracked 
|  65|0x0000000084100000, 0x0000000084100000, 0x0000000084200000|  0%| F|  |TAMS 0x0000000084100000, 0x0000000084100000| Untracked 
|  66|0x0000000084200000, 0x0000000084200000, 0x0000000084300000|  0%| F|  |TAMS 0x0000000084200000, 0x0000000084200000| Untracked 
|  67|0x0000000084300000, 0x0000000084300000, 0x0000000084400000|  0%| F|  |TAMS 0x0000000084300000, 0x0000000084300000| Untracked 
|  68|0x0000000084400000, 0x0000000084400000, 0x0000000084500000|  0%| F|  |TAMS 0x0000000084400000, 0x0000000084400000| Untracked 
|  69|0x0000000084500000, 0x0000000084500000, 0x0000000084600000|  0%| F|  |TAMS 0x0000000084500000, 0x0000000084500000| Untracked 
|  70|0x0000000084600000, 0x0000000084600000, 0x0000000084700000|  0%| F|  |TAMS 0x0000000084600000, 0x0000000084600000| Untracked 
|  71|0x0000000084700000, 0x0000000084700000, 0x0000000084800000|  0%| F|  |TAMS 0x0000000084700000, 0x0000000084700000| Untracked 
|  72|0x0000000084800000, 0x0000000084800000, 0x0000000084900000|  0%| F|  |TAMS 0x0000000084800000, 0x0000000084800000| Untracked 
|  73|0x0000000084900000, 0x00000000849d1898, 0x0000000084a00000| 81%| S|CS|TAMS 0x0000000084900000, 0x0000000084900000| Complete 
|  74|0x0000000084a00000, 0x0000000084b00000, 0x0000000084b00000|100%| S|CS|TAMS 0x0000000084a00000, 0x0000000084a00000| Complete 
|  75|0x0000000084b00000, 0x0000000084b00000, 0x0000000084c00000|  0%| F|  |TAMS 0x0000000084b00000, 0x0000000084b00000| Untracked 
|  76|0x0000000084c00000, 0x0000000084c00000, 0x0000000084d00000|  0%| F|  |TAMS 0x0000000084c00000, 0x0000000084c00000| Untracked 
|  77|0x0000000084d00000, 0x0000000084d00000, 0x0000000084e00000|  0%| F|  |TAMS 0x0000000084d00000, 0x0000000084d00000| Untracked 
|  78|0x0000000084e00000, 0x0000000084f00000, 0x0000000084f00000|100%| S|CS|TAMS 0x0000000084e00000, 0x0000000084e00000| Complete 
|  79|0x0000000084f00000, 0x0000000085000000, 0x0000000085000000|100%| S|CS|TAMS 0x0000000084f00000, 0x0000000084f00000| Complete 
|  80|0x0000000085000000, 0x0000000085000000, 0x0000000085100000|  0%| F|  |TAMS 0x0000000085000000, 0x0000000085000000| Untracked 
|  81|0x0000000085100000, 0x0000000085100000, 0x0000000085200000|  0%| F|  |TAMS 0x0000000085100000, 0x0000000085100000| Untracked 
|  82|0x0000000085200000, 0x0000000085200000, 0x0000000085300000|  0%| F|  |TAMS 0x0000000085200000, 0x0000000085200000| Untracked 
| 125|0x0000000087d00000, 0x0000000087d80fe8, 0x0000000087e00000| 50%| E|  |TAMS 0x0000000087d00000, 0x0000000087d00000| Complete 

Card table byte_map: [0x000001f51a720000,0x000001f51ab20000] _byte_map_base: 0x000001f51a320000

Marking Bits (Prev, Next): (CMBitMap*) 0x000001f50762b3b0, (CMBitMap*) 0x000001f50762b3f0
 Prev Bits: [0x000001f51af20000, 0x000001f51cf20000)
 Next Bits: [0x000001f51cf20000, 0x000001f51ef20000)

Polling page: 0x000001f506d80000

Metaspace:

Usage:
  Non-class:     47.61 MB used.
      Class:      7.51 MB used.
       Both:     55.12 MB used.

Virtual space:
  Non-class space:       64.00 MB reserved,      47.88 MB ( 75%) committed,  1 nodes.
      Class space:        1.00 GB reserved,       7.75 MB ( <1%) committed,  1 nodes.
             Both:        1.06 GB reserved,      55.62 MB (  5%) committed. 

Chunk freelists:
   Non-Class:  15.28 MB
       Class:  8.14 MB
        Both:  23.42 MB

MaxMetaspaceSize: unlimited
CompressedClassSpaceSize: 1.00 GB
Initial GC threshold: 21.00 MB
Current GC threshold: 92.75 MB
CDS: off
MetaspaceReclaimPolicy: balanced
 - commit_granule_bytes: 65536.
 - commit_granule_words: 8192.
 - virtual_space_node_default_size: 8388608.
 - enlarge_chunks_in_place: 1.
 - new_chunks_are_fully_committed: 0.
 - uncommit_free_chunks: 1.
 - use_allocation_guard: 0.
 - handle_deallocations: 1.


Internal statistics:

num_allocs_failed_limit: 6.
num_arena_births: 632.
num_arena_deaths: 0.
num_vsnodes_births: 2.
num_vsnodes_deaths: 0.
num_space_committed: 890.
num_space_uncommitted: 0.
num_chunks_returned_to_freelist: 6.
num_chunks_taken_from_freelist: 2491.
num_chunk_merges: 6.
num_chunk_splits: 1642.
num_chunks_enlarged: 1120.
num_inconsistent_stats: 0.

CodeHeap 'non-profiled nmethods': size=119168Kb used=3266Kb max_used=3266Kb free=115902Kb
 bounds [0x000001f512640000, 0x000001f512980000, 0x000001f519aa0000]
CodeHeap 'profiled nmethods': size=119104Kb used=13462Kb max_used=13462Kb free=105641Kb
 bounds [0x000001f50aaa0000, 0x000001f50b7d0000, 0x000001f511ef0000]
CodeHeap 'non-nmethods': size=7488Kb used=2749Kb max_used=2868Kb free=4738Kb
 bounds [0x000001f511ef0000, 0x000001f5121d0000, 0x000001f512640000]
 total_blobs=7453 nmethods=6755 adapters=608
 compilation: enabled
              stopped_count=0, restarted_count=0
 full_count=0

Compilation events (20 events):
Event: 7.331 Thread 0x000001f52a4f1940 nmethod 6817% 0x000001f512965910 code [0x000001f512965ba0, 0x000001f512967fd0]
Event: 7.331 Thread 0x000001f52a4f1940 6823   !   4       java.util.zip.ZipFile$ZipFileInflaterInputStream::close (67 bytes)
Event: 7.332 Thread 0x000001f52214e830 nmethod 6824 0x000001f512969710 code [0x000001f5129698a0, 0x000001f512969988]
Event: 7.332 Thread 0x000001f52214e830 6830       4       com.google.common.collect.MapMakerInternalMap::rehash (49 bytes)
Event: 7.332 Thread 0x000001f52214e830 nmethod 6830 0x000001f512969a90 code [0x000001f512969c00, 0x000001f512969cb8]
Event: 7.336 Thread 0x000001f52214e830 6835       4       java.util.zip.ZipFile$Source::initCEN (591 bytes)
Event: 7.340 Thread 0x000001f52a4f1940 nmethod 6823 0x000001f512969d90 code [0x000001f512969fa0, 0x000001f51296ae00]
Event: 7.351 Thread 0x000001f52a4f1940 6836   !   4       sun.net.www.ParseUtil::decode (317 bytes)
Event: 7.362 Thread 0x000001f527d60100 6838       3       jdk.internal.loader.URLClassPath$JarLoader::getJarFile (102 bytes)
Event: 7.362 Thread 0x000001f521f58240 6839       3       jdk.internal.loader.URLClassPath$JarLoader::isOptimizable (10 bytes)
Event: 7.362 Thread 0x000001f5221526f0 6840       3       jdk.internal.loader.FileURLMapper::<init> (10 bytes)
Event: 7.363 Thread 0x000001f5221526f0 nmethod 6840 0x000001f50b7bfa10 code [0x000001f50b7bfba0, 0x000001f50b7bfd58]
Event: 7.363 Thread 0x000001f5221526f0 6841       3       jdk.internal.loader.FileURLMapper::exists (19 bytes)
Event: 7.363 Thread 0x000001f521f58240 nmethod 6839 0x000001f50b7bfe10 code [0x000001f50b7bffc0, 0x000001f50b7c0128]
Event: 7.363 Thread 0x000001f527d60100 nmethod 6838 0x000001f50b7c0210 code [0x000001f50b7c04e0, 0x000001f50b7c11c8]
Event: 7.363 Thread 0x000001f527d60100 6842   !   3       jdk.internal.loader.URLClassPath$JarLoader$1::run (175 bytes)
Event: 7.364 Thread 0x000001f5221526f0 nmethod 6841 0x000001f50b7c1690 code [0x000001f50b7c18a0, 0x000001f50b7c1ec8]
Event: 7.364 Thread 0x000001f527d60100 nmethod 6842 0x000001f50b7c2110 code [0x000001f50b7c2340, 0x000001f50b7c2a98]
Event: 7.386 Thread 0x000001f521f58240 6844   !   3       java.util.zip.ZipFile::getInputStream (275 bytes)
Event: 7.387 Thread 0x000001f521f58240 nmethod 6844 0x000001f50b7c2f10 code [0x000001f50b7c3200, 0x000001f50b7c4388]

GC Heap History (20 events):
Event: 3.232 GC heap before
{Heap before GC invocations=4 (full 0):
 garbage-first heap   total 71680K, used 52856K [0x0000000080000000, 0x0000000100000000)
  region size 1024K, 42 young (43008K), 9 survivors (9216K)
 Metaspace       used 26576K, committed 26816K, reserved 1114112K
  class space    used 3406K, committed 3520K, reserved 1048576K
}
Event: 3.241 GC heap after
{Heap after GC invocations=5 (full 0):
 garbage-first heap   total 71680K, used 20638K [0x0000000080000000, 0x0000000100000000)
  region size 1024K, 3 young (3072K), 3 survivors (3072K)
 Metaspace       used 26576K, committed 26816K, reserved 1114112K
  class space    used 3406K, committed 3520K, reserved 1048576K
}
Event: 3.762 GC heap before
{Heap before GC invocations=5 (full 0):
 garbage-first heap   total 71680K, used 49310K [0x0000000080000000, 0x0000000100000000)
  region size 1024K, 31 young (31744K), 3 survivors (3072K)
 Metaspace       used 30530K, committed 30848K, reserved 1114112K
  class space    used 4045K, committed 4160K, reserved 1048576K
}
Event: 3.765 GC heap after
{Heap after GC invocations=6 (full 0):
 garbage-first heap   total 71680K, used 22080K [0x0000000080000000, 0x0000000100000000)
  region size 1024K, 4 young (4096K), 4 survivors (4096K)
 Metaspace       used 30530K, committed 30848K, reserved 1114112K
  class space    used 4045K, committed 4160K, reserved 1048576K
}
Event: 4.163 GC heap before
{Heap before GC invocations=6 (full 0):
 garbage-first heap   total 71680K, used 51776K [0x0000000080000000, 0x0000000100000000)
  region size 1024K, 33 young (33792K), 4 survivors (4096K)
 Metaspace       used 34077K, committed 34368K, reserved 1114112K
  class space    used 4636K, committed 4736K, reserved 1048576K
}
Event: 4.167 GC heap after
{Heap after GC invocations=7 (full 0):
 garbage-first heap   total 71680K, used 23448K [0x0000000080000000, 0x0000000100000000)
  region size 1024K, 4 young (4096K), 4 survivors (4096K)
 Metaspace       used 34077K, committed 34368K, reserved 1114112K
  class space    used 4636K, committed 4736K, reserved 1048576K
}
Event: 4.293 GC heap before
{Heap before GC invocations=7 (full 0):
 garbage-first heap   total 71680K, used 30616K [0x0000000080000000, 0x0000000100000000)
  region size 1024K, 13 young (13312K), 4 survivors (4096K)
 Metaspace       used 35757K, committed 36096K, reserved 1114112K
  class space    used 4852K, committed 5056K, reserved 1048576K
}
Event: 4.298 GC heap after
{Heap after GC invocations=8 (full 0):
 garbage-first heap   total 86016K, used 23788K [0x0000000080000000, 0x0000000100000000)
  region size 1024K, 2 young (2048K), 2 survivors (2048K)
 Metaspace       used 35757K, committed 36096K, reserved 1114112K
  class space    used 4852K, committed 5056K, reserved 1048576K
}
Event: 4.809 GC heap before
{Heap before GC invocations=9 (full 0):
 garbage-first heap   total 86016K, used 64748K [0x0000000080000000, 0x0000000100000000)
  region size 1024K, 43 young (44032K), 2 survivors (2048K)
 Metaspace       used 41671K, committed 42112K, reserved 1114112K
  class space    used 5512K, committed 5696K, reserved 1048576K
}
Event: 4.813 GC heap after
{Heap after GC invocations=10 (full 0):
 garbage-first heap   total 86016K, used 28067K [0x0000000080000000, 0x0000000100000000)
  region size 1024K, 6 young (6144K), 6 survivors (6144K)
 Metaspace       used 41671K, committed 42112K, reserved 1114112K
  class space    used 5512K, committed 5696K, reserved 1048576K
}
Event: 5.271 GC heap before
{Heap before GC invocations=10 (full 0):
 garbage-first heap   total 86016K, used 66979K [0x0000000080000000, 0x0000000100000000)
  region size 1024K, 42 young (43008K), 6 survivors (6144K)
 Metaspace       used 45508K, committed 45888K, reserved 1114112K
  class space    used 6044K, committed 6208K, reserved 1048576K
}
Event: 5.276 GC heap after
{Heap after GC invocations=11 (full 0):
 garbage-first heap   total 86016K, used 29783K [0x0000000080000000, 0x0000000100000000)
  region size 1024K, 3 young (3072K), 3 survivors (3072K)
 Metaspace       used 45508K, committed 45888K, reserved 1114112K
  class space    used 6044K, committed 6208K, reserved 1048576K
}
Event: 5.822 GC heap before
{Heap before GC invocations=11 (full 0):
 garbage-first heap   total 86016K, used 65623K [0x0000000080000000, 0x0000000100000000)
  region size 1024K, 38 young (38912K), 3 survivors (3072K)
 Metaspace       used 50228K, committed 50688K, reserved 1114112K
  class space    used 6784K, committed 6976K, reserved 1048576K
}
Event: 5.825 GC heap after
{Heap after GC invocations=12 (full 0):
 garbage-first heap   total 86016K, used 31227K [0x0000000080000000, 0x0000000100000000)
  region size 1024K, 4 young (4096K), 4 survivors (4096K)
 Metaspace       used 50228K, committed 50688K, reserved 1114112K
  class space    used 6784K, committed 6976K, reserved 1048576K
}
Event: 6.476 GC heap before
{Heap before GC invocations=12 (full 0):
 garbage-first heap   total 86016K, used 67067K [0x0000000080000000, 0x0000000100000000)
  region size 1024K, 39 young (39936K), 4 survivors (4096K)
 Metaspace       used 54423K, committed 54848K, reserved 1114112K
  class space    used 7458K, committed 7616K, reserved 1048576K
}
Event: 6.482 GC heap after
{Heap after GC invocations=13 (full 0):
 garbage-first heap   total 86016K, used 33387K [0x0000000080000000, 0x0000000100000000)
  region size 1024K, 4 young (4096K), 4 survivors (4096K)
 Metaspace       used 54423K, committed 54848K, reserved 1114112K
  class space    used 7458K, committed 7616K, reserved 1048576K
}
Event: 7.181 GC heap before
{Heap before GC invocations=13 (full 0):
 garbage-first heap   total 86016K, used 67179K [0x0000000080000000, 0x0000000100000000)
  region size 1024K, 38 young (38912K), 4 survivors (4096K)
 Metaspace       used 56339K, committed 56832K, reserved 1114112K
  class space    used 7678K, committed 7936K, reserved 1048576K
}
Event: 7.186 GC heap after
{Heap after GC invocations=14 (full 0):
 garbage-first heap   total 86016K, used 37361K [0x0000000080000000, 0x0000000100000000)
  region size 1024K, 5 young (5120K), 5 survivors (5120K)
 Metaspace       used 56339K, committed 56832K, reserved 1114112K
  class space    used 7678K, committed 7936K, reserved 1048576K
}
Event: 7.302 GC heap before
{Heap before GC invocations=14 (full 0):
 garbage-first heap   total 86016K, used 45553K [0x0000000080000000, 0x0000000100000000)
  region size 1024K, 11 young (11264K), 5 survivors (5120K)
 Metaspace       used 56399K, committed 56896K, reserved 1114112K
  class space    used 7685K, committed 7936K, reserved 1048576K
}
Event: 7.306 GC heap after
{Heap after GC invocations=15 (full 0):
 garbage-first heap   total 86016K, used 43997K [0x0000000080000000, 0x0000000100000000)
  region size 1024K, 3 young (3072K), 3 survivors (3072K)
 Metaspace       used 56399K, committed 56896K, reserved 1114112K
  class space    used 7685K, committed 7936K, reserved 1048576K
}

Dll operation events (3 events):
Event: 0.011 Loaded shared library C:\Program Files\Android\Android Studio\jbr\bin\java.dll
Event: 0.142 Loaded shared library C:\Program Files\Android\Android Studio\jbr\bin\zip.dll
Event: 0.460 Loaded shared library C:\Program Files\Android\Android Studio\jbr\bin\verify.dll

Deoptimization events (20 events):
Event: 7.251 Thread 0x000001f528080450 Uncommon trap: trap_request=0xffffff45 fr.pc=0x000001f5128146c8 relative=0x00000000000029c8
Event: 7.251 Thread 0x000001f528080450 Uncommon trap: reason=unstable_if action=reinterpret pc=0x000001f5128146c8 method=java.util.zip.ZipFile.getInputStream(Ljava/util/zip/ZipEntry;)Ljava/io/InputStream; @ 101 c2
Event: 7.251 Thread 0x000001f528080450 DEOPT PACKING pc=0x000001f5128146c8 sp=0x000000cc5d7f8980
Event: 7.251 Thread 0x000001f528080450 DEOPT UNPACKING pc=0x000001f511f469a3 sp=0x000000cc5d7f8948 mode 2
Event: 7.310 Thread 0x000001f528080450 DEOPT PACKING pc=0x000001f50ab8763d sp=0x000000cc5d7f6a50
Event: 7.310 Thread 0x000001f528080450 DEOPT UNPACKING pc=0x000001f511f47143 sp=0x000000cc5d7f5ed8 mode 0
Event: 7.320 Thread 0x000001f528080450 Uncommon trap: trap_request=0xffffffc6 fr.pc=0x000001f5129049a4 relative=0x0000000000000064
Event: 7.320 Thread 0x000001f528080450 Uncommon trap: reason=bimorphic_or_optimized_type_check action=maybe_recompile pc=0x000001f5129049a4 method=com.google.common.collect.ImmutableList.copyOf(Ljava/util/Collection;)Lcom/google/common/collect/ImmutableList; @ 16 c2
Event: 7.320 Thread 0x000001f528080450 DEOPT PACKING pc=0x000001f5129049a4 sp=0x000000cc5d7f8ae0
Event: 7.320 Thread 0x000001f528080450 DEOPT UNPACKING pc=0x000001f511f469a3 sp=0x000000cc5d7f8a88 mode 2
Event: 7.321 Thread 0x000001f528080450 Uncommon trap: trap_request=0xffffffc6 fr.pc=0x000001f5129049a4 relative=0x0000000000000064
Event: 7.321 Thread 0x000001f528080450 Uncommon trap: reason=bimorphic_or_optimized_type_check action=maybe_recompile pc=0x000001f5129049a4 method=com.google.common.collect.ImmutableList.copyOf(Ljava/util/Collection;)Lcom/google/common/collect/ImmutableList; @ 16 c2
Event: 7.321 Thread 0x000001f528080450 DEOPT PACKING pc=0x000001f5129049a4 sp=0x000000cc5d7f8750
Event: 7.321 Thread 0x000001f528080450 DEOPT UNPACKING pc=0x000001f511f469a3 sp=0x000000cc5d7f86f8 mode 2
Event: 7.336 Thread 0x000001f528080450 DEOPT PACKING pc=0x000001f50ab8ecb2 sp=0x000000cc5d7f66f0
Event: 7.336 Thread 0x000001f528080450 DEOPT UNPACKING pc=0x000001f511f47143 sp=0x000000cc5d7f5c70 mode 0
Event: 7.351 Thread 0x000001f528080450 DEOPT PACKING pc=0x000001f50ab8a6fa sp=0x000000cc5d7f6a60
Event: 7.351 Thread 0x000001f528080450 DEOPT UNPACKING pc=0x000001f511f47143 sp=0x000000cc5d7f5fa8 mode 0
Event: 7.373 Thread 0x000001f528080450 DEOPT PACKING pc=0x000001f50ab8ecb2 sp=0x000000cc5d7f66c0
Event: 7.373 Thread 0x000001f528080450 DEOPT UNPACKING pc=0x000001f511f47143 sp=0x000000cc5d7f5c40 mode 0

Classes unloaded (0 events):
No events

Classes redefined (0 events):
No events

Internal exceptions (20 events):
Event: 6.393 Thread 0x000001f528080450 Exception <a 'java/lang/NoSuchMethodError'{0x0000000083489a10}: static Lorg/gradle/api/internal/catalog/PluginModel;.<clinit>()V> (0x0000000083489a10) 
thrown [s\src\hotspot\share\prims\jni.cpp, line 1108]
Event: 6.395 Thread 0x000001f528080450 Exception <a 'java/lang/NoSuchMethodError'{0x000000008349e9e0}: static Lorg/gradle/api/internal/catalog/VersionModel;.<clinit>()V> (0x000000008349e9e0) 
thrown [s\src\hotspot\share\prims\jni.cpp, line 1108]
Event: 6.402 Thread 0x000001f528080450 Exception <a 'java/lang/NoSuchMethodError'{0x00000000834c3308}: 'void java.lang.invoke.DirectMethodHandle$Holder.invokeSpecial(java.lang.Object, java.lang.Object, java.lang.Object, int)'> (0x00000000834c3308) 
thrown [s\src\hotspot\share\interpreter\linkResolver.cpp, line 771]
Event: 6.503 Thread 0x000001f528080450 Exception <a 'java/lang/NoSuchMethodError'{0x0000000087d9b1d0}: 'int java.lang.invoke.DirectMethodHandle$Holder.invokeSpecialIFC(java.lang.Object, java.lang.Object, java.lang.Object)'> (0x0000000087d9b1d0) 
thrown [s\src\hotspot\share\interpreter\linkResolver.cpp, line 771]
Event: 6.558 Thread 0x000001f528080450 Exception <a 'java/lang/NoSuchMethodError'{0x0000000084f50d38}: 'java.lang.Object java.lang.invoke.DirectMethodHandle$Holder.newInvokeSpecial(java.lang.Object, java.lang.Object, java.lang.Object, java.lang.Object, java.lang.Object, int)'> (0x0000000084f50d38) 
thrown [s\src\hotspot\share\interpreter\linkResolver.cpp, line 771]
Event: 6.558 Thread 0x000001f528080450 Exception <a 'java/lang/NoSuchMethodError'{0x0000000084f56190}: 'java.lang.Object java.lang.invoke.DirectMethodHandle$Holder.invokeSpecial(java.lang.Object, java.lang.Object, java.lang.Object, java.lang.Object, java.lang.Object, java.lang.Object, int)'> (0x0000000084f56190) 
thrown [s\src\hotspot\share\interpreter\linkResolver.cpp, line 771]
Event: 6.563 Thread 0x000001f528080450 Exception <a 'java/lang/NoSuchMethodError'{0x0000000084f8c4f8}: 'java.lang.Object java.lang.invoke.DirectMethodHandle$Holder.invokeSpecial(java.lang.Object, java.lang.Object, java.lang.Object, java.lang.Object, java.lang.Object, long)'> (0x0000000084f8c4f8) 
thrown [s\src\hotspot\share\interpreter\linkResolver.cpp, line 771]
Event: 6.564 Thread 0x000001f528080450 Exception <a 'java/lang/NoSuchMethodError'{0x0000000084fae8a8}: 'void java.lang.invoke.DirectMethodHandle$Holder.invokeStatic(java.lang.Object, java.lang.Object, java.lang.Object, int, java.lang.Object)'> (0x0000000084fae8a8) 
thrown [s\src\hotspot\share\interpreter\linkResolver.cpp, line 771]
Event: 7.167 Thread 0x000001f528080450 Exception <a 'java/lang/NoSuchMethodError'{0x00000000833f1ea8}: 'long java.lang.invoke.DirectMethodHandle$Holder.invokeVirtual(java.lang.Object, java.lang.Object)'> (0x00000000833f1ea8) 
thrown [s\src\hotspot\share\interpreter\linkResolver.cpp, line 771]
Event: 7.171 Thread 0x000001f5283db030 Exception <a 'java/lang/NoSuchMethodError'{0x0000000083287410}: static Lorg/gradle/internal/build/event/types/DefaultOperationFinishedProgressEvent;.<clinit>()V> (0x0000000083287410) 
thrown [s\src\hotspot\share\prims\jni.cpp, line 1108]
Event: 7.173 Thread 0x000001f5283db030 Exception <a 'java/lang/NoSuchMethodError'{0x00000000832ac030}: static Lorg/gradle/internal/build/event/types/DefaultProjectConfigurationSuccessResult;.<clinit>()V> (0x00000000832ac030) 
thrown [s\src\hotspot\share\prims\jni.cpp, line 1108]
Event: 7.174 Thread 0x000001f5283db030 Exception <a 'java/lang/NoSuchMethodError'{0x00000000832b0110}: static Lorg/gradle/internal/build/event/types/AbstractProjectConfigurationResult;.<clinit>()V> (0x00000000832b0110) 
thrown [s\src\hotspot\share\prims\jni.cpp, line 1108]
Event: 7.174 Thread 0x000001f5283db030 Exception <a 'java/lang/NoSuchMethodError'{0x00000000832b13c0}: static Lorg/gradle/internal/build/event/types/AbstractOperationResult;.<clinit>()V> (0x00000000832b13c0) 
thrown [s\src\hotspot\share\prims\jni.cpp, line 1108]
Event: 7.174 Thread 0x000001f5283db030 Exception <a 'java/lang/NoSuchMethodError'{0x00000000832b25e0}: static Lorg/gradle/internal/build/event/types/AbstractResult;.<clinit>()V> (0x00000000832b25e0) 
thrown [s\src\hotspot\share\prims\jni.cpp, line 1108]
Event: 7.176 Thread 0x000001f5283db030 Exception <a 'java/lang/NoSuchMethodError'{0x00000000832c79e0}: static Lorg/gradle/internal/build/event/types/DefaultPluginApplicationResult;.<clinit>()V> (0x00000000832c79e0) 
thrown [s\src\hotspot\share\prims\jni.cpp, line 1108]
Event: 7.177 Thread 0x000001f5283db030 Exception <a 'java/lang/NoSuchMethodError'{0x00000000832d2a20}: static Lorg/gradle/internal/build/event/types/DefaultBinaryPluginIdentifier;.<clinit>()V> (0x00000000832d2a20) 
thrown [s\src\hotspot\share\prims\jni.cpp, line 1108]
Event: 7.179 Thread 0x000001f5283db030 Exception <a 'java/lang/NoSuchMethodError'{0x00000000832e8ff0}: static Lorg/gradle/internal/build/event/types/DefaultScriptPluginIdentifier;.<clinit>()V> (0x00000000832e8ff0) 
thrown [s\src\hotspot\share\prims\jni.cpp, line 1108]
Event: 7.232 Thread 0x000001f528080450 Implicit null exception at 0x000001f5128f5912 to 0x000001f5128f6030
Event: 7.232 Thread 0x000001f528080450 Implicit null exception at 0x000001f5128f9994 to 0x000001f5128fa040
Event: 7.325 Thread 0x000001f528080450 Exception <a 'java/lang/NoSuchMethodError'{0x0000000087daf0d8}: 'void java.lang.invoke.Invokers$Holder.invoke_MT(java.lang.Object, java.lang.Object, java.lang.Object, java.lang.Object)'> (0x0000000087daf0d8) 
thrown [s\src\hotspot\share\interpreter\linkResolver.cpp, line 771]

VM Operations (20 events):
Event: 6.379 Executing VM operation: HandshakeAllThreads
Event: 6.379 Executing VM operation: HandshakeAllThreads done
Event: 6.476 Executing VM operation: G1CollectForAllocation
Event: 6.482 Executing VM operation: G1CollectForAllocation done
Event: 6.864 Executing VM operation: ICBufferFull
Event: 6.864 Executing VM operation: ICBufferFull done
Event: 6.867 Executing VM operation: HandshakeAllThreads
Event: 6.867 Executing VM operation: HandshakeAllThreads done
Event: 6.946 Executing VM operation: ICBufferFull
Event: 6.946 Executing VM operation: ICBufferFull done
Event: 7.153 Executing VM operation: ICBufferFull
Event: 7.153 Executing VM operation: ICBufferFull done
Event: 7.181 Executing VM operation: G1CollectForAllocation
Event: 7.186 Executing VM operation: G1CollectForAllocation done
Event: 7.302 Executing VM operation: G1TryInitiateConcMark
Event: 7.306 Executing VM operation: G1TryInitiateConcMark done
Event: 7.327 Executing VM operation: G1PauseRemark
Event: 7.329 Executing VM operation: G1PauseRemark done
Event: 7.338 Executing VM operation: G1PauseCleanup
Event: 7.338 Executing VM operation: G1PauseCleanup done

Events (20 events):
Event: 6.945 Thread 0x000001f529e60790 Thread added: 0x000001f529e60790
Event: 6.945 Thread 0x000001f5273f3670 Thread added: 0x000001f5273f3670
Event: 6.945 Thread 0x000001f5273f4090 Thread added: 0x000001f5273f4090
Event: 6.945 Thread 0x000001f5273f1300 Thread added: 0x000001f5273f1300
Event: 6.945 Thread 0x000001f5273f4fc0 Thread added: 0x000001f5273f4fc0
Event: 6.946 Thread 0x000001f5273ef9b0 Thread added: 0x000001f5273ef9b0
Event: 7.114 Thread 0x000001f5273f54d0 Thread added: 0x000001f5273f54d0
Event: 7.114 Thread 0x000001f5273f1810 Thread added: 0x000001f5273f1810
Event: 7.115 Thread 0x000001f5273f1d20 Thread added: 0x000001f5273f1d20
Event: 7.115 Thread 0x000001f5273f2740 Thread added: 0x000001f5273f2740
Event: 7.115 Thread 0x000001f5273f08e0 Thread added: 0x000001f5273f08e0
Event: 7.115 Thread 0x000001f5273f2c50 Thread added: 0x000001f5273f2c50
Event: 7.115 Thread 0x000001f5273f2230 Thread added: 0x000001f5273f2230
Event: 7.115 Thread 0x000001f5273f45a0 Thread added: 0x000001f5273f45a0
Event: 7.115 Thread 0x000001f5273f59e0 Thread added: 0x000001f5273f59e0
Event: 7.115 Thread 0x000001f5273f3b80 Thread added: 0x000001f5273f3b80
Event: 7.168 loading class java/util/stream/SortedOps$RefSortingSink
Event: 7.169 loading class java/util/stream/SortedOps$RefSortingSink done
Event: 7.178 loading class java/time/Ser
Event: 7.178 loading class java/time/Ser done


Dynamic libraries:
0x00007ff6ca230000 - 0x00007ff6ca23a000 	C:\Program Files\Android\Android Studio\jbr\bin\java.exe
0x00007ff9ba110000 - 0x00007ff9ba327000 	C:\WINDOWS\SYSTEM32\ntdll.dll
0x00007ff9b93e0000 - 0x00007ff9b94a4000 	C:\WINDOWS\System32\KERNEL32.DLL
0x00007ff9b7650000 - 0x00007ff9b79fc000 	C:\WINDOWS\System32\KERNELBASE.dll
0x00007ff9b7a30000 - 0x00007ff9b7b41000 	C:\WINDOWS\System32\ucrtbase.dll
0x00007ff9a1a70000 - 0x00007ff9a1a87000 	C:\Program Files\Android\Android Studio\jbr\bin\jli.dll
0x00007ff99a360000 - 0x00007ff99a37b000 	C:\Program Files\Android\Android Studio\jbr\bin\VCRUNTIME140.dll
0x00007ff9b85f0000 - 0x00007ff9b879e000 	C:\WINDOWS\System32\USER32.dll
0x00007ff9b7a00000 - 0x00007ff9b7a26000 	C:\WINDOWS\System32\win32u.dll
0x00007ff9a73b0000 - 0x00007ff9a7643000 	C:\WINDOWS\WinSxS\amd64_microsoft.windows.common-controls_6595b64144ccf1df_6.0.22621.3672_none_2713b9d173822955\COMCTL32.dll
0x00007ff9b9510000 - 0x00007ff9b9539000 	C:\WINDOWS\System32\GDI32.dll
0x00007ff9b9e30000 - 0x00007ff9b9ed7000 	C:\WINDOWS\System32\msvcrt.dll
0x00007ff9b7d30000 - 0x00007ff9b7e49000 	C:\WINDOWS\System32\gdi32full.dll
0x00007ff9b7bd0000 - 0x00007ff9b7c6a000 	C:\WINDOWS\System32\msvcp_win.dll
0x00007ff9b9810000 - 0x00007ff9b9841000 	C:\WINDOWS\System32\IMM32.DLL
0x00007ff99ffb0000 - 0x00007ff99ffbc000 	C:\Program Files\Android\Android Studio\jbr\bin\vcruntime140_1.dll
0x00007ff9480e0000 - 0x00007ff94816d000 	C:\Program Files\Android\Android Studio\jbr\bin\msvcp140.dll
0x00007ff93ef10000 - 0x00007ff93fb93000 	C:\Program Files\Android\Android Studio\jbr\bin\server\jvm.dll
0x00007ff9b9ef0000 - 0x00007ff9b9fa2000 	C:\WINDOWS\System32\ADVAPI32.dll
0x00007ff9b9020000 - 0x00007ff9b90ca000 	C:\WINDOWS\System32\sechost.dll
0x00007ff9b7440000 - 0x00007ff9b7468000 	C:\WINDOWS\System32\bcrypt.dll
0x00007ff9b9fb0000 - 0x00007ff9ba0c5000 	C:\WINDOWS\System32\RPCRT4.dll
0x00007ff99e3b0000 - 0x00007ff99e3b9000 	C:\WINDOWS\SYSTEM32\WSOCK32.dll
0x00007ff9b6290000 - 0x00007ff9b62dd000 	C:\WINDOWS\SYSTEM32\POWRPROF.dll
0x00007ff9af650000 - 0x00007ff9af684000 	C:\WINDOWS\SYSTEM32\WINMM.dll
0x00007ff9b95b0000 - 0x00007ff9b9621000 	C:\WINDOWS\System32\WS2_32.dll
0x00007ff9af9a0000 - 0x00007ff9af9aa000 	C:\WINDOWS\SYSTEM32\VERSION.dll
0x00007ff9b6270000 - 0x00007ff9b6283000 	C:\WINDOWS\SYSTEM32\UMPDC.dll
0x00007ff9b6520000 - 0x00007ff9b6538000 	C:\WINDOWS\SYSTEM32\kernel.appcore.dll
0x00007ff9b08e0000 - 0x00007ff9b08ea000 	C:\Program Files\Android\Android Studio\jbr\bin\jimage.dll
0x00007ff9b4d30000 - 0x00007ff9b4f62000 	C:\WINDOWS\SYSTEM32\DBGHELP.DLL
0x00007ff9b8260000 - 0x00007ff9b85e8000 	C:\WINDOWS\System32\combase.dll
0x00007ff9b9730000 - 0x00007ff9b9807000 	C:\WINDOWS\System32\OLEAUT32.dll
0x00007ff99c090000 - 0x00007ff99c0c2000 	C:\WINDOWS\SYSTEM32\dbgcore.DLL
0x00007ff9b7b50000 - 0x00007ff9b7bcb000 	C:\WINDOWS\System32\bcryptPrimitives.dll
0x00007ff9a4350000 - 0x00007ff9a435e000 	C:\Program Files\Android\Android Studio\jbr\bin\instrument.dll
0x00007ff9a4540000 - 0x00007ff9a4565000 	C:\Program Files\Android\Android Studio\jbr\bin\java.dll
0x00007ff9a53b0000 - 0x00007ff9a53c8000 	C:\Program Files\Android\Android Studio\jbr\bin\zip.dll
0x00007ff9b87c0000 - 0x00007ff9b901c000 	C:\WINDOWS\System32\SHELL32.dll
0x00007ff9b5350000 - 0x00007ff9b5c47000 	C:\WINDOWS\SYSTEM32\windows.storage.dll
0x00007ff9b5210000 - 0x00007ff9b534f000 	C:\WINDOWS\SYSTEM32\wintypes.dll
0x00007ff9b9d30000 - 0x00007ff9b9e24000 	C:\WINDOWS\System32\SHCORE.dll
0x00007ff9b7e60000 - 0x00007ff9b7ebe000 	C:\WINDOWS\System32\shlwapi.dll
0x00007ff9b7370000 - 0x00007ff9b7391000 	C:\WINDOWS\SYSTEM32\profapi.dll
0x00007ff9a4360000 - 0x00007ff9a4379000 	C:\Program Files\Android\Android Studio\jbr\bin\net.dll
0x00007ff9aff30000 - 0x00007ff9b0066000 	C:\WINDOWS\SYSTEM32\WINHTTP.dll
0x00007ff9b6990000 - 0x00007ff9b69f9000 	C:\WINDOWS\system32\mswsock.dll
0x00007ff9a2ff0000 - 0x00007ff9a3006000 	C:\Program Files\Android\Android Studio\jbr\bin\nio.dll
0x00007ff9a5840000 - 0x00007ff9a5850000 	C:\Program Files\Android\Android Studio\jbr\bin\verify.dll
0x00007ff975fa0000 - 0x00007ff975fc7000 	C:\Users\Bharath Sai\.gradle\native\c067742578af261105cb4f569cf0c3c89f3d7b1fecec35dd04571415982c5e48\windows-amd64\native-platform.dll
0x00007ff942a40000 - 0x00007ff942b84000 	C:\Users\Bharath Sai\.gradle\native\38dada09dfb8b06ba9b0570ebf7e218e3eb74d4ef43ca46872605cf95ebc2f47\windows-amd64\native-platform-file-events.dll
0x00007ff9a6600000 - 0x00007ff9a6609000 	C:\Program Files\Android\Android Studio\jbr\bin\management.dll
0x00007ff9a6570000 - 0x00007ff9a657b000 	C:\Program Files\Android\Android Studio\jbr\bin\management_ext.dll
0x00007ff9b7e50000 - 0x00007ff9b7e58000 	C:\WINDOWS\System32\PSAPI.DLL
0x00007ff9b6bb0000 - 0x00007ff9b6bcb000 	C:\WINDOWS\SYSTEM32\CRYPTSP.dll
0x00007ff9b6480000 - 0x00007ff9b64b5000 	C:\WINDOWS\system32\rsaenh.dll
0x00007ff9b6a50000 - 0x00007ff9b6a78000 	C:\WINDOWS\SYSTEM32\USERENV.dll
0x00007ff9b6bd0000 - 0x00007ff9b6bdc000 	C:\WINDOWS\SYSTEM32\CRYPTBASE.dll
0x00007ff9b5f20000 - 0x00007ff9b5f4d000 	C:\WINDOWS\SYSTEM32\IPHLPAPI.DLL
0x00007ff9b9540000 - 0x00007ff9b9549000 	C:\WINDOWS\System32\NSI.dll
0x00007ff9b0560000 - 0x00007ff9b0579000 	C:\WINDOWS\SYSTEM32\dhcpcsvc6.DLL
0x00007ff9afe60000 - 0x00007ff9afe7f000 	C:\WINDOWS\SYSTEM32\dhcpcsvc.DLL
0x00007ff9b5f90000 - 0x00007ff9b6088000 	C:\WINDOWS\SYSTEM32\DNSAPI.dll
0x00007ff9a4fa0000 - 0x00007ff9a4fa8000 	C:\WINDOWS\system32\wshunix.dll

dbghelp: loaded successfully - version: 4.0.5 - missing functions: none
symbol engine: initialized successfully - sym options: 0x614 - pdb path: .;C:\Program Files\Android\Android Studio\jbr\bin;C:\WINDOWS\SYSTEM32;C:\WINDOWS\WinSxS\amd64_microsoft.windows.common-controls_6595b64144ccf1df_6.0.22621.3672_none_2713b9d173822955;C:\Program Files\Android\Android Studio\jbr\bin\server;C:\Users\Bharath Sai\.gradle\native\c067742578af261105cb4f569cf0c3c89f3d7b1fecec35dd04571415982c5e48\windows-amd64;C:\Users\Bharath Sai\.gradle\native\38dada09dfb8b06ba9b0570ebf7e218e3eb74d4ef43ca46872605cf95ebc2f47\windows-amd64

VM Arguments:
jvm_args: --add-opens=java.base/java.util=ALL-UNNAMED --add-opens=java.base/java.lang=ALL-UNNAMED --add-opens=java.base/java.lang.invoke=ALL-UNNAMED --add-opens=java.prefs/java.util.prefs=ALL-UNNAMED --add-opens=java.base/java.nio.charset=ALL-UNNAMED --add-opens=java.base/java.net=ALL-UNNAMED --add-opens=java.base/java.util.concurrent.atomic=ALL-UNNAMED -Xmx2048m -Dfile.encoding=UTF-8 -Duser.country=IN -Duser.language=en -Duser.variant -javaagent:C:\Users\Bharath Sai\.gradle\wrapper\dists\gradle-8.4-bin\1w5dpkrfk8irigvoxmyhowfim\gradle-8.4\lib\agents\gradle-instrumentation-agent-8.4.jar 
java_command: org.gradle.launcher.daemon.bootstrap.GradleDaemon 8.4
java_class_path (initial): C:\Users\Bharath Sai\.gradle\wrapper\dists\gradle-8.4-bin\1w5dpkrfk8irigvoxmyhowfim\gradle-8.4\lib\gradle-launcher-8.4.jar
Launcher Type: SUN_STANDARD

[Global flags]
     intx CICompilerCount                          = 12                                        {product} {ergonomic}
     uint ConcGCThreads                            = 3                                         {product} {ergonomic}
     uint G1ConcRefinementThreads                  = 13                                        {product} {ergonomic}
   size_t G1HeapRegionSize                         = 1048576                                   {product} {ergonomic}
    uintx GCDrainStackTargetSize                   = 64                                        {product} {ergonomic}
   size_t InitialHeapSize                          = 132120576                                 {product} {ergonomic}
   size_t MarkStackSize                            = 4194304                                   {product} {ergonomic}
   size_t MaxHeapSize                              = 2147483648                                {product} {command line}
   size_t MaxNewSize                               = 1287651328                                {product} {ergonomic}
   size_t MinHeapDeltaBytes                        = 1048576                                   {product} {ergonomic}
   size_t MinHeapSize                              = 8388608                                   {product} {ergonomic}
    uintx NonNMethodCodeHeapSize                   = 7602480                                {pd product} {ergonomic}
    uintx NonProfiledCodeHeapSize                  = 122027880                              {pd product} {ergonomic}
    uintx ProfiledCodeHeapSize                     = 122027880                              {pd product} {ergonomic}
    uintx ReservedCodeCacheSize                    = 251658240                              {pd product} {ergonomic}
     bool SegmentedCodeCache                       = true                                      {product} {ergonomic}
   size_t SoftMaxHeapSize                          = 2147483648                             {manageable} {ergonomic}
     bool UseCompressedClassPointers               = true                           {product lp64_product} {ergonomic}
     bool UseCompressedOops                        = true                           {product lp64_product} {ergonomic}
     bool UseG1GC                                  = true                                      {product} {ergonomic}
     bool UseLargePagesIndividualAllocation        = false                                  {pd product} {ergonomic}

Logging:
Log output configuration:
 #0: stdout all=warning uptime,level,tags
 #1: stderr all=off uptime,level,tags

Environment Variables:
JAVA_HOME=C:\Users\Bharath Sai\AppData\Local\Programs\Eclipse Adoptium\jdk-17.0.6.10-hotspot\
PATH=C:\Python312\Scripts\;C:\Python312\;C:\Program Files\Common Files\Oracle\Java\javapath;C:\Program Files (x86)\Common Files\Oracle\Java\javapath;C:\Python310\Scripts\;C:\Python310\;C:\Windows\system32;C:\Windows;C:\Program Files\Java\jdk-19\bin;C:\Windows\System32\Wbem;C:\Windows\System32\WindowsPowerShell\v1.0\;C:\Windows\System32\OpenSSH\;C:\Program Files (x86)\NVIDIA Corporation\PhysX\Common;C:\Program Files\NVIDIA Corporation\NVIDIA NvDLISR;C:\WINDOWS\system32;C:\WINDOWS;C:\WINDOWS\System32\Wbem;C:\WINDOWS\System32\WindowsPowerShell\v1.0\;C:\WINDOWS\System32\OpenSSH\;C:\Program Files\Git\cmd;C:\ProgramData\chocolatey\bin;C:\Program Files\Cloudflare\Cloudflare WARP\;C:\Program Files\nodejs\;C:\Program Files\dotnet\;C:\Program Files\PowerShell\7\;C:\Program Files\MySQL\MySQL Server 8.0\bin;;C:\Program Files\Docker\Docker\resources\bin;C:\Program Files\MySQL\MySQL Shell 8.0\bin\;C:\Users\Bharath Sai\AppData\Local\Programs\Eclipse Adoptium\jdk-17.0.6.10-hotspot\bin;C:\Users\Bharath Sai\anaconda3;C:\Users\Bharath Sai\anaconda3\Library\mingw-w64\bin;C:\Users\Bharath Sai\anaconda3\Library\usr\bin;C:\Users\Bharath Sai\anaconda3\Library\bin;C:\Users\Bharath Sai\anaconda3\Scripts;C:\Users\Bharath Sai\AppData\Local\Microsoft\WindowsApps;C:\MinGW\bin;C:\Users\Bharath Sai\AppData\Local\Programs\Microsoft VS Code\bin;C:\Users\Bharath Sai\AppData\Roaming\npm;C:\Users\Bharath Sai\AppData\Local\GitHubDesktop\bin
USERNAME=Bharath Sai
OS=Windows_NT
PROCESSOR_IDENTIFIER=Intel64 Family 6 Model 165 Stepping 2, GenuineIntel
TMP=C:\Users\BHARAT~1\AppData\Local\Temp
TEMP=C:\Users\BHARAT~1\AppData\Local\Temp



Periodic native trim disabled

JNI global refs:
JNI global refs: 34, weak refs: 0

JNI global refs memory usage: 843, weak refs: 841

OOME stack traces (most recent first):
Classloader memory used:
Loader org.gradle.internal.classloader.VisitableURLClassLoader                         : 3416K
Loader bootstrap                                                                       : 2452K
Loader org.gradle.initialization.MixInLegacyTypesClassLoader                           : 1048K
Loader jdk.internal.loader.ClassLoaders$PlatformClassLoader                            : 68647B
Loader jdk.internal.loader.ClassLoaders$AppClassLoader                                 : 28453B
Loader jdk.internal.reflect.DelegatingClassLoader                                      : 20881B
Loader org.gradle.internal.classloader.VisitableURLClassLoader                         : 13432B
Loader org.gradle.internal.classloader.VisitableURLClassLoader$InstrumentingVisitableURLClassLoader: 9849B

Classes loaded by more than one classloader:
Class Program                                                                         : loaded 4 times (x 72B)
Class org.gradle.internal.classpath.ClassPath                                         : loaded 2 times (x 68B)
Class org.gradle.api.internal.classpath.DefaultModuleRegistry                         : loaded 2 times (x 84B)
Class Settings_gradle$1$1                                                             : loaded 2 times (x 72B)
Class org.gradle.api.Action                                                           : loaded 2 times (x 68B)
Class org.gradle.api.internal.DefaultClassPathProvider                                : loaded 2 times (x 74B)
Class org.gradle.internal.installation.GradleInstallation$1                           : loaded 2 times (x 73B)
Class org.gradle.internal.classloader.FilteringClassLoader                            : loaded 2 times (x 103B)
Class org.gradle.internal.classpath.DefaultClassPath$ImmutableUniqueList$Builder      : loaded 2 times (x 73B)
Class org.gradle.internal.classloader.ClassLoaderVisitor                              : loaded 2 times (x 74B)
Class org.gradle.internal.service.DefaultServiceLocator                               : loaded 2 times (x 81B)
Class org.gradle.internal.service.UnknownServiceException                             : loaded 2 times (x 81B)
Class org.gradle.internal.classloader.DefaultClassLoaderFactory                       : loaded 2 times (x 80B)
Class org.gradle.internal.classloader.VisitableURLClassLoader$Spec                    : loaded 2 times (x 72B)
Class org.gradle.api.GradleException                                                  : loaded 2 times (x 80B)
Class org.gradle.api.internal.classpath.ModuleRegistry                                : loaded 2 times (x 68B)
Class org.gradle.api.internal.ClassPathProvider                                       : loaded 2 times (x 68B)
Class org.gradle.internal.classloader.ClasspathUtil$1                                 : loaded 2 times (x 74B)
Class org.gradle.internal.classloader.ClassLoaderFactory                              : loaded 2 times (x 68B)
Class org.gradle.api.internal.classpath.ManifestUtil                                  : loaded 2 times (x 69B)
Class org.gradle.api.specs.Spec                                                       : loaded 2 times (x 68B)
Class org.gradle.internal.IoActions                                                   : loaded 2 times (x 69B)
Class org.gradle.api.internal.classpath.EffectiveClassPath                            : loaded 2 times (x 88B)
Class org.gradle.internal.installation.CurrentGradleInstallation                      : loaded 2 times (x 71B)
Class org.gradle.internal.agents.InstrumentingClassLoader                             : loaded 2 times (x 68B)
Class org.gradle.internal.installation.CurrentGradleInstallationLocator               : loaded 2 times (x 69B)
Class org.gradle.api.internal.classpath.Module                                        : loaded 2 times (x 68B)
Class org.gradle.internal.service.CachingServiceLocator                               : loaded 2 times (x 80B)
Class org.gradle.internal.classpath.DefaultClassPath                                  : loaded 2 times (x 88B)
Class Build_gradle$1                                                                  : loaded 2 times (x 76B)
Class org.gradle.internal.classloader.SystemClassLoaderSpec                           : loaded 2 times (x 69B)
Class org.gradle.api.UncheckedIOException                                             : loaded 2 times (x 80B)
Class org.gradle.internal.installation.GradleInstallation                             : loaded 2 times (x 73B)
Class org.gradle.internal.classloader.ClasspathUtil                                   : loaded 2 times (x 69B)
Class org.gradle.api.internal.DefaultClassPathRegistry                                : loaded 2 times (x 74B)
Class org.gradle.api.internal.classpath.DefaultModuleRegistry$DefaultModule           : loaded 2 times (x 84B)
Class org.gradle.kotlin.dsl.VersionCatalogAccessorsKt                                 : loaded 2 times (x 69B)
Class org.gradle.api.internal.classpath.UnknownModuleException                        : loaded 2 times (x 80B)
Class org.gradle.internal.service.ServiceLookupException                              : loaded 2 times (x 80B)
Class org.gradle.cache.GlobalCache                                                    : loaded 2 times (x 68B)
Class [Lorg.gradle.api.internal.ClassPathProvider;                                    : loaded 2 times (x 67B)
Class org.gradle.util.internal.GUtil                                                  : loaded 2 times (x 69B)
Class org.gradle.internal.classloader.ClassLoaderSpec                                 : loaded 2 times (x 69B)
Class org.gradle.internal.classloader.VisitableURLClassLoader                         : loaded 2 times (x 115B)
Class org.gradle.internal.Cast                                                        : loaded 2 times (x 69B)
Class Build_gradle                                                                    : loaded 2 times (x 70B)
Class org.gradle.api.internal.ClassPathRegistry                                       : loaded 2 times (x 68B)
Class org.gradle.internal.classloader.VisitableURLClassLoader$InstrumentingVisitableURLClassLoader: loaded 2 times (x 121B)
Class org.gradle.internal.classloader.ClassLoaderHierarchy                            : loaded 2 times (x 68B)
Class org.gradle.internal.InternalTransformer                                         : loaded 2 times (x 68B)
Class org.gradle.internal.service.ServiceLocator                                      : loaded 2 times (x 68B)
Class Settings_gradle$1                                                               : loaded 2 times (x 72B)
Class org.gradle.internal.classpath.DefaultClassPath$ImmutableUniqueList              : loaded 2 times (x 159B)
Class org.gradle.internal.classpath.TransformedClassPath                              : loaded 2 times (x 94B)
Class Settings_gradle                                                                 : loaded 2 times (x 126B)


---------------  S Y S T E M  ---------------

OS:
 Windows 11 , 64 bit Build 22621 (10.0.22621.3672)
OS uptime: 3 days 0:05 hours
Hyper-V role detected

CPU: total 16 (initial active 16) (8 cores per cpu, 2 threads per core) family 6 model 165 stepping 2 microcode 0xe0, cx8, cmov, fxsr, ht, mmx, 3dnowpref, sse, sse2, sse3, ssse3, sse4.1, sse4.2, popcnt, lzcnt, tsc, tscinvbit, avx, avx2, aes, erms, clmul, bmi1, bmi2, adx, fma, vzeroupper, clflush, clflushopt, hv
Processor Information for all 16 processors :
  Max Mhz: 2208, Current Mhz: 2208, Mhz Limit: 2208

Memory: 4k page, system-wide physical 8027M (415M free)
TotalPageFile size 32603M (AvailPageFile size 2M)
current process WorkingSet (physical memory assigned to process): 272M, peak: 274M
current process commit charge ("private bytes"): 316M, peak: 323M

vm_info: OpenJDK 64-Bit Server VM (17.0.9+0--11185874) for windows-amd64 JRE (17.0.9+0--11185874), built on Dec  6 2023 18:57:44 by "androidbuild" with MS VC++ 16.10 / 16.11 (VS2019)

END.
